2025-11-11 12:53:54,273 - __main__ - INFO - Gemini client initialized
2025-11-11 12:56:15,293 - __main__ - INFO - Gemini client initialized
2025-11-11 12:56:28,035 - __main__ - INFO - Gemini client initialized
2025-11-11 12:56:28,042 - __main__ - INFO - Loading model: all-MiniLM-L6-v2
2025-11-11 12:56:28,158 - sentence_transformers.SentenceTransformer - INFO - Use pytorch device_name: cpu
2025-11-11 12:56:28,158 - sentence_transformers.SentenceTransformer - INFO - Load pretrained SentenceTransformer: all-MiniLM-L6-v2
2025-11-11 12:56:33,910 - __main__ - INFO - Model loaded successfully
2025-11-11 12:56:36,196 - __main__ - INFO - Gemini client initialized
2025-11-11 12:56:42,776 - __main__ - INFO - Gemini client initialized
2025-11-11 12:56:47,610 - __main__ - INFO - Gemini client initialized
2025-11-11 12:56:47,660 - __main__ - INFO - Starting bulk analysis of 34 pairs
2025-11-11 12:56:47,660 - __main__ - INFO - Extracting text from 35 unique URLs...
2025-11-11 12:56:49,645 - __main__ - WARNING - Basic failed for https://droitthemes.com/how-businesses-can-leverage-modern-domain-name-trends/, trying Playwright...
2025-11-11 12:56:49,645 - __main__ - WARNING - Basic failed for https://kreafolk.com/blogs/news/how-digital-communities-inspire-creative-problem-solving, trying Playwright...
2025-11-11 12:56:49,663 - __main__ - ERROR - Playwright error for https://kreafolk.com/blogs/news/how-digital-communities-inspire-creative-problem-solving: 
2025-11-11 12:56:49,663 - __main__ - ERROR - Playwright error for https://droitthemes.com/how-businesses-can-leverage-modern-domain-name-trends/: 
2025-11-11 12:56:49,663 - __main__ - WARNING - Playwright failed for https://kreafolk.com/blogs/news/how-digital-communities-inspire-creative-problem-solving, trying Selenium...
2025-11-11 12:56:49,664 - __main__ - WARNING - Playwright failed for https://droitthemes.com/how-businesses-can-leverage-modern-domain-name-trends/, trying Selenium...
2025-11-11 12:56:49,664 - WDM - INFO - ====== WebDriver manager ======
2025-11-11 12:56:49,664 - WDM - INFO - ====== WebDriver manager ======
2025-11-11 12:56:50,247 - asyncio - ERROR - Future exception was never retrieved
future: <Future finished exception=NotImplementedError()>
Traceback (most recent call last):
  File "D:\Link Farm\Link.py", line 405, in extract_text_playwright
    with sync_playwright() as p:
  File "D:\Link Farm\Link\Lib\site-packages\playwright\sync_api\_context_manager.py", line 77, in __enter__
    dispatcher_fiber.switch()
  File "D:\Link Farm\Link\Lib\site-packages\playwright\sync_api\_context_manager.py", line 56, in greenlet_main
    self._loop.run_until_complete(self._connection.run_as_sync())
  File "E:\python\Lib\asyncio\base_events.py", line 653, in run_until_complete
    return future.result()
           ^^^^^^^^^^^^^^^
  File "D:\Link Farm\Link\Lib\site-packages\playwright\_impl\_connection.py", line 301, in run_as_sync
    await self.run()
  File "D:\Link Farm\Link\Lib\site-packages\playwright\_impl\_connection.py", line 310, in run
    await self._transport.connect()
  File "D:\Link Farm\Link\Lib\site-packages\playwright\_impl\_transport.py", line 133, in connect
    raise exc
  File "D:\Link Farm\Link\Lib\site-packages\playwright\_impl\_transport.py", line 120, in connect
    self._proc = await asyncio.create_subprocess_exec(
                 ^^^^^^^^^^^^^^^^^^^^^^^^^^^^^^^^^^^^^
  File "E:\python\Lib\asyncio\subprocess.py", line 221, in create_subprocess_exec
    transport, protocol = await loop.subprocess_exec(
                          ^^^^^^^^^^^^^^^^^^^^^^^^^^^
  File "E:\python\Lib\asyncio\base_events.py", line 1694, in subprocess_exec
    transport = await self._make_subprocess_transport(
                ^^^^^^^^^^^^^^^^^^^^^^^^^^^^^^^^^^^^^^
  File "E:\python\Lib\asyncio\base_events.py", line 502, in _make_subprocess_transport
    raise NotImplementedError
NotImplementedError
2025-11-11 12:56:50,259 - __main__ - WARNING - Basic failed for https://globalgurus.org/5-strategies-for-acquiring-valuable-deleted-domains-in-todays-market/, trying Playwright...
2025-11-11 12:56:50,380 - asyncio - ERROR - Future exception was never retrieved
future: <Future finished exception=NotImplementedError()>
Traceback (most recent call last):
  File "D:\Link Farm\Link.py", line 405, in extract_text_playwright
    with sync_playwright() as p:
  File "D:\Link Farm\Link\Lib\site-packages\playwright\sync_api\_context_manager.py", line 77, in __enter__
    dispatcher_fiber.switch()
  File "D:\Link Farm\Link\Lib\site-packages\playwright\sync_api\_context_manager.py", line 56, in greenlet_main
    self._loop.run_until_complete(self._connection.run_as_sync())
  File "E:\python\Lib\asyncio\base_events.py", line 653, in run_until_complete
    return future.result()
           ^^^^^^^^^^^^^^^
  File "D:\Link Farm\Link\Lib\site-packages\playwright\_impl\_connection.py", line 301, in run_as_sync
    await self.run()
  File "D:\Link Farm\Link\Lib\site-packages\playwright\_impl\_connection.py", line 310, in run
    await self._transport.connect()
  File "D:\Link Farm\Link\Lib\site-packages\playwright\_impl\_transport.py", line 133, in connect
    raise exc
  File "D:\Link Farm\Link\Lib\site-packages\playwright\_impl\_transport.py", line 120, in connect
    self._proc = await asyncio.create_subprocess_exec(
                 ^^^^^^^^^^^^^^^^^^^^^^^^^^^^^^^^^^^^^
  File "E:\python\Lib\asyncio\subprocess.py", line 221, in create_subprocess_exec
    transport, protocol = await loop.subprocess_exec(
                          ^^^^^^^^^^^^^^^^^^^^^^^^^^^
  File "E:\python\Lib\asyncio\base_events.py", line 1694, in subprocess_exec
    transport = await self._make_subprocess_transport(
                ^^^^^^^^^^^^^^^^^^^^^^^^^^^^^^^^^^^^^^
  File "E:\python\Lib\asyncio\base_events.py", line 502, in _make_subprocess_transport
    raise NotImplementedError
NotImplementedError
2025-11-11 12:56:50,385 - __main__ - ERROR - Playwright error for https://globalgurus.org/5-strategies-for-acquiring-valuable-deleted-domains-in-todays-market/: 
2025-11-11 12:56:50,391 - __main__ - WARNING - Playwright failed for https://globalgurus.org/5-strategies-for-acquiring-valuable-deleted-domains-in-todays-market/, trying Selenium...
2025-11-11 12:56:50,392 - WDM - INFO - ====== WebDriver manager ======
2025-11-11 12:56:51,766 - asyncio - ERROR - Future exception was never retrieved
future: <Future finished exception=NotImplementedError()>
Traceback (most recent call last):
  File "D:\Link Farm\Link.py", line 405, in extract_text_playwright
    with sync_playwright() as p:
  File "D:\Link Farm\Link\Lib\site-packages\playwright\sync_api\_context_manager.py", line 77, in __enter__
    dispatcher_fiber.switch()
  File "D:\Link Farm\Link\Lib\site-packages\playwright\sync_api\_context_manager.py", line 56, in greenlet_main
    self._loop.run_until_complete(self._connection.run_as_sync())
  File "E:\python\Lib\asyncio\base_events.py", line 653, in run_until_complete
    return future.result()
           ^^^^^^^^^^^^^^^
  File "D:\Link Farm\Link\Lib\site-packages\playwright\_impl\_connection.py", line 301, in run_as_sync
    await self.run()
  File "D:\Link Farm\Link\Lib\site-packages\playwright\_impl\_connection.py", line 310, in run
    await self._transport.connect()
  File "D:\Link Farm\Link\Lib\site-packages\playwright\_impl\_transport.py", line 133, in connect
    raise exc
  File "D:\Link Farm\Link\Lib\site-packages\playwright\_impl\_transport.py", line 120, in connect
    self._proc = await asyncio.create_subprocess_exec(
                 ^^^^^^^^^^^^^^^^^^^^^^^^^^^^^^^^^^^^^
  File "E:\python\Lib\asyncio\subprocess.py", line 221, in create_subprocess_exec
    transport, protocol = await loop.subprocess_exec(
                          ^^^^^^^^^^^^^^^^^^^^^^^^^^^
  File "E:\python\Lib\asyncio\base_events.py", line 1694, in subprocess_exec
    transport = await self._make_subprocess_transport(
                ^^^^^^^^^^^^^^^^^^^^^^^^^^^^^^^^^^^^^^
  File "E:\python\Lib\asyncio\base_events.py", line 502, in _make_subprocess_transport
    raise NotImplementedError
NotImplementedError
2025-11-11 12:56:51,803 - __main__ - INFO - Extracted 5000 chars from https://businessabc.net/seo-strategy-what-s-the-ultimate-plan
2025-11-11 12:56:51,804 - __main__ - INFO - Progress: 1/35 URLs processed
2025-11-11 12:56:51,946 - __main__ - INFO - Extracted 5000 chars from https://businessabc.net/domain-vs-website-what-every-startup-actually-needs-to-know
2025-11-11 12:56:51,957 - __main__ - INFO - Progress: 2/35 URLs processed
2025-11-11 12:56:53,398 - __main__ - INFO - Extracted 5000 chars from https://www.get.inc/blog/juice-bar-businesss-name-ideas
2025-11-11 12:56:53,404 - __main__ - INFO - Progress: 3/35 URLs processed
2025-11-11 12:56:54,532 - __main__ - WARNING - Basic failed for https://www.sitepronews.com/2020/05/14/top-5-reasons-to-buy-expired-domains/, trying Playwright...
2025-11-11 12:56:54,532 - __main__ - ERROR - Playwright error for https://www.sitepronews.com/2020/05/14/top-5-reasons-to-buy-expired-domains/: 
2025-11-11 12:56:54,532 - __main__ - WARNING - Playwright failed for https://www.sitepronews.com/2020/05/14/top-5-reasons-to-buy-expired-domains/, trying Selenium...
2025-11-11 12:56:54,534 - WDM - INFO - ====== WebDriver manager ======
2025-11-11 12:56:54,606 - __main__ - ERROR - HTTP 403 for https://www.tmcnet.com/topics/articles/2025/08/28/462697-mapping-brands-online-identity-what-every-tech-leader.htm
2025-11-11 12:56:54,608 - __main__ - WARNING - Basic failed for https://www.tmcnet.com/topics/articles/2025/08/28/462697-mapping-brands-online-identity-what-every-tech-leader.htm, trying Playwright...
2025-11-11 12:56:54,609 - __main__ - ERROR - Playwright error for https://www.tmcnet.com/topics/articles/2025/08/28/462697-mapping-brands-online-identity-what-every-tech-leader.htm: 
2025-11-11 12:56:54,609 - __main__ - WARNING - Playwright failed for https://www.tmcnet.com/topics/articles/2025/08/28/462697-mapping-brands-online-identity-what-every-tech-leader.htm, trying Selenium...
2025-11-11 12:56:54,612 - WDM - INFO - ====== WebDriver manager ======
2025-11-11 12:56:55,778 - WDM - INFO - Get LATEST chromedriver version for google-chrome
2025-11-11 12:56:55,962 - asyncio - ERROR - Future exception was never retrieved
future: <Future finished exception=NotImplementedError()>
Traceback (most recent call last):
  File "D:\Link Farm\Link.py", line 405, in extract_text_playwright
    with sync_playwright() as p:
  File "D:\Link Farm\Link\Lib\site-packages\playwright\sync_api\_context_manager.py", line 77, in __enter__
    dispatcher_fiber.switch()
  File "D:\Link Farm\Link\Lib\site-packages\playwright\sync_api\_context_manager.py", line 56, in greenlet_main
    self._loop.run_until_complete(self._connection.run_as_sync())
  File "E:\python\Lib\asyncio\base_events.py", line 653, in run_until_complete
    return future.result()
           ^^^^^^^^^^^^^^^
  File "D:\Link Farm\Link\Lib\site-packages\playwright\_impl\_connection.py", line 301, in run_as_sync
    await self.run()
  File "D:\Link Farm\Link\Lib\site-packages\playwright\_impl\_connection.py", line 310, in run
    await self._transport.connect()
  File "D:\Link Farm\Link\Lib\site-packages\playwright\_impl\_transport.py", line 133, in connect
    raise exc
  File "D:\Link Farm\Link\Lib\site-packages\playwright\_impl\_transport.py", line 120, in connect
    self._proc = await asyncio.create_subprocess_exec(
                 ^^^^^^^^^^^^^^^^^^^^^^^^^^^^^^^^^^^^^
  File "E:\python\Lib\asyncio\subprocess.py", line 221, in create_subprocess_exec
    transport, protocol = await loop.subprocess_exec(
                          ^^^^^^^^^^^^^^^^^^^^^^^^^^^
  File "E:\python\Lib\asyncio\base_events.py", line 1694, in subprocess_exec
    transport = await self._make_subprocess_transport(
                ^^^^^^^^^^^^^^^^^^^^^^^^^^^^^^^^^^^^^^
  File "E:\python\Lib\asyncio\base_events.py", line 502, in _make_subprocess_transport
    raise NotImplementedError
NotImplementedError
2025-11-11 12:56:55,979 - asyncio - ERROR - Future exception was never retrieved
future: <Future finished exception=NotImplementedError()>
Traceback (most recent call last):
  File "D:\Link Farm\Link.py", line 405, in extract_text_playwright
    with sync_playwright() as p:
  File "D:\Link Farm\Link\Lib\site-packages\playwright\sync_api\_context_manager.py", line 77, in __enter__
    dispatcher_fiber.switch()
  File "D:\Link Farm\Link\Lib\site-packages\playwright\sync_api\_context_manager.py", line 56, in greenlet_main
    self._loop.run_until_complete(self._connection.run_as_sync())
  File "E:\python\Lib\asyncio\base_events.py", line 653, in run_until_complete
    return future.result()
           ^^^^^^^^^^^^^^^
  File "D:\Link Farm\Link\Lib\site-packages\playwright\_impl\_connection.py", line 301, in run_as_sync
    await self.run()
  File "D:\Link Farm\Link\Lib\site-packages\playwright\_impl\_connection.py", line 310, in run
    await self._transport.connect()
  File "D:\Link Farm\Link\Lib\site-packages\playwright\_impl\_transport.py", line 133, in connect
    raise exc
  File "D:\Link Farm\Link\Lib\site-packages\playwright\_impl\_transport.py", line 120, in connect
    self._proc = await asyncio.create_subprocess_exec(
                 ^^^^^^^^^^^^^^^^^^^^^^^^^^^^^^^^^^^^^
  File "E:\python\Lib\asyncio\subprocess.py", line 221, in create_subprocess_exec
    transport, protocol = await loop.subprocess_exec(
                          ^^^^^^^^^^^^^^^^^^^^^^^^^^^
  File "E:\python\Lib\asyncio\base_events.py", line 1694, in subprocess_exec
    transport = await self._make_subprocess_transport(
                ^^^^^^^^^^^^^^^^^^^^^^^^^^^^^^^^^^^^^^
  File "E:\python\Lib\asyncio\base_events.py", line 502, in _make_subprocess_transport
    raise NotImplementedError
NotImplementedError
2025-11-11 12:56:56,137 - WDM - INFO - About to download new driver from https://chromedriver.storage.googleapis.com/114.0.5735.90/chromedriver_win32.zip
2025-11-11 12:56:56,355 - WDM - INFO - Driver downloading response is 200
2025-11-11 12:56:56,516 - WDM - INFO - Get LATEST chromedriver version for google-chrome
2025-11-11 12:56:56,803 - WDM - INFO - About to download new driver from https://chromedriver.storage.googleapis.com/114.0.5735.90/chromedriver_win32.zip
2025-11-11 12:56:57,217 - WDM - INFO - Driver downloading response is 200
2025-11-11 12:57:00,102 - WDM - INFO - Get LATEST chromedriver version for google-chrome
2025-11-11 12:57:01,059 - WDM - INFO - About to download new driver from https://chromedriver.storage.googleapis.com/114.0.5735.90/chromedriver_win32.zip
2025-11-11 12:57:01,730 - WDM - INFO - Driver downloading response is 200
2025-11-11 12:57:02,002 - WDM - INFO - Get LATEST chromedriver version for google-chrome
2025-11-11 12:57:02,024 - WDM - INFO - Get LATEST chromedriver version for google-chrome
2025-11-11 12:57:02,940 - WDM - INFO - About to download new driver from https://chromedriver.storage.googleapis.com/114.0.5735.90/chromedriver_win32.zip
2025-11-11 12:57:03,112 - WDM - INFO - About to download new driver from https://chromedriver.storage.googleapis.com/114.0.5735.90/chromedriver_win32.zip
2025-11-11 12:57:04,842 - WDM - INFO - Driver downloading response is 200
2025-11-11 12:57:04,842 - WDM - INFO - Driver downloading response is 200
2025-11-11 12:57:08,244 - WDM - INFO - Get LATEST chromedriver version for google-chrome
2025-11-11 12:57:13,597 - WDM - INFO - Get LATEST chromedriver version for google-chrome
2025-11-11 12:57:14,351 - WDM - INFO - Get LATEST chromedriver version for google-chrome
2025-11-11 12:57:17,710 - WDM - INFO - Driver has been saved in cache [C:\Users\taha_\.wdm\drivers\chromedriver\win64\114.0.5735.90]
2025-11-11 12:57:18,694 - WDM - INFO - Get LATEST chromedriver version for google-chrome
2025-11-11 12:57:21,406 - __main__ - ERROR - Selenium error for https://droitthemes.com/how-businesses-can-leverage-modern-domain-name-trends/: Message: unknown error: cannot find Chrome binary
Stacktrace:
Backtrace:
	GetHandleVerifier [0x0081A813+48355]
	(No symbol) [0x007AC4B1]
	(No symbol) [0x006B5358]
	(No symbol) [0x006D1A9E]
	(No symbol) [0x006D0579]
	(No symbol) [0x00700C55]
	(No symbol) [0x0070093C]
	(No symbol) [0x006FA536]
	(No symbol) [0x006D82DC]
	(No symbol) [0x006D93DD]
	GetHandleVerifier [0x00A7AABD+2539405]
	GetHandleVerifier [0x00ABA78F+2800735]
	GetHandleVerifier [0x00AB456C+2775612]
	GetHandleVerifier [0x008A51E0+616112]
	(No symbol) [0x007B5F8C]
	(No symbol) [0x007B2328]
	(No symbol) [0x007B240B]
	(No symbol) [0x007A4FF7]
	BaseThreadInitThunk [0x75195D49+25]
	RtlInitializeExceptionChain [0x7703D6DB+107]
	RtlGetAppContainerNamedObjectPath [0x7703D661+561]

2025-11-11 12:57:21,443 - __main__ - ERROR - All methods failed for https://droitthemes.com/how-businesses-can-leverage-modern-domain-name-trends/
2025-11-11 12:57:21,447 - __main__ - INFO - Progress: 4/35 URLs processed
2025-11-11 12:57:22,113 - WDM - INFO - Driver has been saved in cache [C:\Users\taha_\.wdm\drivers\chromedriver\win64\114.0.5735.90]
2025-11-11 12:57:22,525 - __main__ - ERROR - HTTP 403 for https://www.technology.org/2025/08/29/understanding-domains-and-websites-essential-knowledge-for-your-online-presence/
2025-11-11 12:57:22,526 - __main__ - WARNING - Basic failed for https://www.technology.org/2025/08/29/understanding-domains-and-websites-essential-knowledge-for-your-online-presence/, trying Playwright...
2025-11-11 12:57:22,527 - __main__ - ERROR - Playwright error for https://www.technology.org/2025/08/29/understanding-domains-and-websites-essential-knowledge-for-your-online-presence/: 
2025-11-11 12:57:22,528 - __main__ - WARNING - Playwright failed for https://www.technology.org/2025/08/29/understanding-domains-and-websites-essential-knowledge-for-your-online-presence/, trying Selenium...
2025-11-11 12:57:22,528 - WDM - INFO - ====== WebDriver manager ======
2025-11-11 12:57:24,675 - __main__ - ERROR - Selenium error for https://kreafolk.com/blogs/news/how-digital-communities-inspire-creative-problem-solving: Message: unknown error: cannot find Chrome binary
Stacktrace:
Backtrace:
	GetHandleVerifier [0x0081A813+48355]
	(No symbol) [0x007AC4B1]
	(No symbol) [0x006B5358]
	(No symbol) [0x006D1A9E]
	(No symbol) [0x006D0579]
	(No symbol) [0x00700C55]
	(No symbol) [0x0070093C]
	(No symbol) [0x006FA536]
	(No symbol) [0x006D82DC]
	(No symbol) [0x006D93DD]
	GetHandleVerifier [0x00A7AABD+2539405]
	GetHandleVerifier [0x00ABA78F+2800735]
	GetHandleVerifier [0x00AB456C+2775612]
	GetHandleVerifier [0x008A51E0+616112]
	(No symbol) [0x007B5F8C]
	(No symbol) [0x007B2328]
	(No symbol) [0x007B240B]
	(No symbol) [0x007A4FF7]
	BaseThreadInitThunk [0x75195D49+25]
	RtlInitializeExceptionChain [0x7703D6DB+107]
	RtlGetAppContainerNamedObjectPath [0x7703D661+561]

2025-11-11 12:57:24,703 - __main__ - ERROR - All methods failed for https://kreafolk.com/blogs/news/how-digital-communities-inspire-creative-problem-solving
2025-11-11 12:57:24,705 - __main__ - INFO - Progress: 5/35 URLs processed
2025-11-11 12:57:25,349 - WDM - INFO - Get LATEST chromedriver version for google-chrome
2025-11-11 12:57:25,588 - WDM - INFO - Get LATEST chromedriver version for google-chrome
2025-11-11 12:57:26,763 - asyncio - ERROR - Future exception was never retrieved
future: <Future finished exception=NotImplementedError()>
Traceback (most recent call last):
  File "D:\Link Farm\Link.py", line 405, in extract_text_playwright
    with sync_playwright() as p:
  File "D:\Link Farm\Link\Lib\site-packages\playwright\sync_api\_context_manager.py", line 77, in __enter__
    dispatcher_fiber.switch()
  File "D:\Link Farm\Link\Lib\site-packages\playwright\sync_api\_context_manager.py", line 56, in greenlet_main
    self._loop.run_until_complete(self._connection.run_as_sync())
  File "E:\python\Lib\asyncio\base_events.py", line 653, in run_until_complete
    return future.result()
           ^^^^^^^^^^^^^^^
  File "D:\Link Farm\Link\Lib\site-packages\playwright\_impl\_connection.py", line 301, in run_as_sync
    await self.run()
  File "D:\Link Farm\Link\Lib\site-packages\playwright\_impl\_connection.py", line 310, in run
    await self._transport.connect()
  File "D:\Link Farm\Link\Lib\site-packages\playwright\_impl\_transport.py", line 133, in connect
    raise exc
  File "D:\Link Farm\Link\Lib\site-packages\playwright\_impl\_transport.py", line 120, in connect
    self._proc = await asyncio.create_subprocess_exec(
                 ^^^^^^^^^^^^^^^^^^^^^^^^^^^^^^^^^^^^^
  File "E:\python\Lib\asyncio\subprocess.py", line 221, in create_subprocess_exec
    transport, protocol = await loop.subprocess_exec(
                          ^^^^^^^^^^^^^^^^^^^^^^^^^^^
  File "E:\python\Lib\asyncio\base_events.py", line 1694, in subprocess_exec
    transport = await self._make_subprocess_transport(
                ^^^^^^^^^^^^^^^^^^^^^^^^^^^^^^^^^^^^^^
  File "E:\python\Lib\asyncio\base_events.py", line 502, in _make_subprocess_transport
    raise NotImplementedError
NotImplementedError
2025-11-11 12:57:26,835 - __main__ - INFO - Extracted 5000 chars from https://lform.com/blog/post/building-trust-online-why-a-custom-domain-name-matters-for-b2b-manufacturers/
2025-11-11 12:57:26,888 - __main__ - INFO - Progress: 6/35 URLs processed
2025-11-11 12:57:28,495 - __main__ - WARNING - Basic failed for https://www.mefoto.com/engaging-ways-to-share-photography-journey/, trying Playwright...
2025-11-11 12:57:28,497 - __main__ - ERROR - Playwright error for https://www.mefoto.com/engaging-ways-to-share-photography-journey/: 
2025-11-11 12:57:28,499 - __main__ - WARNING - Playwright failed for https://www.mefoto.com/engaging-ways-to-share-photography-journey/, trying Selenium...
2025-11-11 12:57:28,499 - WDM - INFO - ====== WebDriver manager ======
2025-11-11 12:57:28,588 - WDM - INFO - Get LATEST chromedriver version for google-chrome
2025-11-11 12:57:28,935 - WDM - INFO - Get LATEST chromedriver version for google-chrome
2025-11-11 12:57:29,153 - WDM - INFO - About to download new driver from https://chromedriver.storage.googleapis.com/114.0.5735.90/chromedriver_win32.zip
2025-11-11 12:57:29,334 - WDM - INFO - Get LATEST chromedriver version for google-chrome
2025-11-11 12:57:29,382 - WDM - INFO - Driver downloading response is 200
2025-11-11 12:57:31,356 - WDM - INFO - Get LATEST chromedriver version for google-chrome
2025-11-11 12:57:31,728 - asyncio - ERROR - Future exception was never retrieved
future: <Future finished exception=NotImplementedError()>
Traceback (most recent call last):
  File "D:\Link Farm\Link.py", line 405, in extract_text_playwright
    with sync_playwright() as p:
  File "D:\Link Farm\Link\Lib\site-packages\playwright\sync_api\_context_manager.py", line 77, in __enter__
    dispatcher_fiber.switch()
  File "D:\Link Farm\Link\Lib\site-packages\playwright\sync_api\_context_manager.py", line 56, in greenlet_main
    self._loop.run_until_complete(self._connection.run_as_sync())
  File "E:\python\Lib\asyncio\base_events.py", line 653, in run_until_complete
    return future.result()
           ^^^^^^^^^^^^^^^
  File "D:\Link Farm\Link\Lib\site-packages\playwright\_impl\_connection.py", line 301, in run_as_sync
    await self.run()
  File "D:\Link Farm\Link\Lib\site-packages\playwright\_impl\_connection.py", line 310, in run
    await self._transport.connect()
  File "D:\Link Farm\Link\Lib\site-packages\playwright\_impl\_transport.py", line 133, in connect
    raise exc
  File "D:\Link Farm\Link\Lib\site-packages\playwright\_impl\_transport.py", line 120, in connect
    self._proc = await asyncio.create_subprocess_exec(
                 ^^^^^^^^^^^^^^^^^^^^^^^^^^^^^^^^^^^^^
  File "E:\python\Lib\asyncio\subprocess.py", line 221, in create_subprocess_exec
    transport, protocol = await loop.subprocess_exec(
                          ^^^^^^^^^^^^^^^^^^^^^^^^^^^
  File "E:\python\Lib\asyncio\base_events.py", line 1694, in subprocess_exec
    transport = await self._make_subprocess_transport(
                ^^^^^^^^^^^^^^^^^^^^^^^^^^^^^^^^^^^^^^
  File "E:\python\Lib\asyncio\base_events.py", line 502, in _make_subprocess_transport
    raise NotImplementedError
NotImplementedError
2025-11-11 12:57:32,305 - WDM - INFO - Get LATEST chromedriver version for google-chrome
2025-11-11 12:57:34,830 - WDM - INFO - Driver has been saved in cache [C:\Users\taha_\.wdm\drivers\chromedriver\win64\114.0.5735.90]
2025-11-11 12:57:35,844 - WDM - INFO - Get LATEST chromedriver version for google-chrome
2025-11-11 12:57:36,039 - WDM - INFO - Driver has been saved in cache [C:\Users\taha_\.wdm\drivers\chromedriver\win64\114.0.5735.90]
2025-11-11 12:57:37,063 - WDM - INFO - About to download new driver from https://chromedriver.storage.googleapis.com/114.0.5735.90/chromedriver_win32.zip
2025-11-11 12:57:37,273 - WDM - INFO - Driver downloading response is 200
2025-11-11 12:57:37,431 - WDM - INFO - Driver has been saved in cache [C:\Users\taha_\.wdm\drivers\chromedriver\win64\114.0.5735.90]
2025-11-11 12:57:37,555 - __main__ - ERROR - Selenium error for https://www.tmcnet.com/topics/articles/2025/08/28/462697-mapping-brands-online-identity-what-every-tech-leader.htm: Message: unknown error: cannot find Chrome binary
Stacktrace:
Backtrace:
	GetHandleVerifier [0x0081A813+48355]
	(No symbol) [0x007AC4B1]
	(No symbol) [0x006B5358]
	(No symbol) [0x006D1A9E]
	(No symbol) [0x006D0579]
	(No symbol) [0x00700C55]
	(No symbol) [0x0070093C]
	(No symbol) [0x006FA536]
	(No symbol) [0x006D82DC]
	(No symbol) [0x006D93DD]
	GetHandleVerifier [0x00A7AABD+2539405]
	GetHandleVerifier [0x00ABA78F+2800735]
	GetHandleVerifier [0x00AB456C+2775612]
	GetHandleVerifier [0x008A51E0+616112]
	(No symbol) [0x007B5F8C]
	(No symbol) [0x007B2328]
	(No symbol) [0x007B240B]
	(No symbol) [0x007A4FF7]
	BaseThreadInitThunk [0x75195D49+25]
	RtlInitializeExceptionChain [0x7703D6DB+107]
	RtlGetAppContainerNamedObjectPath [0x7703D661+561]

2025-11-11 12:57:37,569 - __main__ - ERROR - All methods failed for https://www.tmcnet.com/topics/articles/2025/08/28/462697-mapping-brands-online-identity-what-every-tech-leader.htm
2025-11-11 12:57:37,572 - __main__ - INFO - Progress: 7/35 URLs processed
2025-11-11 12:57:38,620 - __main__ - ERROR - Selenium error for https://www.sitepronews.com/2020/05/14/top-5-reasons-to-buy-expired-domains/: Message: unknown error: cannot find Chrome binary
Stacktrace:
Backtrace:
	GetHandleVerifier [0x0081A813+48355]
	(No symbol) [0x007AC4B1]
	(No symbol) [0x006B5358]
	(No symbol) [0x006D1A9E]
	(No symbol) [0x006D0579]
	(No symbol) [0x00700C55]
	(No symbol) [0x0070093C]
	(No symbol) [0x006FA536]
	(No symbol) [0x006D82DC]
	(No symbol) [0x006D93DD]
	GetHandleVerifier [0x00A7AABD+2539405]
	GetHandleVerifier [0x00ABA78F+2800735]
	GetHandleVerifier [0x00AB456C+2775612]
	GetHandleVerifier [0x008A51E0+616112]
	(No symbol) [0x007B5F8C]
	(No symbol) [0x007B2328]
	(No symbol) [0x007B240B]
	(No symbol) [0x007A4FF7]
	BaseThreadInitThunk [0x75195D49+25]
	RtlInitializeExceptionChain [0x7703D6DB+107]
	RtlGetAppContainerNamedObjectPath [0x7703D661+561]

2025-11-11 12:57:38,622 - __main__ - ERROR - All methods failed for https://www.sitepronews.com/2020/05/14/top-5-reasons-to-buy-expired-domains/
2025-11-11 12:57:38,624 - __main__ - INFO - Progress: 8/35 URLs processed
2025-11-11 12:57:38,889 - WDM - INFO - Get LATEST chromedriver version for google-chrome
2025-11-11 12:57:40,638 - __main__ - WARNING - Basic failed for https://gracethemes.com/why-every-developer-should-use-a-staging-site-for-wordpress-development/, trying Playwright...
2025-11-11 12:57:40,645 - __main__ - ERROR - Playwright error for https://gracethemes.com/why-every-developer-should-use-a-staging-site-for-wordpress-development/: 
2025-11-11 12:57:40,647 - __main__ - WARNING - Playwright failed for https://gracethemes.com/why-every-developer-should-use-a-staging-site-for-wordpress-development/, trying Selenium...
2025-11-11 12:57:40,648 - WDM - INFO - ====== WebDriver manager ======
2025-11-11 12:57:41,003 - __main__ - ERROR - Selenium error for https://globalgurus.org/5-strategies-for-acquiring-valuable-deleted-domains-in-todays-market/: Message: unknown error: cannot find Chrome binary
Stacktrace:
Backtrace:
	GetHandleVerifier [0x0081A813+48355]
	(No symbol) [0x007AC4B1]
	(No symbol) [0x006B5358]
	(No symbol) [0x006D1A9E]
	(No symbol) [0x006D0579]
	(No symbol) [0x00700C55]
	(No symbol) [0x0070093C]
	(No symbol) [0x006FA536]
	(No symbol) [0x006D82DC]
	(No symbol) [0x006D93DD]
	GetHandleVerifier [0x00A7AABD+2539405]
	GetHandleVerifier [0x00ABA78F+2800735]
	GetHandleVerifier [0x00AB456C+2775612]
	GetHandleVerifier [0x008A51E0+616112]
	(No symbol) [0x007B5F8C]
	(No symbol) [0x007B2328]
	(No symbol) [0x007B240B]
	(No symbol) [0x007A4FF7]
	BaseThreadInitThunk [0x75195D49+25]
	RtlInitializeExceptionChain [0x7703D6DB+107]
	RtlGetAppContainerNamedObjectPath [0x7703D661+561]

2025-11-11 12:57:41,003 - __main__ - WARNING - Basic failed for https://www.oflox.com/blog/how-to-find-expired-domains/, trying Playwright...
2025-11-11 12:57:41,005 - __main__ - ERROR - All methods failed for https://globalgurus.org/5-strategies-for-acquiring-valuable-deleted-domains-in-todays-market/
2025-11-11 12:57:41,008 - __main__ - INFO - Progress: 9/35 URLs processed
2025-11-11 12:57:41,008 - __main__ - ERROR - Playwright error for https://www.oflox.com/blog/how-to-find-expired-domains/: 
2025-11-11 12:57:41,008 - __main__ - WARNING - Playwright failed for https://www.oflox.com/blog/how-to-find-expired-domains/, trying Selenium...
2025-11-11 12:57:41,010 - WDM - INFO - ====== WebDriver manager ======
2025-11-11 12:57:41,770 - asyncio - ERROR - Future exception was never retrieved
future: <Future finished exception=NotImplementedError()>
Traceback (most recent call last):
  File "D:\Link Farm\Link.py", line 405, in extract_text_playwright
    with sync_playwright() as p:
  File "D:\Link Farm\Link\Lib\site-packages\playwright\sync_api\_context_manager.py", line 77, in __enter__
    dispatcher_fiber.switch()
  File "D:\Link Farm\Link\Lib\site-packages\playwright\sync_api\_context_manager.py", line 56, in greenlet_main
    self._loop.run_until_complete(self._connection.run_as_sync())
  File "E:\python\Lib\asyncio\base_events.py", line 653, in run_until_complete
    return future.result()
           ^^^^^^^^^^^^^^^
  File "D:\Link Farm\Link\Lib\site-packages\playwright\_impl\_connection.py", line 301, in run_as_sync
    await self.run()
  File "D:\Link Farm\Link\Lib\site-packages\playwright\_impl\_connection.py", line 310, in run
    await self._transport.connect()
  File "D:\Link Farm\Link\Lib\site-packages\playwright\_impl\_transport.py", line 133, in connect
    raise exc
  File "D:\Link Farm\Link\Lib\site-packages\playwright\_impl\_transport.py", line 120, in connect
    self._proc = await asyncio.create_subprocess_exec(
                 ^^^^^^^^^^^^^^^^^^^^^^^^^^^^^^^^^^^^^
  File "E:\python\Lib\asyncio\subprocess.py", line 221, in create_subprocess_exec
    transport, protocol = await loop.subprocess_exec(
                          ^^^^^^^^^^^^^^^^^^^^^^^^^^^
  File "E:\python\Lib\asyncio\base_events.py", line 1694, in subprocess_exec
    transport = await self._make_subprocess_transport(
                ^^^^^^^^^^^^^^^^^^^^^^^^^^^^^^^^^^^^^^
  File "E:\python\Lib\asyncio\base_events.py", line 502, in _make_subprocess_transport
    raise NotImplementedError
NotImplementedError
2025-11-11 12:57:41,789 - asyncio - ERROR - Future exception was never retrieved
future: <Future finished exception=NotImplementedError()>
Traceback (most recent call last):
  File "D:\Link Farm\Link.py", line 405, in extract_text_playwright
    with sync_playwright() as p:
  File "D:\Link Farm\Link\Lib\site-packages\playwright\sync_api\_context_manager.py", line 77, in __enter__
    dispatcher_fiber.switch()
  File "D:\Link Farm\Link\Lib\site-packages\playwright\sync_api\_context_manager.py", line 56, in greenlet_main
    self._loop.run_until_complete(self._connection.run_as_sync())
  File "E:\python\Lib\asyncio\base_events.py", line 653, in run_until_complete
    return future.result()
           ^^^^^^^^^^^^^^^
  File "D:\Link Farm\Link\Lib\site-packages\playwright\_impl\_connection.py", line 301, in run_as_sync
    await self.run()
  File "D:\Link Farm\Link\Lib\site-packages\playwright\_impl\_connection.py", line 310, in run
    await self._transport.connect()
  File "D:\Link Farm\Link\Lib\site-packages\playwright\_impl\_transport.py", line 133, in connect
    raise exc
  File "D:\Link Farm\Link\Lib\site-packages\playwright\_impl\_transport.py", line 120, in connect
    self._proc = await asyncio.create_subprocess_exec(
                 ^^^^^^^^^^^^^^^^^^^^^^^^^^^^^^^^^^^^^
  File "E:\python\Lib\asyncio\subprocess.py", line 221, in create_subprocess_exec
    transport, protocol = await loop.subprocess_exec(
                          ^^^^^^^^^^^^^^^^^^^^^^^^^^^
  File "E:\python\Lib\asyncio\base_events.py", line 1694, in subprocess_exec
    transport = await self._make_subprocess_transport(
                ^^^^^^^^^^^^^^^^^^^^^^^^^^^^^^^^^^^^^^
  File "E:\python\Lib\asyncio\base_events.py", line 502, in _make_subprocess_transport
    raise NotImplementedError
NotImplementedError
2025-11-11 12:57:42,484 - WDM - INFO - Get LATEST chromedriver version for google-chrome
2025-11-11 12:57:43,861 - __main__ - WARNING - Basic failed for https://quickref.me/blog/domain-vs-website-the-complete-guide-to-understanding-the-digital-foundation/, trying Playwright...
2025-11-11 12:57:43,863 - __main__ - ERROR - Playwright error for https://quickref.me/blog/domain-vs-website-the-complete-guide-to-understanding-the-digital-foundation/: 
2025-11-11 12:57:43,863 - __main__ - WARNING - Playwright failed for https://quickref.me/blog/domain-vs-website-the-complete-guide-to-understanding-the-digital-foundation/, trying Selenium...
2025-11-11 12:57:43,863 - WDM - INFO - ====== WebDriver manager ======
2025-11-11 12:57:48,748 - WDM - INFO - Driver has been saved in cache [C:\Users\taha_\.wdm\drivers\chromedriver\win64\114.0.5735.90]
2025-11-11 12:57:48,968 - WDM - INFO - Get LATEST chromedriver version for google-chrome
2025-11-11 12:57:49,324 - WDM - INFO - Get LATEST chromedriver version for google-chrome
2025-11-11 12:57:50,529 - WDM - INFO - About to download new driver from https://chromedriver.storage.googleapis.com/114.0.5735.90/chromedriver_win32.zip
2025-11-11 12:57:50,758 - WDM - INFO - Driver downloading response is 200
2025-11-11 12:57:51,348 - __main__ - ERROR - Selenium error for https://www.technology.org/2025/08/29/understanding-domains-and-websites-essential-knowledge-for-your-online-presence/: Message: unknown error: cannot find Chrome binary
Stacktrace:
Backtrace:
	GetHandleVerifier [0x00DFA813+48355]
	(No symbol) [0x00D8C4B1]
	(No symbol) [0x00C95358]
	(No symbol) [0x00CB1A9E]
	(No symbol) [0x00CB0579]
	(No symbol) [0x00CE0C55]
	(No symbol) [0x00CE093C]
	(No symbol) [0x00CDA536]
	(No symbol) [0x00CB82DC]
	(No symbol) [0x00CB93DD]
	GetHandleVerifier [0x0105AABD+2539405]
	GetHandleVerifier [0x0109A78F+2800735]
	GetHandleVerifier [0x0109456C+2775612]
	GetHandleVerifier [0x00E851E0+616112]
	(No symbol) [0x00D95F8C]
	(No symbol) [0x00D92328]
	(No symbol) [0x00D9240B]
	(No symbol) [0x00D84FF7]
	BaseThreadInitThunk [0x75195D49+25]
	RtlInitializeExceptionChain [0x7703D6DB+107]
	RtlGetAppContainerNamedObjectPath [0x7703D661+561]

2025-11-11 12:57:51,363 - __main__ - ERROR - All methods failed for https://www.technology.org/2025/08/29/understanding-domains-and-websites-essential-knowledge-for-your-online-presence/
2025-11-11 12:57:51,364 - __main__ - INFO - Progress: 10/35 URLs processed
2025-11-11 12:57:51,584 - WDM - INFO - Get LATEST chromedriver version for google-chrome
2025-11-11 12:57:51,962 - WDM - INFO - Get LATEST chromedriver version for google-chrome
2025-11-11 12:57:52,017 - WDM - INFO - About to download new driver from https://chromedriver.storage.googleapis.com/114.0.5735.90/chromedriver_win32.zip
2025-11-11 12:57:52,358 - WDM - INFO - About to download new driver from https://chromedriver.storage.googleapis.com/114.0.5735.90/chromedriver_win32.zip
2025-11-11 12:57:52,417 - WDM - INFO - Driver downloading response is 200
2025-11-11 12:57:52,580 - asyncio - ERROR - Future exception was never retrieved
future: <Future finished exception=NotImplementedError()>
Traceback (most recent call last):
  File "D:\Link Farm\Link.py", line 405, in extract_text_playwright
    with sync_playwright() as p:
  File "D:\Link Farm\Link\Lib\site-packages\playwright\sync_api\_context_manager.py", line 77, in __enter__
    dispatcher_fiber.switch()
  File "D:\Link Farm\Link\Lib\site-packages\playwright\sync_api\_context_manager.py", line 56, in greenlet_main
    self._loop.run_until_complete(self._connection.run_as_sync())
  File "E:\python\Lib\asyncio\base_events.py", line 653, in run_until_complete
    return future.result()
           ^^^^^^^^^^^^^^^
  File "D:\Link Farm\Link\Lib\site-packages\playwright\_impl\_connection.py", line 301, in run_as_sync
    await self.run()
  File "D:\Link Farm\Link\Lib\site-packages\playwright\_impl\_connection.py", line 310, in run
    await self._transport.connect()
  File "D:\Link Farm\Link\Lib\site-packages\playwright\_impl\_transport.py", line 133, in connect
    raise exc
  File "D:\Link Farm\Link\Lib\site-packages\playwright\_impl\_transport.py", line 120, in connect
    self._proc = await asyncio.create_subprocess_exec(
                 ^^^^^^^^^^^^^^^^^^^^^^^^^^^^^^^^^^^^^
  File "E:\python\Lib\asyncio\subprocess.py", line 221, in create_subprocess_exec
    transport, protocol = await loop.subprocess_exec(
                          ^^^^^^^^^^^^^^^^^^^^^^^^^^^
  File "E:\python\Lib\asyncio\base_events.py", line 1694, in subprocess_exec
    transport = await self._make_subprocess_transport(
                ^^^^^^^^^^^^^^^^^^^^^^^^^^^^^^^^^^^^^^
  File "E:\python\Lib\asyncio\base_events.py", line 502, in _make_subprocess_transport
    raise NotImplementedError
NotImplementedError
2025-11-11 12:57:52,851 - WDM - INFO - Driver downloading response is 200
2025-11-11 12:57:53,487 - WDM - INFO - Get LATEST chromedriver version for google-chrome
2025-11-11 12:57:53,491 - __main__ - WARNING - Basic failed for https://theceoviews.com/current-trends-in-security-domain/, trying Playwright...
2025-11-11 12:57:53,493 - __main__ - ERROR - Playwright error for https://theceoviews.com/current-trends-in-security-domain/: 
2025-11-11 12:57:53,493 - __main__ - WARNING - Playwright failed for https://theceoviews.com/current-trends-in-security-domain/, trying Selenium...
2025-11-11 12:57:53,493 - WDM - INFO - ====== WebDriver manager ======
2025-11-11 12:57:57,244 - WDM - INFO - Driver has been saved in cache [C:\Users\taha_\.wdm\drivers\chromedriver\win64\114.0.5735.90]
2025-11-11 12:57:58,987 - WDM - INFO - Get LATEST chromedriver version for google-chrome
2025-11-11 12:57:59,230 - WDM - INFO - About to download new driver from https://chromedriver.storage.googleapis.com/114.0.5735.90/chromedriver_win32.zip
2025-11-11 12:57:59,460 - WDM - INFO - Driver downloading response is 200
2025-11-11 12:57:59,810 - __main__ - ERROR - Selenium error for https://www.mefoto.com/engaging-ways-to-share-photography-journey/: Message: unknown error: cannot find Chrome binary
Stacktrace:
Backtrace:
	GetHandleVerifier [0x00DFA813+48355]
	(No symbol) [0x00D8C4B1]
	(No symbol) [0x00C95358]
	(No symbol) [0x00CB1A9E]
	(No symbol) [0x00CB0579]
	(No symbol) [0x00CE0C55]
	(No symbol) [0x00CE093C]
	(No symbol) [0x00CDA536]
	(No symbol) [0x00CB82DC]
	(No symbol) [0x00CB93DD]
	GetHandleVerifier [0x0105AABD+2539405]
	GetHandleVerifier [0x0109A78F+2800735]
	GetHandleVerifier [0x0109456C+2775612]
	GetHandleVerifier [0x00E851E0+616112]
	(No symbol) [0x00D95F8C]
	(No symbol) [0x00D92328]
	(No symbol) [0x00D9240B]
	(No symbol) [0x00D84FF7]
	BaseThreadInitThunk [0x75195D49+25]
	RtlInitializeExceptionChain [0x7703D6DB+107]
	RtlGetAppContainerNamedObjectPath [0x7703D661+561]

2025-11-11 12:57:59,825 - __main__ - ERROR - All methods failed for https://www.mefoto.com/engaging-ways-to-share-photography-journey/
2025-11-11 12:57:59,826 - __main__ - INFO - Progress: 11/35 URLs processed
2025-11-11 12:58:01,694 - WDM - INFO - Get LATEST chromedriver version for google-chrome
2025-11-11 12:58:01,993 - WDM - INFO - Get LATEST chromedriver version for google-chrome
2025-11-11 12:58:02,319 - __main__ - INFO - Extracted 56 chars from https://www.under30ceo.com/domain-registrars/
2025-11-11 12:58:02,320 - asyncio - ERROR - Future exception was never retrieved
future: <Future finished exception=NotImplementedError()>
Traceback (most recent call last):
  File "D:\Link Farm\Link.py", line 405, in extract_text_playwright
    with sync_playwright() as p:
  File "D:\Link Farm\Link\Lib\site-packages\playwright\sync_api\_context_manager.py", line 77, in __enter__
    dispatcher_fiber.switch()
  File "D:\Link Farm\Link\Lib\site-packages\playwright\sync_api\_context_manager.py", line 56, in greenlet_main
    self._loop.run_until_complete(self._connection.run_as_sync())
  File "E:\python\Lib\asyncio\base_events.py", line 653, in run_until_complete
    return future.result()
           ^^^^^^^^^^^^^^^
  File "D:\Link Farm\Link\Lib\site-packages\playwright\_impl\_connection.py", line 301, in run_as_sync
    await self.run()
  File "D:\Link Farm\Link\Lib\site-packages\playwright\_impl\_connection.py", line 310, in run
    await self._transport.connect()
  File "D:\Link Farm\Link\Lib\site-packages\playwright\_impl\_transport.py", line 133, in connect
    raise exc
  File "D:\Link Farm\Link\Lib\site-packages\playwright\_impl\_transport.py", line 120, in connect
    self._proc = await asyncio.create_subprocess_exec(
                 ^^^^^^^^^^^^^^^^^^^^^^^^^^^^^^^^^^^^^
  File "E:\python\Lib\asyncio\subprocess.py", line 221, in create_subprocess_exec
    transport, protocol = await loop.subprocess_exec(
                          ^^^^^^^^^^^^^^^^^^^^^^^^^^^
  File "E:\python\Lib\asyncio\base_events.py", line 1694, in subprocess_exec
    transport = await self._make_subprocess_transport(
                ^^^^^^^^^^^^^^^^^^^^^^^^^^^^^^^^^^^^^^
  File "E:\python\Lib\asyncio\base_events.py", line 502, in _make_subprocess_transport
    raise NotImplementedError
NotImplementedError
2025-11-11 12:58:02,325 - __main__ - INFO - Progress: 12/35 URLs processed
2025-11-11 12:58:04,232 - __main__ - INFO - Extracted 5000 chars from https://www.my.locker/blogs/digital-identity-evolving-with-web3-domains
2025-11-11 12:58:04,245 - __main__ - INFO - Progress: 13/35 URLs processed
2025-11-11 12:58:04,570 - WDM - INFO - Get LATEST chromedriver version for google-chrome
2025-11-11 12:58:05,159 - WDM - INFO - Get LATEST chromedriver version for google-chrome
2025-11-11 12:58:06,197 - __main__ - WARNING - Basic failed for https://www.motocms.com/blog/en/how-to-implement-dynamic-content-for-a-personalized-website-experience/amp/?srsltid=AfmBOoqAgOS568CyF2ksda3kI_, trying Playwright...
2025-11-11 12:58:06,198 - __main__ - ERROR - Playwright error for https://www.motocms.com/blog/en/how-to-implement-dynamic-content-for-a-personalized-website-experience/amp/?srsltid=AfmBOoqAgOS568CyF2ksda3kI_: 
2025-11-11 12:58:06,199 - __main__ - WARNING - Playwright failed for https://www.motocms.com/blog/en/how-to-implement-dynamic-content-for-a-personalized-website-experience/amp/?srsltid=AfmBOoqAgOS568CyF2ksda3kI_, trying Selenium...
2025-11-11 12:58:06,199 - WDM - INFO - ====== WebDriver manager ======
2025-11-11 12:58:06,205 - asyncio - ERROR - Future exception was never retrieved
future: <Future finished exception=NotImplementedError()>
Traceback (most recent call last):
  File "D:\Link Farm\Link.py", line 405, in extract_text_playwright
    with sync_playwright() as p:
  File "D:\Link Farm\Link\Lib\site-packages\playwright\sync_api\_context_manager.py", line 77, in __enter__
    dispatcher_fiber.switch()
  File "D:\Link Farm\Link\Lib\site-packages\playwright\sync_api\_context_manager.py", line 56, in greenlet_main
    self._loop.run_until_complete(self._connection.run_as_sync())
  File "E:\python\Lib\asyncio\base_events.py", line 653, in run_until_complete
    return future.result()
           ^^^^^^^^^^^^^^^
  File "D:\Link Farm\Link\Lib\site-packages\playwright\_impl\_connection.py", line 301, in run_as_sync
    await self.run()
  File "D:\Link Farm\Link\Lib\site-packages\playwright\_impl\_connection.py", line 310, in run
    await self._transport.connect()
  File "D:\Link Farm\Link\Lib\site-packages\playwright\_impl\_transport.py", line 133, in connect
    raise exc
  File "D:\Link Farm\Link\Lib\site-packages\playwright\_impl\_transport.py", line 120, in connect
    self._proc = await asyncio.create_subprocess_exec(
                 ^^^^^^^^^^^^^^^^^^^^^^^^^^^^^^^^^^^^^
  File "E:\python\Lib\asyncio\subprocess.py", line 221, in create_subprocess_exec
    transport, protocol = await loop.subprocess_exec(
                          ^^^^^^^^^^^^^^^^^^^^^^^^^^^
  File "E:\python\Lib\asyncio\base_events.py", line 1694, in subprocess_exec
    transport = await self._make_subprocess_transport(
                ^^^^^^^^^^^^^^^^^^^^^^^^^^^^^^^^^^^^^^
  File "E:\python\Lib\asyncio\base_events.py", line 502, in _make_subprocess_transport
    raise NotImplementedError
NotImplementedError
2025-11-11 12:58:07,205 - WDM - INFO - Get LATEST chromedriver version for google-chrome
2025-11-11 12:58:08,010 - WDM - INFO - Get LATEST chromedriver version for google-chrome
2025-11-11 12:58:08,370 - WDM - INFO - Driver has been saved in cache [C:\Users\taha_\.wdm\drivers\chromedriver\win64\114.0.5735.90]
2025-11-11 12:58:08,386 - __main__ - ERROR - Selenium error for https://quickref.me/blog/domain-vs-website-the-complete-guide-to-understanding-the-digital-foundation/: Message: 'chromedriver.exe' executable may have wrong permissions.

2025-11-11 12:58:08,386 - __main__ - ERROR - All methods failed for https://quickref.me/blog/domain-vs-website-the-complete-guide-to-understanding-the-digital-foundation/
2025-11-11 12:58:08,386 - __main__ - INFO - Progress: 14/35 URLs processed
2025-11-11 12:58:09,346 - __main__ - WARNING - Basic failed for https://quickref.me/blog/email-api-how-to-send-emails-for-free/, trying Playwright...
2025-11-11 12:58:09,348 - __main__ - ERROR - Playwright error for https://quickref.me/blog/email-api-how-to-send-emails-for-free/: 
2025-11-11 12:58:09,348 - __main__ - WARNING - Playwright failed for https://quickref.me/blog/email-api-how-to-send-emails-for-free/, trying Selenium...
2025-11-11 12:58:09,348 - WDM - INFO - ====== WebDriver manager ======
2025-11-11 12:58:11,110 - WDM - INFO - Driver has been saved in cache [C:\Users\taha_\.wdm\drivers\chromedriver\win64\114.0.5735.90]
2025-11-11 12:58:12,686 - WDM - INFO - Get LATEST chromedriver version for google-chrome
2025-11-11 12:58:13,746 - __main__ - ERROR - Selenium error for https://gracethemes.com/why-every-developer-should-use-a-staging-site-for-wordpress-development/: Message: unknown error: cannot find Chrome binary
Stacktrace:
Backtrace:
	GetHandleVerifier [0x0048A813+48355]
	(No symbol) [0x0041C4B1]
	(No symbol) [0x00325358]
	(No symbol) [0x00341A9E]
	(No symbol) [0x00340579]
	(No symbol) [0x00370C55]
	(No symbol) [0x0037093C]
	(No symbol) [0x0036A536]
	(No symbol) [0x003482DC]
	(No symbol) [0x003493DD]
	GetHandleVerifier [0x006EAABD+2539405]
	GetHandleVerifier [0x0072A78F+2800735]
	GetHandleVerifier [0x0072456C+2775612]
	GetHandleVerifier [0x005151E0+616112]
	(No symbol) [0x00425F8C]
	(No symbol) [0x00422328]
	(No symbol) [0x0042240B]
	(No symbol) [0x00414FF7]
	BaseThreadInitThunk [0x75195D49+25]
	RtlInitializeExceptionChain [0x7703D6DB+107]
	RtlGetAppContainerNamedObjectPath [0x7703D661+561]

2025-11-11 12:58:13,774 - __main__ - ERROR - All methods failed for https://gracethemes.com/why-every-developer-should-use-a-staging-site-for-wordpress-development/
2025-11-11 12:58:13,775 - __main__ - INFO - Progress: 15/35 URLs processed
2025-11-11 12:58:14,402 - WDM - INFO - Get LATEST chromedriver version for google-chrome
2025-11-11 12:58:15,100 - __main__ - WARNING - Basic failed for https://dynadots.com/, trying Playwright...
2025-11-11 12:58:15,107 - __main__ - ERROR - Playwright error for https://dynadots.com/: 
2025-11-11 12:58:15,115 - __main__ - WARNING - Playwright failed for https://dynadots.com/, trying Selenium...
2025-11-11 12:58:15,115 - WDM - INFO - ====== WebDriver manager ======
2025-11-11 12:58:17,394 - WDM - INFO - Get LATEST chromedriver version for google-chrome
2025-11-11 12:58:17,605 - WDM - INFO - About to download new driver from https://chromedriver.storage.googleapis.com/114.0.5735.90/chromedriver_win32.zip
2025-11-11 12:58:18,038 - WDM - INFO - Driver downloading response is 200
2025-11-11 12:58:18,053 - WDM - INFO - Driver has been saved in cache [C:\Users\taha_\.wdm\drivers\chromedriver\win64\114.0.5735.90]
2025-11-11 12:58:21,025 - __main__ - ERROR - Selenium error for https://www.oflox.com/blog/how-to-find-expired-domains/: Message: unknown error: cannot find Chrome binary
Stacktrace:
Backtrace:
	GetHandleVerifier [0x0048A813+48355]
	(No symbol) [0x0041C4B1]
	(No symbol) [0x00325358]
	(No symbol) [0x00341A9E]
	(No symbol) [0x00340579]
	(No symbol) [0x00370C55]
	(No symbol) [0x0037093C]
	(No symbol) [0x0036A536]
	(No symbol) [0x003482DC]
	(No symbol) [0x003493DD]
	GetHandleVerifier [0x006EAABD+2539405]
	GetHandleVerifier [0x0072A78F+2800735]
	GetHandleVerifier [0x0072456C+2775612]
	GetHandleVerifier [0x005151E0+616112]
	(No symbol) [0x00425F8C]
	(No symbol) [0x00422328]
	(No symbol) [0x0042240B]
	(No symbol) [0x00414FF7]
	BaseThreadInitThunk [0x75195D49+25]
	RtlInitializeExceptionChain [0x7703D6DB+107]
	RtlGetAppContainerNamedObjectPath [0x7703D661+561]

2025-11-11 12:58:21,049 - __main__ - ERROR - All methods failed for https://www.oflox.com/blog/how-to-find-expired-domains/
2025-11-11 12:58:21,051 - __main__ - INFO - Progress: 16/35 URLs processed
2025-11-11 12:58:21,509 - WDM - INFO - Driver has been saved in cache [C:\Users\taha_\.wdm\drivers\chromedriver\win64\114.0.5735.90]
2025-11-11 12:58:21,677 - WDM - INFO - Get LATEST chromedriver version for google-chrome
2025-11-11 12:58:22,621 - WDM - INFO - About to download new driver from https://chromedriver.storage.googleapis.com/114.0.5735.90/chromedriver_win32.zip
2025-11-11 12:58:22,902 - asyncio - ERROR - Future exception was never retrieved
future: <Future finished exception=NotImplementedError()>
Traceback (most recent call last):
  File "D:\Link Farm\Link.py", line 405, in extract_text_playwright
    with sync_playwright() as p:
  File "D:\Link Farm\Link\Lib\site-packages\playwright\sync_api\_context_manager.py", line 77, in __enter__
    dispatcher_fiber.switch()
  File "D:\Link Farm\Link\Lib\site-packages\playwright\sync_api\_context_manager.py", line 56, in greenlet_main
    self._loop.run_until_complete(self._connection.run_as_sync())
  File "E:\python\Lib\asyncio\base_events.py", line 653, in run_until_complete
    return future.result()
           ^^^^^^^^^^^^^^^
  File "D:\Link Farm\Link\Lib\site-packages\playwright\_impl\_connection.py", line 301, in run_as_sync
    await self.run()
  File "D:\Link Farm\Link\Lib\site-packages\playwright\_impl\_connection.py", line 310, in run
    await self._transport.connect()
  File "D:\Link Farm\Link\Lib\site-packages\playwright\_impl\_transport.py", line 133, in connect
    raise exc
  File "D:\Link Farm\Link\Lib\site-packages\playwright\_impl\_transport.py", line 120, in connect
    self._proc = await asyncio.create_subprocess_exec(
                 ^^^^^^^^^^^^^^^^^^^^^^^^^^^^^^^^^^^^^
  File "E:\python\Lib\asyncio\subprocess.py", line 221, in create_subprocess_exec
    transport, protocol = await loop.subprocess_exec(
                          ^^^^^^^^^^^^^^^^^^^^^^^^^^^
  File "E:\python\Lib\asyncio\base_events.py", line 1694, in subprocess_exec
    transport = await self._make_subprocess_transport(
                ^^^^^^^^^^^^^^^^^^^^^^^^^^^^^^^^^^^^^^
  File "E:\python\Lib\asyncio\base_events.py", line 502, in _make_subprocess_transport
    raise NotImplementedError
NotImplementedError
2025-11-11 12:58:22,904 - asyncio - ERROR - Future exception was never retrieved
future: <Future finished exception=NotImplementedError()>
Traceback (most recent call last):
  File "D:\Link Farm\Link.py", line 405, in extract_text_playwright
    with sync_playwright() as p:
  File "D:\Link Farm\Link\Lib\site-packages\playwright\sync_api\_context_manager.py", line 77, in __enter__
    dispatcher_fiber.switch()
  File "D:\Link Farm\Link\Lib\site-packages\playwright\sync_api\_context_manager.py", line 56, in greenlet_main
    self._loop.run_until_complete(self._connection.run_as_sync())
  File "E:\python\Lib\asyncio\base_events.py", line 653, in run_until_complete
    return future.result()
           ^^^^^^^^^^^^^^^
  File "D:\Link Farm\Link\Lib\site-packages\playwright\_impl\_connection.py", line 301, in run_as_sync
    await self.run()
  File "D:\Link Farm\Link\Lib\site-packages\playwright\_impl\_connection.py", line 310, in run
    await self._transport.connect()
  File "D:\Link Farm\Link\Lib\site-packages\playwright\_impl\_transport.py", line 133, in connect
    raise exc
  File "D:\Link Farm\Link\Lib\site-packages\playwright\_impl\_transport.py", line 120, in connect
    self._proc = await asyncio.create_subprocess_exec(
                 ^^^^^^^^^^^^^^^^^^^^^^^^^^^^^^^^^^^^^
  File "E:\python\Lib\asyncio\subprocess.py", line 221, in create_subprocess_exec
    transport, protocol = await loop.subprocess_exec(
                          ^^^^^^^^^^^^^^^^^^^^^^^^^^^
  File "E:\python\Lib\asyncio\base_events.py", line 1694, in subprocess_exec
    transport = await self._make_subprocess_transport(
                ^^^^^^^^^^^^^^^^^^^^^^^^^^^^^^^^^^^^^^
  File "E:\python\Lib\asyncio\base_events.py", line 502, in _make_subprocess_transport
    raise NotImplementedError
NotImplementedError
2025-11-11 12:58:24,085 - __main__ - ERROR - Selenium error for https://theceoviews.com/current-trends-in-security-domain/: Message: unknown error: cannot find Chrome binary
Stacktrace:
Backtrace:
	GetHandleVerifier [0x0048A813+48355]
	(No symbol) [0x0041C4B1]
	(No symbol) [0x00325358]
	(No symbol) [0x00341A9E]
	(No symbol) [0x00340579]
	(No symbol) [0x00370C55]
	(No symbol) [0x0037093C]
	(No symbol) [0x0036A536]
	(No symbol) [0x003482DC]
	(No symbol) [0x003493DD]
	GetHandleVerifier [0x006EAABD+2539405]
	GetHandleVerifier [0x0072A78F+2800735]
	GetHandleVerifier [0x0072456C+2775612]
	GetHandleVerifier [0x005151E0+616112]
	(No symbol) [0x00425F8C]
	(No symbol) [0x00422328]
	(No symbol) [0x0042240B]
	(No symbol) [0x00414FF7]
	BaseThreadInitThunk [0x75195D49+25]
	RtlInitializeExceptionChain [0x7703D6DB+107]
	RtlGetAppContainerNamedObjectPath [0x7703D661+561]

2025-11-11 12:58:24,089 - __main__ - ERROR - All methods failed for https://theceoviews.com/current-trends-in-security-domain/
2025-11-11 12:58:24,090 - __main__ - INFO - Progress: 17/35 URLs processed
2025-11-11 12:58:24,114 - WDM - INFO - Get LATEST chromedriver version for google-chrome
2025-11-11 12:58:24,230 - WDM - INFO - Driver downloading response is 200
2025-11-11 12:58:24,234 - __main__ - WARNING - Basic failed for https://www.nogentech.org/leveraging-expired-domains-for-seo-success-tips-and-techniques/, trying Playwright...
2025-11-11 12:58:24,238 - __main__ - ERROR - Playwright error for https://www.nogentech.org/leveraging-expired-domains-for-seo-success-tips-and-techniques/: 
2025-11-11 12:58:24,239 - __main__ - WARNING - Playwright failed for https://www.nogentech.org/leveraging-expired-domains-for-seo-success-tips-and-techniques/, trying Selenium...
2025-11-11 12:58:24,242 - WDM - INFO - ====== WebDriver manager ======
2025-11-11 12:58:25,362 - WDM - INFO - Get LATEST chromedriver version for google-chrome
2025-11-11 12:58:25,511 - WDM - INFO - About to download new driver from https://chromedriver.storage.googleapis.com/114.0.5735.90/chromedriver_win32.zip
2025-11-11 12:58:25,835 - WDM - INFO - Driver downloading response is 200
2025-11-11 12:58:26,208 - __main__ - WARNING - Basic failed for https://techpilot.ai/how-to-generate-domain-name-ideas-using-chatgpt/, trying Playwright...
2025-11-11 12:58:26,212 - __main__ - ERROR - Playwright error for https://techpilot.ai/how-to-generate-domain-name-ideas-using-chatgpt/: 
2025-11-11 12:58:26,227 - __main__ - WARNING - Playwright failed for https://techpilot.ai/how-to-generate-domain-name-ideas-using-chatgpt/, trying Selenium...
2025-11-11 12:58:26,229 - WDM - INFO - ====== WebDriver manager ======
2025-11-11 12:58:26,231 - asyncio - ERROR - Future exception was never retrieved
future: <Future finished exception=NotImplementedError()>
Traceback (most recent call last):
  File "D:\Link Farm\Link.py", line 405, in extract_text_playwright
    with sync_playwright() as p:
  File "D:\Link Farm\Link\Lib\site-packages\playwright\sync_api\_context_manager.py", line 77, in __enter__
    dispatcher_fiber.switch()
  File "D:\Link Farm\Link\Lib\site-packages\playwright\sync_api\_context_manager.py", line 56, in greenlet_main
    self._loop.run_until_complete(self._connection.run_as_sync())
  File "E:\python\Lib\asyncio\base_events.py", line 653, in run_until_complete
    return future.result()
           ^^^^^^^^^^^^^^^
  File "D:\Link Farm\Link\Lib\site-packages\playwright\_impl\_connection.py", line 301, in run_as_sync
    await self.run()
  File "D:\Link Farm\Link\Lib\site-packages\playwright\_impl\_connection.py", line 310, in run
    await self._transport.connect()
  File "D:\Link Farm\Link\Lib\site-packages\playwright\_impl\_transport.py", line 133, in connect
    raise exc
  File "D:\Link Farm\Link\Lib\site-packages\playwright\_impl\_transport.py", line 120, in connect
    self._proc = await asyncio.create_subprocess_exec(
                 ^^^^^^^^^^^^^^^^^^^^^^^^^^^^^^^^^^^^^
  File "E:\python\Lib\asyncio\subprocess.py", line 221, in create_subprocess_exec
    transport, protocol = await loop.subprocess_exec(
                          ^^^^^^^^^^^^^^^^^^^^^^^^^^^
  File "E:\python\Lib\asyncio\base_events.py", line 1694, in subprocess_exec
    transport = await self._make_subprocess_transport(
                ^^^^^^^^^^^^^^^^^^^^^^^^^^^^^^^^^^^^^^
  File "E:\python\Lib\asyncio\base_events.py", line 502, in _make_subprocess_transport
    raise NotImplementedError
NotImplementedError
2025-11-11 12:58:26,260 - asyncio - ERROR - Future exception was never retrieved
future: <Future finished exception=NotImplementedError()>
Traceback (most recent call last):
  File "D:\Link Farm\Link.py", line 405, in extract_text_playwright
    with sync_playwright() as p:
  File "D:\Link Farm\Link\Lib\site-packages\playwright\sync_api\_context_manager.py", line 77, in __enter__
    dispatcher_fiber.switch()
  File "D:\Link Farm\Link\Lib\site-packages\playwright\sync_api\_context_manager.py", line 56, in greenlet_main
    self._loop.run_until_complete(self._connection.run_as_sync())
  File "E:\python\Lib\asyncio\base_events.py", line 653, in run_until_complete
    return future.result()
           ^^^^^^^^^^^^^^^
  File "D:\Link Farm\Link\Lib\site-packages\playwright\_impl\_connection.py", line 301, in run_as_sync
    await self.run()
  File "D:\Link Farm\Link\Lib\site-packages\playwright\_impl\_connection.py", line 310, in run
    await self._transport.connect()
  File "D:\Link Farm\Link\Lib\site-packages\playwright\_impl\_transport.py", line 133, in connect
    raise exc
  File "D:\Link Farm\Link\Lib\site-packages\playwright\_impl\_transport.py", line 120, in connect
    self._proc = await asyncio.create_subprocess_exec(
                 ^^^^^^^^^^^^^^^^^^^^^^^^^^^^^^^^^^^^^
  File "E:\python\Lib\asyncio\subprocess.py", line 221, in create_subprocess_exec
    transport, protocol = await loop.subprocess_exec(
                          ^^^^^^^^^^^^^^^^^^^^^^^^^^^
  File "E:\python\Lib\asyncio\base_events.py", line 1694, in subprocess_exec
    transport = await self._make_subprocess_transport(
                ^^^^^^^^^^^^^^^^^^^^^^^^^^^^^^^^^^^^^^
  File "E:\python\Lib\asyncio\base_events.py", line 502, in _make_subprocess_transport
    raise NotImplementedError
NotImplementedError
2025-11-11 12:58:29,111 - WDM - INFO - Get LATEST chromedriver version for google-chrome
2025-11-11 12:58:31,791 - WDM - INFO - Get LATEST chromedriver version for google-chrome
2025-11-11 12:58:32,172 - WDM - INFO - About to download new driver from https://chromedriver.storage.googleapis.com/114.0.5735.90/chromedriver_win32.zip
2025-11-11 12:58:32,433 - WDM - INFO - Driver downloading response is 200
2025-11-11 12:58:33,679 - WDM - INFO - Driver has been saved in cache [C:\Users\taha_\.wdm\drivers\chromedriver\win64\114.0.5735.90]
2025-11-11 12:58:34,136 - WDM - INFO - Get LATEST chromedriver version for google-chrome
2025-11-11 12:58:34,362 - WDM - INFO - About to download new driver from https://chromedriver.storage.googleapis.com/114.0.5735.90/chromedriver_win32.zip
2025-11-11 12:58:34,598 - WDM - INFO - Driver downloading response is 200
2025-11-11 12:58:35,921 - WDM - INFO - Get LATEST chromedriver version for google-chrome
2025-11-11 12:58:37,052 - WDM - INFO - Get LATEST chromedriver version for google-chrome
2025-11-11 12:58:37,337 - __main__ - ERROR - Selenium error for https://www.motocms.com/blog/en/how-to-implement-dynamic-content-for-a-personalized-website-experience/amp/?srsltid=AfmBOoqAgOS568CyF2ksda3kI_: Message: unknown error: cannot find Chrome binary
Stacktrace:
Backtrace:
	GetHandleVerifier [0x00FFA813+48355]
	(No symbol) [0x00F8C4B1]
	(No symbol) [0x00E95358]
	(No symbol) [0x00EB1A9E]
	(No symbol) [0x00EB0579]
	(No symbol) [0x00EE0C55]
	(No symbol) [0x00EE093C]
	(No symbol) [0x00EDA536]
	(No symbol) [0x00EB82DC]
	(No symbol) [0x00EB93DD]
	GetHandleVerifier [0x0125AABD+2539405]
	GetHandleVerifier [0x0129A78F+2800735]
	GetHandleVerifier [0x0129456C+2775612]
	GetHandleVerifier [0x010851E0+616112]
	(No symbol) [0x00F95F8C]
	(No symbol) [0x00F92328]
	(No symbol) [0x00F9240B]
	(No symbol) [0x00F84FF7]
	BaseThreadInitThunk [0x75195D49+25]
	RtlInitializeExceptionChain [0x7703D6DB+107]
	RtlGetAppContainerNamedObjectPath [0x7703D661+561]

2025-11-11 12:58:37,353 - __main__ - ERROR - All methods failed for https://www.motocms.com/blog/en/how-to-implement-dynamic-content-for-a-personalized-website-experience/amp/?srsltid=AfmBOoqAgOS568CyF2ksda3kI_
2025-11-11 12:58:37,355 - __main__ - INFO - Progress: 18/35 URLs processed
2025-11-11 12:58:39,124 - WDM - INFO - Get LATEST chromedriver version for google-chrome
2025-11-11 12:58:39,191 - __main__ - ERROR - HTTP 403 for https://deliberatedirections.com/transform-idea-into-online-store/
2025-11-11 12:58:39,191 - __main__ - WARNING - Basic failed for https://deliberatedirections.com/transform-idea-into-online-store/, trying Playwright...
2025-11-11 12:58:39,193 - __main__ - ERROR - Playwright error for https://deliberatedirections.com/transform-idea-into-online-store/: 
2025-11-11 12:58:39,193 - __main__ - WARNING - Playwright failed for https://deliberatedirections.com/transform-idea-into-online-store/, trying Selenium...
2025-11-11 12:58:39,193 - WDM - INFO - ====== WebDriver manager ======
2025-11-11 12:58:42,413 - WDM - INFO - Get LATEST chromedriver version for google-chrome
2025-11-11 12:58:43,904 - WDM - INFO - Get LATEST chromedriver version for google-chrome
2025-11-11 12:58:45,195 - WDM - INFO - Driver has been saved in cache [C:\Users\taha_\.wdm\drivers\chromedriver\win64\114.0.5735.90]
2025-11-11 12:58:48,033 - WDM - INFO - Get LATEST chromedriver version for google-chrome
2025-11-11 12:58:48,093 - __main__ - ERROR - Selenium error for https://dynadots.com/: Message: unknown error: cannot find Chrome binary
Stacktrace:
Backtrace:
	GetHandleVerifier [0x0071A813+48355]
	(No symbol) [0x006AC4B1]
	(No symbol) [0x005B5358]
	(No symbol) [0x005D1A9E]
	(No symbol) [0x005D0579]
	(No symbol) [0x00600C55]
	(No symbol) [0x0060093C]
	(No symbol) [0x005FA536]
	(No symbol) [0x005D82DC]
	(No symbol) [0x005D93DD]
	GetHandleVerifier [0x0097AABD+2539405]
	GetHandleVerifier [0x009BA78F+2800735]
	GetHandleVerifier [0x009B456C+2775612]
	GetHandleVerifier [0x007A51E0+616112]
	(No symbol) [0x006B5F8C]
	(No symbol) [0x006B2328]
	(No symbol) [0x006B240B]
	(No symbol) [0x006A4FF7]
	BaseThreadInitThunk [0x75195D49+25]
	RtlInitializeExceptionChain [0x7703D6DB+107]
	RtlGetAppContainerNamedObjectPath [0x7703D661+561]

2025-11-11 12:58:48,094 - __main__ - ERROR - All methods failed for https://dynadots.com/
2025-11-11 12:58:48,097 - __main__ - INFO - Progress: 19/35 URLs processed
2025-11-11 12:58:48,200 - WDM - INFO - Driver has been saved in cache [C:\Users\taha_\.wdm\drivers\chromedriver\win64\114.0.5735.90]
2025-11-11 12:58:49,181 - asyncio - ERROR - Future exception was never retrieved
future: <Future finished exception=NotImplementedError()>
Traceback (most recent call last):
  File "D:\Link Farm\Link.py", line 405, in extract_text_playwright
    with sync_playwright() as p:
  File "D:\Link Farm\Link\Lib\site-packages\playwright\sync_api\_context_manager.py", line 77, in __enter__
    dispatcher_fiber.switch()
  File "D:\Link Farm\Link\Lib\site-packages\playwright\sync_api\_context_manager.py", line 56, in greenlet_main
    self._loop.run_until_complete(self._connection.run_as_sync())
  File "E:\python\Lib\asyncio\base_events.py", line 653, in run_until_complete
    return future.result()
           ^^^^^^^^^^^^^^^
  File "D:\Link Farm\Link\Lib\site-packages\playwright\_impl\_connection.py", line 301, in run_as_sync
    await self.run()
  File "D:\Link Farm\Link\Lib\site-packages\playwright\_impl\_connection.py", line 310, in run
    await self._transport.connect()
  File "D:\Link Farm\Link\Lib\site-packages\playwright\_impl\_transport.py", line 133, in connect
    raise exc
  File "D:\Link Farm\Link\Lib\site-packages\playwright\_impl\_transport.py", line 120, in connect
    self._proc = await asyncio.create_subprocess_exec(
                 ^^^^^^^^^^^^^^^^^^^^^^^^^^^^^^^^^^^^^
  File "E:\python\Lib\asyncio\subprocess.py", line 221, in create_subprocess_exec
    transport, protocol = await loop.subprocess_exec(
                          ^^^^^^^^^^^^^^^^^^^^^^^^^^^
  File "E:\python\Lib\asyncio\base_events.py", line 1694, in subprocess_exec
    transport = await self._make_subprocess_transport(
                ^^^^^^^^^^^^^^^^^^^^^^^^^^^^^^^^^^^^^^
  File "E:\python\Lib\asyncio\base_events.py", line 502, in _make_subprocess_transport
    raise NotImplementedError
NotImplementedError
2025-11-11 12:58:49,426 - __main__ - INFO - Extracted 5000 chars from https://www.techloy.com/domain-flipping-your-2025-guide-to-digital-real-estate-profits/
2025-11-11 12:58:49,437 - __main__ - INFO - Progress: 20/35 URLs processed
2025-11-11 12:58:49,443 - WDM - INFO - Get LATEST chromedriver version for google-chrome
2025-11-11 12:58:49,648 - WDM - INFO - About to download new driver from https://chromedriver.storage.googleapis.com/114.0.5735.90/chromedriver_win32.zip
2025-11-11 12:58:49,853 - WDM - INFO - Driver downloading response is 200
2025-11-11 12:58:50,314 - WDM - INFO - Get LATEST chromedriver version for google-chrome
2025-11-11 12:58:50,875 - __main__ - ERROR - Selenium error for https://quickref.me/blog/email-api-how-to-send-emails-for-free/: Message: unknown error: cannot find Chrome binary
Stacktrace:
Backtrace:
	GetHandleVerifier [0x0071A813+48355]
	(No symbol) [0x006AC4B1]
	(No symbol) [0x005B5358]
	(No symbol) [0x005D1A9E]
	(No symbol) [0x005D0579]
	(No symbol) [0x00600C55]
	(No symbol) [0x0060093C]
	(No symbol) [0x005FA536]
	(No symbol) [0x005D82DC]
	(No symbol) [0x005D93DD]
	GetHandleVerifier [0x0097AABD+2539405]
	GetHandleVerifier [0x009BA78F+2800735]
	GetHandleVerifier [0x009B456C+2775612]
	GetHandleVerifier [0x007A51E0+616112]
	(No symbol) [0x006B5F8C]
	(No symbol) [0x006B2328]
	(No symbol) [0x006B240B]
	(No symbol) [0x006A4FF7]
	BaseThreadInitThunk [0x75195D49+25]
	RtlInitializeExceptionChain [0x7703D6DB+107]
	RtlGetAppContainerNamedObjectPath [0x7703D661+561]

2025-11-11 12:58:50,877 - __main__ - ERROR - All methods failed for https://quickref.me/blog/email-api-how-to-send-emails-for-free/
2025-11-11 12:58:50,879 - __main__ - INFO - Progress: 21/35 URLs processed
2025-11-11 12:58:51,604 - __main__ - INFO - Extracted 5000 chars from https://www.webpronews.com/domain-transfers-seo/
2025-11-11 12:58:51,635 - __main__ - INFO - Progress: 22/35 URLs processed
2025-11-11 12:58:52,116 - WDM - INFO - Get LATEST chromedriver version for google-chrome
2025-11-11 12:58:52,709 - __main__ - WARNING - Basic failed for https://softcircles.com/blog/clean-low-risk-domain-transfer, trying Playwright...
2025-11-11 12:58:52,711 - __main__ - ERROR - Playwright error for https://softcircles.com/blog/clean-low-risk-domain-transfer: 
2025-11-11 12:58:52,713 - __main__ - WARNING - Playwright failed for https://softcircles.com/blog/clean-low-risk-domain-transfer, trying Selenium...
2025-11-11 12:58:52,718 - WDM - INFO - ====== WebDriver manager ======
2025-11-11 12:58:53,550 - WDM - INFO - Driver has been saved in cache [C:\Users\taha_\.wdm\drivers\chromedriver\win64\114.0.5735.90]
2025-11-11 12:58:54,831 - __main__ - WARNING - Basic failed for https://enstinemuki.com/mistakes-to-avoid-while-using-expired-domains/, trying Playwright...
2025-11-11 12:58:54,870 - asyncio - ERROR - Future exception was never retrieved
future: <Future finished exception=NotImplementedError()>
Traceback (most recent call last):
  File "D:\Link Farm\Link.py", line 405, in extract_text_playwright
    with sync_playwright() as p:
  File "D:\Link Farm\Link\Lib\site-packages\playwright\sync_api\_context_manager.py", line 77, in __enter__
    dispatcher_fiber.switch()
  File "D:\Link Farm\Link\Lib\site-packages\playwright\sync_api\_context_manager.py", line 56, in greenlet_main
    self._loop.run_until_complete(self._connection.run_as_sync())
  File "E:\python\Lib\asyncio\base_events.py", line 653, in run_until_complete
    return future.result()
           ^^^^^^^^^^^^^^^
  File "D:\Link Farm\Link\Lib\site-packages\playwright\_impl\_connection.py", line 301, in run_as_sync
    await self.run()
  File "D:\Link Farm\Link\Lib\site-packages\playwright\_impl\_connection.py", line 310, in run
    await self._transport.connect()
  File "D:\Link Farm\Link\Lib\site-packages\playwright\_impl\_transport.py", line 133, in connect
    raise exc
  File "D:\Link Farm\Link\Lib\site-packages\playwright\_impl\_transport.py", line 120, in connect
    self._proc = await asyncio.create_subprocess_exec(
                 ^^^^^^^^^^^^^^^^^^^^^^^^^^^^^^^^^^^^^
  File "E:\python\Lib\asyncio\subprocess.py", line 221, in create_subprocess_exec
    transport, protocol = await loop.subprocess_exec(
                          ^^^^^^^^^^^^^^^^^^^^^^^^^^^
  File "E:\python\Lib\asyncio\base_events.py", line 1694, in subprocess_exec
    transport = await self._make_subprocess_transport(
                ^^^^^^^^^^^^^^^^^^^^^^^^^^^^^^^^^^^^^^
  File "E:\python\Lib\asyncio\base_events.py", line 502, in _make_subprocess_transport
    raise NotImplementedError
NotImplementedError
2025-11-11 12:58:54,914 - __main__ - ERROR - Playwright error for https://enstinemuki.com/mistakes-to-avoid-while-using-expired-domains/: 
2025-11-11 12:58:54,918 - __main__ - WARNING - Playwright failed for https://enstinemuki.com/mistakes-to-avoid-while-using-expired-domains/, trying Selenium...
2025-11-11 12:58:54,964 - WDM - INFO - ====== WebDriver manager ======
2025-11-11 12:58:56,585 - __main__ - ERROR - Selenium error for https://www.nogentech.org/leveraging-expired-domains-for-seo-success-tips-and-techniques/: Message: unknown error: cannot find Chrome binary
Stacktrace:
Backtrace:
	GetHandleVerifier [0x0071A813+48355]
	(No symbol) [0x006AC4B1]
	(No symbol) [0x005B5358]
	(No symbol) [0x005D1A9E]
	(No symbol) [0x005D0579]
	(No symbol) [0x00600C55]
	(No symbol) [0x0060093C]
	(No symbol) [0x005FA536]
	(No symbol) [0x005D82DC]
	(No symbol) [0x005D93DD]
	GetHandleVerifier [0x0097AABD+2539405]
	GetHandleVerifier [0x009BA78F+2800735]
	GetHandleVerifier [0x009B456C+2775612]
	GetHandleVerifier [0x007A51E0+616112]
	(No symbol) [0x006B5F8C]
	(No symbol) [0x006B2328]
	(No symbol) [0x006B240B]
	(No symbol) [0x006A4FF7]
	BaseThreadInitThunk [0x75195D49+25]
	RtlInitializeExceptionChain [0x7703D6DB+107]
	RtlGetAppContainerNamedObjectPath [0x7703D661+561]

2025-11-11 12:58:56,661 - __main__ - ERROR - All methods failed for https://www.nogentech.org/leveraging-expired-domains-for-seo-success-tips-and-techniques/
2025-11-11 12:58:56,662 - __main__ - INFO - Progress: 23/35 URLs processed
2025-11-11 12:58:58,114 - __main__ - WARNING - Basic failed for https://get.it.com/blog/common-domain-buying-mistakes-and-how-to-avoid-them/, trying Playwright...
2025-11-11 12:58:58,126 - __main__ - ERROR - Playwright error for https://get.it.com/blog/common-domain-buying-mistakes-and-how-to-avoid-them/: 
2025-11-11 12:58:58,132 - __main__ - WARNING - Playwright failed for https://get.it.com/blog/common-domain-buying-mistakes-and-how-to-avoid-them/, trying Selenium...
2025-11-11 12:58:58,139 - WDM - INFO - ====== WebDriver manager ======
2025-11-11 12:58:58,162 - WDM - INFO - Get LATEST chromedriver version for google-chrome
2025-11-11 12:58:58,295 - WDM - INFO - Driver has been saved in cache [C:\Users\taha_\.wdm\drivers\chromedriver\win64\114.0.5735.90]
2025-11-11 12:59:00,879 - __main__ - ERROR - Selenium error for https://techpilot.ai/how-to-generate-domain-name-ideas-using-chatgpt/: Message: unknown error: cannot find Chrome binary
Stacktrace:
Backtrace:
	GetHandleVerifier [0x0071A813+48355]
	(No symbol) [0x006AC4B1]
	(No symbol) [0x005B5358]
	(No symbol) [0x005D1A9E]
	(No symbol) [0x005D0579]
	(No symbol) [0x00600C55]
	(No symbol) [0x0060093C]
	(No symbol) [0x005FA536]
	(No symbol) [0x005D82DC]
	(No symbol) [0x005D93DD]
	GetHandleVerifier [0x0097AABD+2539405]
	GetHandleVerifier [0x009BA78F+2800735]
	GetHandleVerifier [0x009B456C+2775612]
	GetHandleVerifier [0x007A51E0+616112]
	(No symbol) [0x006B5F8C]
	(No symbol) [0x006B2328]
	(No symbol) [0x006B240B]
	(No symbol) [0x006A4FF7]
	BaseThreadInitThunk [0x75195D49+25]
	RtlInitializeExceptionChain [0x7703D6DB+107]
	RtlGetAppContainerNamedObjectPath [0x7703D661+561]

2025-11-11 12:59:00,927 - __main__ - ERROR - All methods failed for https://techpilot.ai/how-to-generate-domain-name-ideas-using-chatgpt/
2025-11-11 12:59:01,006 - __main__ - INFO - Progress: 24/35 URLs processed
2025-11-11 12:59:01,665 - WDM - INFO - Get LATEST chromedriver version for google-chrome
2025-11-11 12:59:01,940 - WDM - INFO - About to download new driver from https://chromedriver.storage.googleapis.com/114.0.5735.90/chromedriver_win32.zip
2025-11-11 12:59:02,160 - WDM - INFO - Driver downloading response is 200
2025-11-11 12:59:03,702 - __main__ - WARNING - Basic failed for https://thebetterwebmovement.com/how-to-analyze-expired-domains-growth-potential/, trying Playwright...
2025-11-11 12:59:03,704 - asyncio - ERROR - Future exception was never retrieved
future: <Future finished exception=NotImplementedError()>
Traceback (most recent call last):
  File "D:\Link Farm\Link.py", line 405, in extract_text_playwright
    with sync_playwright() as p:
  File "D:\Link Farm\Link\Lib\site-packages\playwright\sync_api\_context_manager.py", line 77, in __enter__
    dispatcher_fiber.switch()
  File "D:\Link Farm\Link\Lib\site-packages\playwright\sync_api\_context_manager.py", line 56, in greenlet_main
    self._loop.run_until_complete(self._connection.run_as_sync())
  File "E:\python\Lib\asyncio\base_events.py", line 653, in run_until_complete
    return future.result()
           ^^^^^^^^^^^^^^^
  File "D:\Link Farm\Link\Lib\site-packages\playwright\_impl\_connection.py", line 301, in run_as_sync
    await self.run()
  File "D:\Link Farm\Link\Lib\site-packages\playwright\_impl\_connection.py", line 310, in run
    await self._transport.connect()
  File "D:\Link Farm\Link\Lib\site-packages\playwright\_impl\_transport.py", line 133, in connect
    raise exc
  File "D:\Link Farm\Link\Lib\site-packages\playwright\_impl\_transport.py", line 120, in connect
    self._proc = await asyncio.create_subprocess_exec(
                 ^^^^^^^^^^^^^^^^^^^^^^^^^^^^^^^^^^^^^
  File "E:\python\Lib\asyncio\subprocess.py", line 221, in create_subprocess_exec
    transport, protocol = await loop.subprocess_exec(
                          ^^^^^^^^^^^^^^^^^^^^^^^^^^^
  File "E:\python\Lib\asyncio\base_events.py", line 1694, in subprocess_exec
    transport = await self._make_subprocess_transport(
                ^^^^^^^^^^^^^^^^^^^^^^^^^^^^^^^^^^^^^^
  File "E:\python\Lib\asyncio\base_events.py", line 502, in _make_subprocess_transport
    raise NotImplementedError
NotImplementedError
2025-11-11 12:59:03,706 - __main__ - ERROR - Playwright error for https://thebetterwebmovement.com/how-to-analyze-expired-domains-growth-potential/: 
2025-11-11 12:59:03,708 - __main__ - WARNING - Playwright failed for https://thebetterwebmovement.com/how-to-analyze-expired-domains-growth-potential/, trying Selenium...
2025-11-11 12:59:03,708 - WDM - INFO - ====== WebDriver manager ======
2025-11-11 12:59:03,823 - WDM - INFO - Get LATEST chromedriver version for google-chrome
2025-11-11 12:59:04,815 - WDM - INFO - Get LATEST chromedriver version for google-chrome
2025-11-11 12:59:05,089 - WDM - INFO - About to download new driver from https://chromedriver.storage.googleapis.com/114.0.5735.90/chromedriver_win32.zip
2025-11-11 12:59:05,258 - WDM - INFO - Get LATEST chromedriver version for google-chrome
2025-11-11 12:59:05,644 - WDM - INFO - Driver downloading response is 200
2025-11-11 12:59:05,990 - WDM - INFO - About to download new driver from https://chromedriver.storage.googleapis.com/114.0.5735.90/chromedriver_win32.zip
2025-11-11 12:59:07,265 - WDM - INFO - Driver has been saved in cache [C:\Users\taha_\.wdm\drivers\chromedriver\win64\114.0.5735.90]
2025-11-11 12:59:09,201 - WDM - INFO - Get LATEST chromedriver version for google-chrome
2025-11-11 12:59:09,807 - __main__ - ERROR - Selenium error for https://deliberatedirections.com/transform-idea-into-online-store/: Message: unknown error: cannot find Chrome binary
Stacktrace:
Backtrace:
	GetHandleVerifier [0x0071A813+48355]
	(No symbol) [0x006AC4B1]
	(No symbol) [0x005B5358]
	(No symbol) [0x005D1A9E]
	(No symbol) [0x005D0579]
	(No symbol) [0x00600C55]
	(No symbol) [0x0060093C]
	(No symbol) [0x005FA536]
	(No symbol) [0x005D82DC]
	(No symbol) [0x005D93DD]
	GetHandleVerifier [0x0097AABD+2539405]
	GetHandleVerifier [0x009BA78F+2800735]
	GetHandleVerifier [0x009B456C+2775612]
	GetHandleVerifier [0x007A51E0+616112]
	(No symbol) [0x006B5F8C]
	(No symbol) [0x006B2328]
	(No symbol) [0x006B240B]
	(No symbol) [0x006A4FF7]
	BaseThreadInitThunk [0x75195D49+25]
	RtlInitializeExceptionChain [0x7703D6DB+107]
	RtlGetAppContainerNamedObjectPath [0x7703D661+561]

2025-11-11 12:59:09,808 - __main__ - ERROR - All methods failed for https://deliberatedirections.com/transform-idea-into-online-store/
2025-11-11 12:59:09,809 - __main__ - INFO - Progress: 25/35 URLs processed
2025-11-11 12:59:11,128 - WDM - INFO - About to download new driver from https://chromedriver.storage.googleapis.com/114.0.5735.90/chromedriver_win32.zip
2025-11-11 12:59:12,354 - WDM - INFO - Driver downloading response is 200
2025-11-11 12:59:15,334 - __main__ - WARNING - Basic failed for https://www.under30ceo.com/build-a-business-website/, trying Playwright...
2025-11-11 12:59:15,347 - __main__ - ERROR - Playwright error for https://www.under30ceo.com/build-a-business-website/: 
2025-11-11 12:59:15,347 - __main__ - WARNING - Playwright failed for https://www.under30ceo.com/build-a-business-website/, trying Selenium...
2025-11-11 12:59:15,348 - WDM - INFO - ====== WebDriver manager ======
2025-11-11 12:59:18,367 - WDM - INFO - Driver downloading response is 200
2025-11-11 12:59:19,003 - WDM - INFO - Get LATEST chromedriver version for google-chrome
2025-11-11 12:59:19,003 - asyncio - ERROR - Future exception was never retrieved
future: <Future finished exception=NotImplementedError()>
Traceback (most recent call last):
  File "D:\Link Farm\Link.py", line 405, in extract_text_playwright
    with sync_playwright() as p:
  File "D:\Link Farm\Link\Lib\site-packages\playwright\sync_api\_context_manager.py", line 77, in __enter__
    dispatcher_fiber.switch()
  File "D:\Link Farm\Link\Lib\site-packages\playwright\sync_api\_context_manager.py", line 56, in greenlet_main
    self._loop.run_until_complete(self._connection.run_as_sync())
  File "E:\python\Lib\asyncio\base_events.py", line 653, in run_until_complete
    return future.result()
           ^^^^^^^^^^^^^^^
  File "D:\Link Farm\Link\Lib\site-packages\playwright\_impl\_connection.py", line 301, in run_as_sync
    await self.run()
  File "D:\Link Farm\Link\Lib\site-packages\playwright\_impl\_connection.py", line 310, in run
    await self._transport.connect()
  File "D:\Link Farm\Link\Lib\site-packages\playwright\_impl\_transport.py", line 133, in connect
    raise exc
  File "D:\Link Farm\Link\Lib\site-packages\playwright\_impl\_transport.py", line 120, in connect
    self._proc = await asyncio.create_subprocess_exec(
                 ^^^^^^^^^^^^^^^^^^^^^^^^^^^^^^^^^^^^^
  File "E:\python\Lib\asyncio\subprocess.py", line 221, in create_subprocess_exec
    transport, protocol = await loop.subprocess_exec(
                          ^^^^^^^^^^^^^^^^^^^^^^^^^^^
  File "E:\python\Lib\asyncio\base_events.py", line 1694, in subprocess_exec
    transport = await self._make_subprocess_transport(
                ^^^^^^^^^^^^^^^^^^^^^^^^^^^^^^^^^^^^^^
  File "E:\python\Lib\asyncio\base_events.py", line 502, in _make_subprocess_transport
    raise NotImplementedError
NotImplementedError
2025-11-11 12:59:23,023 - WDM - INFO - About to download new driver from https://chromedriver.storage.googleapis.com/114.0.5735.90/chromedriver_win32.zip
2025-11-11 12:59:27,988 - WDM - INFO - Driver downloading response is 200
2025-11-11 12:59:59,393 - WDM - INFO - Get LATEST chromedriver version for google-chrome
2025-11-11 13:00:06,175 - WDM - INFO - Get LATEST chromedriver version for google-chrome
2025-11-11 13:00:15,453 - WDM - INFO - Driver has been saved in cache [C:\Users\taha_\.wdm\drivers\chromedriver\win64\114.0.5735.90]
2025-11-11 13:00:18,024 - __main__ - ERROR - Selenium error for https://softcircles.com/blog/clean-low-risk-domain-transfer: Message: unknown error: cannot find Chrome binary
Stacktrace:
Backtrace:
	GetHandleVerifier [0x002BA813+48355]
	(No symbol) [0x0024C4B1]
	(No symbol) [0x00155358]
	(No symbol) [0x00171A9E]
	(No symbol) [0x00170579]
	(No symbol) [0x001A0C55]
	(No symbol) [0x001A093C]
	(No symbol) [0x0019A536]
	(No symbol) [0x001782DC]
	(No symbol) [0x001793DD]
	GetHandleVerifier [0x0051AABD+2539405]
	GetHandleVerifier [0x0055A78F+2800735]
	GetHandleVerifier [0x0055456C+2775612]
	GetHandleVerifier [0x003451E0+616112]
	(No symbol) [0x00255F8C]
	(No symbol) [0x00252328]
	(No symbol) [0x0025240B]
	(No symbol) [0x00244FF7]
	BaseThreadInitThunk [0x75195D49+25]
	RtlInitializeExceptionChain [0x7703D6DB+107]
	RtlGetAppContainerNamedObjectPath [0x7703D661+561]
	(No symbol) [0x00000000]

2025-11-11 13:00:18,024 - __main__ - ERROR - All methods failed for https://softcircles.com/blog/clean-low-risk-domain-transfer
2025-11-11 13:00:18,026 - __main__ - INFO - Progress: 26/35 URLs processed
2025-11-11 13:00:22,505 - __main__ - WARNING - Basic failed for https://www.startmotionmedia.com/expert-insights-on-domain-name-acquisition-strategies/, trying Playwright...
2025-11-11 13:00:22,505 - __main__ - ERROR - Playwright error for https://www.startmotionmedia.com/expert-insights-on-domain-name-acquisition-strategies/: 
2025-11-11 13:00:22,505 - __main__ - WARNING - Playwright failed for https://www.startmotionmedia.com/expert-insights-on-domain-name-acquisition-strategies/, trying Selenium...
2025-11-11 13:00:22,505 - WDM - INFO - ====== WebDriver manager ======
2025-11-11 13:00:26,496 - WDM - INFO - Get LATEST chromedriver version for google-chrome
2025-11-11 13:00:27,840 - WDM - INFO - About to download new driver from https://chromedriver.storage.googleapis.com/114.0.5735.90/chromedriver_win32.zip
2025-11-11 13:00:55,502 - __main__ - ERROR - Selenium error for https://www.startmotionmedia.com/expert-insights-on-domain-name-acquisition-strategies/: Could not reach host. Are you offline?
2025-11-11 13:00:55,517 - __main__ - ERROR - All methods failed for https://www.startmotionmedia.com/expert-insights-on-domain-name-acquisition-strategies/
2025-11-11 13:00:55,519 - __main__ - INFO - Progress: 27/35 URLs processed
2025-11-11 13:00:57,285 - asyncio - ERROR - Future exception was never retrieved
future: <Future finished exception=NotImplementedError()>
Traceback (most recent call last):
  File "D:\Link Farm\Link.py", line 405, in extract_text_playwright
    with sync_playwright() as p:
  File "D:\Link Farm\Link\Lib\site-packages\playwright\sync_api\_context_manager.py", line 77, in __enter__
    dispatcher_fiber.switch()
  File "D:\Link Farm\Link\Lib\site-packages\playwright\sync_api\_context_manager.py", line 56, in greenlet_main
    self._loop.run_until_complete(self._connection.run_as_sync())
  File "E:\python\Lib\asyncio\base_events.py", line 653, in run_until_complete
    return future.result()
           ^^^^^^^^^^^^^^^
  File "D:\Link Farm\Link\Lib\site-packages\playwright\_impl\_connection.py", line 301, in run_as_sync
    await self.run()
  File "D:\Link Farm\Link\Lib\site-packages\playwright\_impl\_connection.py", line 310, in run
    await self._transport.connect()
  File "D:\Link Farm\Link\Lib\site-packages\playwright\_impl\_transport.py", line 133, in connect
    raise exc
  File "D:\Link Farm\Link\Lib\site-packages\playwright\_impl\_transport.py", line 120, in connect
    self._proc = await asyncio.create_subprocess_exec(
                 ^^^^^^^^^^^^^^^^^^^^^^^^^^^^^^^^^^^^^
  File "E:\python\Lib\asyncio\subprocess.py", line 221, in create_subprocess_exec
    transport, protocol = await loop.subprocess_exec(
                          ^^^^^^^^^^^^^^^^^^^^^^^^^^^
  File "E:\python\Lib\asyncio\base_events.py", line 1694, in subprocess_exec
    transport = await self._make_subprocess_transport(
                ^^^^^^^^^^^^^^^^^^^^^^^^^^^^^^^^^^^^^^
  File "E:\python\Lib\asyncio\base_events.py", line 502, in _make_subprocess_transport
    raise NotImplementedError
NotImplementedError
2025-11-11 13:00:57,289 - __main__ - WARNING - Basic failed for https://softcircles.com/blog/website-terminology-top-essential-terms-for-your-web-project, trying Playwright...
2025-11-11 13:00:57,291 - __main__ - ERROR - Playwright error for https://softcircles.com/blog/website-terminology-top-essential-terms-for-your-web-project: 
2025-11-11 13:00:57,291 - __main__ - WARNING - Playwright failed for https://softcircles.com/blog/website-terminology-top-essential-terms-for-your-web-project, trying Selenium...
2025-11-11 13:00:57,291 - WDM - INFO - ====== WebDriver manager ======
2025-11-11 13:01:01,851 - WDM - INFO - Get LATEST chromedriver version for google-chrome
2025-11-11 13:01:03,177 - WDM - INFO - Get LATEST chromedriver version for google-chrome
2025-11-11 13:01:04,084 - WDM - INFO - About to download new driver from https://chromedriver.storage.googleapis.com/114.0.5735.90/chromedriver_win32.zip
2025-11-11 13:01:05,685 - WDM - INFO - Get LATEST chromedriver version for google-chrome
2025-11-11 13:01:05,757 - WDM - INFO - Driver downloading response is 200
2025-11-11 13:01:08,873 - WDM - INFO - Get LATEST chromedriver version for google-chrome
2025-11-11 13:01:11,618 - WDM - INFO - Get LATEST chromedriver version for google-chrome
2025-11-11 13:01:11,752 - WDM - INFO - Driver has been saved in cache [C:\Users\taha_\.wdm\drivers\chromedriver\win64\114.0.5735.90]
2025-11-11 13:01:14,322 - __main__ - ERROR - Selenium error for https://get.it.com/blog/common-domain-buying-mistakes-and-how-to-avoid-them/: Message: unknown error: cannot find Chrome binary
Stacktrace:
Backtrace:
	GetHandleVerifier [0x0023A813+48355]
	(No symbol) [0x001CC4B1]
	(No symbol) [0x000D5358]
	(No symbol) [0x000F1A9E]
	(No symbol) [0x000F0579]
	(No symbol) [0x00120C55]
	(No symbol) [0x0012093C]
	(No symbol) [0x0011A536]
	(No symbol) [0x000F82DC]
	(No symbol) [0x000F93DD]
	GetHandleVerifier [0x0049AABD+2539405]
	GetHandleVerifier [0x004DA78F+2800735]
	GetHandleVerifier [0x004D456C+2775612]
	GetHandleVerifier [0x002C51E0+616112]
	(No symbol) [0x001D5F8C]
	(No symbol) [0x001D2328]
	(No symbol) [0x001D240B]
	(No symbol) [0x001C4FF7]
	BaseThreadInitThunk [0x75195D49+25]
	RtlInitializeExceptionChain [0x7703D6DB+107]
	RtlGetAppContainerNamedObjectPath [0x7703D661+561]
	(No symbol) [0x00000000]

2025-11-11 13:01:14,325 - __main__ - ERROR - All methods failed for https://get.it.com/blog/common-domain-buying-mistakes-and-how-to-avoid-them/
2025-11-11 13:01:14,327 - __main__ - INFO - Progress: 28/35 URLs processed
2025-11-11 13:01:16,263 - WDM - INFO - Driver has been saved in cache [C:\Users\taha_\.wdm\drivers\chromedriver\win64\114.0.5735.90]
2025-11-11 13:01:17,083 - __main__ - ERROR - HTTP 403 for https://deliberatedirections.com/domain-names-vs-websites-most-people-get-this-wrong/
2025-11-11 13:01:17,083 - __main__ - WARNING - Basic failed for https://deliberatedirections.com/domain-names-vs-websites-most-people-get-this-wrong/, trying Playwright...
2025-11-11 13:01:17,093 - __main__ - ERROR - Playwright error for https://deliberatedirections.com/domain-names-vs-websites-most-people-get-this-wrong/: 
2025-11-11 13:01:17,093 - __main__ - WARNING - Playwright failed for https://deliberatedirections.com/domain-names-vs-websites-most-people-get-this-wrong/, trying Selenium...
2025-11-11 13:01:17,095 - WDM - INFO - ====== WebDriver manager ======
2025-11-11 13:01:18,825 - __main__ - ERROR - Selenium error for https://enstinemuki.com/mistakes-to-avoid-while-using-expired-domains/: Message: unknown error: cannot find Chrome binary
Stacktrace:
Backtrace:
	GetHandleVerifier [0x0023A813+48355]
	(No symbol) [0x001CC4B1]
	(No symbol) [0x000D5358]
	(No symbol) [0x000F1A9E]
	(No symbol) [0x000F0579]
	(No symbol) [0x00120C55]
	(No symbol) [0x0012093C]
	(No symbol) [0x0011A536]
	(No symbol) [0x000F82DC]
	(No symbol) [0x000F93DD]
	GetHandleVerifier [0x0049AABD+2539405]
	GetHandleVerifier [0x004DA78F+2800735]
	GetHandleVerifier [0x004D456C+2775612]
	GetHandleVerifier [0x002C51E0+616112]
	(No symbol) [0x001D5F8C]
	(No symbol) [0x001D2328]
	(No symbol) [0x001D240B]
	(No symbol) [0x001C4FF7]
	BaseThreadInitThunk [0x75195D49+25]
	RtlInitializeExceptionChain [0x7703D6DB+107]
	RtlGetAppContainerNamedObjectPath [0x7703D661+561]
	(No symbol) [0x00000000]

2025-11-11 13:01:18,827 - __main__ - ERROR - All methods failed for https://enstinemuki.com/mistakes-to-avoid-while-using-expired-domains/
2025-11-11 13:01:18,827 - __main__ - INFO - Progress: 29/35 URLs processed
2025-11-11 13:01:20,779 - WDM - INFO - Get LATEST chromedriver version for google-chrome
2025-11-11 13:01:22,945 - __main__ - WARNING - Basic failed for https://www.mefoto.com/photo-portfolio-domain-transfer/, trying Playwright...
2025-11-11 13:01:22,946 - __main__ - ERROR - Playwright error for https://www.mefoto.com/photo-portfolio-domain-transfer/: 
2025-11-11 13:01:22,947 - __main__ - WARNING - Playwright failed for https://www.mefoto.com/photo-portfolio-domain-transfer/, trying Selenium...
2025-11-11 13:01:22,947 - WDM - INFO - ====== WebDriver manager ======
2025-11-11 13:01:25,234 - WDM - INFO - About to download new driver from https://chromedriver.storage.googleapis.com/114.0.5735.90/chromedriver_win32.zip
2025-11-11 13:01:27,197 - WDM - INFO - Get LATEST chromedriver version for google-chrome
2025-11-11 13:01:27,199 - asyncio - ERROR - Future exception was never retrieved
future: <Future finished exception=NotImplementedError()>
Traceback (most recent call last):
  File "D:\Link Farm\Link.py", line 405, in extract_text_playwright
    with sync_playwright() as p:
  File "D:\Link Farm\Link\Lib\site-packages\playwright\sync_api\_context_manager.py", line 77, in __enter__
    dispatcher_fiber.switch()
  File "D:\Link Farm\Link\Lib\site-packages\playwright\sync_api\_context_manager.py", line 56, in greenlet_main
    self._loop.run_until_complete(self._connection.run_as_sync())
  File "E:\python\Lib\asyncio\base_events.py", line 653, in run_until_complete
    return future.result()
           ^^^^^^^^^^^^^^^
  File "D:\Link Farm\Link\Lib\site-packages\playwright\_impl\_connection.py", line 301, in run_as_sync
    await self.run()
  File "D:\Link Farm\Link\Lib\site-packages\playwright\_impl\_connection.py", line 310, in run
    await self._transport.connect()
  File "D:\Link Farm\Link\Lib\site-packages\playwright\_impl\_transport.py", line 133, in connect
    raise exc
  File "D:\Link Farm\Link\Lib\site-packages\playwright\_impl\_transport.py", line 120, in connect
    self._proc = await asyncio.create_subprocess_exec(
                 ^^^^^^^^^^^^^^^^^^^^^^^^^^^^^^^^^^^^^
  File "E:\python\Lib\asyncio\subprocess.py", line 221, in create_subprocess_exec
    transport, protocol = await loop.subprocess_exec(
                          ^^^^^^^^^^^^^^^^^^^^^^^^^^^
  File "E:\python\Lib\asyncio\base_events.py", line 1694, in subprocess_exec
    transport = await self._make_subprocess_transport(
                ^^^^^^^^^^^^^^^^^^^^^^^^^^^^^^^^^^^^^^
  File "E:\python\Lib\asyncio\base_events.py", line 502, in _make_subprocess_transport
    raise NotImplementedError
NotImplementedError
2025-11-11 13:01:27,203 - asyncio - ERROR - Future exception was never retrieved
future: <Future finished exception=NotImplementedError()>
Traceback (most recent call last):
  File "D:\Link Farm\Link.py", line 405, in extract_text_playwright
    with sync_playwright() as p:
  File "D:\Link Farm\Link\Lib\site-packages\playwright\sync_api\_context_manager.py", line 77, in __enter__
    dispatcher_fiber.switch()
  File "D:\Link Farm\Link\Lib\site-packages\playwright\sync_api\_context_manager.py", line 56, in greenlet_main
    self._loop.run_until_complete(self._connection.run_as_sync())
  File "E:\python\Lib\asyncio\base_events.py", line 653, in run_until_complete
    return future.result()
           ^^^^^^^^^^^^^^^
  File "D:\Link Farm\Link\Lib\site-packages\playwright\_impl\_connection.py", line 301, in run_as_sync
    await self.run()
  File "D:\Link Farm\Link\Lib\site-packages\playwright\_impl\_connection.py", line 310, in run
    await self._transport.connect()
  File "D:\Link Farm\Link\Lib\site-packages\playwright\_impl\_transport.py", line 133, in connect
    raise exc
  File "D:\Link Farm\Link\Lib\site-packages\playwright\_impl\_transport.py", line 120, in connect
    self._proc = await asyncio.create_subprocess_exec(
                 ^^^^^^^^^^^^^^^^^^^^^^^^^^^^^^^^^^^^^
  File "E:\python\Lib\asyncio\subprocess.py", line 221, in create_subprocess_exec
    transport, protocol = await loop.subprocess_exec(
                          ^^^^^^^^^^^^^^^^^^^^^^^^^^^
  File "E:\python\Lib\asyncio\base_events.py", line 1694, in subprocess_exec
    transport = await self._make_subprocess_transport(
                ^^^^^^^^^^^^^^^^^^^^^^^^^^^^^^^^^^^^^^
  File "E:\python\Lib\asyncio\base_events.py", line 502, in _make_subprocess_transport
    raise NotImplementedError
NotImplementedError
2025-11-11 13:01:27,208 - asyncio - ERROR - Future exception was never retrieved
future: <Future finished exception=NotImplementedError()>
Traceback (most recent call last):
  File "D:\Link Farm\Link.py", line 405, in extract_text_playwright
    with sync_playwright() as p:
  File "D:\Link Farm\Link\Lib\site-packages\playwright\sync_api\_context_manager.py", line 77, in __enter__
    dispatcher_fiber.switch()
  File "D:\Link Farm\Link\Lib\site-packages\playwright\sync_api\_context_manager.py", line 56, in greenlet_main
    self._loop.run_until_complete(self._connection.run_as_sync())
  File "E:\python\Lib\asyncio\base_events.py", line 653, in run_until_complete
    return future.result()
           ^^^^^^^^^^^^^^^
  File "D:\Link Farm\Link\Lib\site-packages\playwright\_impl\_connection.py", line 301, in run_as_sync
    await self.run()
  File "D:\Link Farm\Link\Lib\site-packages\playwright\_impl\_connection.py", line 310, in run
    await self._transport.connect()
  File "D:\Link Farm\Link\Lib\site-packages\playwright\_impl\_transport.py", line 133, in connect
    raise exc
  File "D:\Link Farm\Link\Lib\site-packages\playwright\_impl\_transport.py", line 120, in connect
    self._proc = await asyncio.create_subprocess_exec(
                 ^^^^^^^^^^^^^^^^^^^^^^^^^^^^^^^^^^^^^
  File "E:\python\Lib\asyncio\subprocess.py", line 221, in create_subprocess_exec
    transport, protocol = await loop.subprocess_exec(
                          ^^^^^^^^^^^^^^^^^^^^^^^^^^^
  File "E:\python\Lib\asyncio\base_events.py", line 1694, in subprocess_exec
    transport = await self._make_subprocess_transport(
                ^^^^^^^^^^^^^^^^^^^^^^^^^^^^^^^^^^^^^^
  File "E:\python\Lib\asyncio\base_events.py", line 502, in _make_subprocess_transport
    raise NotImplementedError
NotImplementedError
2025-11-11 13:01:28,271 - WDM - INFO - Get LATEST chromedriver version for google-chrome
2025-11-11 13:01:38,068 - WDM - INFO - About to download new driver from https://chromedriver.storage.googleapis.com/114.0.5735.90/chromedriver_win32.zip
2025-11-11 13:01:38,431 - WDM - INFO - Driver downloading response is 200
2025-11-11 13:01:40,667 - WDM - INFO - Get LATEST chromedriver version for google-chrome
2025-11-11 13:01:41,676 - WDM - INFO - Driver downloading response is 200
2025-11-11 13:01:47,030 - WDM - INFO - Get LATEST chromedriver version for google-chrome
2025-11-11 13:01:47,112 - WDM - INFO - Driver has been saved in cache [C:\Users\taha_\.wdm\drivers\chromedriver\win64\114.0.5735.90]
2025-11-11 13:01:49,683 - __main__ - ERROR - Selenium error for https://softcircles.com/blog/website-terminology-top-essential-terms-for-your-web-project: Message: unknown error: cannot find Chrome binary
Stacktrace:
Backtrace:
	GetHandleVerifier [0x0111A813+48355]
	(No symbol) [0x010AC4B1]
	(No symbol) [0x00FB5358]
	(No symbol) [0x00FD1A9E]
	(No symbol) [0x00FD0579]
	(No symbol) [0x01000C55]
	(No symbol) [0x0100093C]
	(No symbol) [0x00FFA536]
	(No symbol) [0x00FD82DC]
	(No symbol) [0x00FD93DD]
	GetHandleVerifier [0x0137AABD+2539405]
	GetHandleVerifier [0x013BA78F+2800735]
	GetHandleVerifier [0x013B456C+2775612]
	GetHandleVerifier [0x011A51E0+616112]
	(No symbol) [0x010B5F8C]
	(No symbol) [0x010B2328]
	(No symbol) [0x010B240B]
	(No symbol) [0x010A4FF7]
	BaseThreadInitThunk [0x75195D49+25]
	RtlInitializeExceptionChain [0x7703D6DB+107]
	RtlGetAppContainerNamedObjectPath [0x7703D661+561]

2025-11-11 13:01:49,684 - __main__ - ERROR - All methods failed for https://softcircles.com/blog/website-terminology-top-essential-terms-for-your-web-project
2025-11-11 13:01:49,686 - __main__ - INFO - Progress: 30/35 URLs processed
2025-11-11 13:01:49,933 - WDM - INFO - Get LATEST chromedriver version for google-chrome
2025-11-11 13:01:52,449 - asyncio - ERROR - Future exception was never retrieved
future: <Future finished exception=NotImplementedError()>
Traceback (most recent call last):
  File "D:\Link Farm\Link.py", line 405, in extract_text_playwright
    with sync_playwright() as p:
  File "D:\Link Farm\Link\Lib\site-packages\playwright\sync_api\_context_manager.py", line 77, in __enter__
    dispatcher_fiber.switch()
  File "D:\Link Farm\Link\Lib\site-packages\playwright\sync_api\_context_manager.py", line 56, in greenlet_main
    self._loop.run_until_complete(self._connection.run_as_sync())
  File "E:\python\Lib\asyncio\base_events.py", line 653, in run_until_complete
    return future.result()
           ^^^^^^^^^^^^^^^
  File "D:\Link Farm\Link\Lib\site-packages\playwright\_impl\_connection.py", line 301, in run_as_sync
    await self.run()
  File "D:\Link Farm\Link\Lib\site-packages\playwright\_impl\_connection.py", line 310, in run
    await self._transport.connect()
  File "D:\Link Farm\Link\Lib\site-packages\playwright\_impl\_transport.py", line 133, in connect
    raise exc
  File "D:\Link Farm\Link\Lib\site-packages\playwright\_impl\_transport.py", line 120, in connect
    self._proc = await asyncio.create_subprocess_exec(
                 ^^^^^^^^^^^^^^^^^^^^^^^^^^^^^^^^^^^^^
  File "E:\python\Lib\asyncio\subprocess.py", line 221, in create_subprocess_exec
    transport, protocol = await loop.subprocess_exec(
                          ^^^^^^^^^^^^^^^^^^^^^^^^^^^
  File "E:\python\Lib\asyncio\base_events.py", line 1694, in subprocess_exec
    transport = await self._make_subprocess_transport(
                ^^^^^^^^^^^^^^^^^^^^^^^^^^^^^^^^^^^^^^
  File "E:\python\Lib\asyncio\base_events.py", line 502, in _make_subprocess_transport
    raise NotImplementedError
NotImplementedError
2025-11-11 13:01:52,453 - asyncio - ERROR - Future exception was never retrieved
future: <Future finished exception=NotImplementedError()>
Traceback (most recent call last):
  File "D:\Link Farm\Link.py", line 405, in extract_text_playwright
    with sync_playwright() as p:
  File "D:\Link Farm\Link\Lib\site-packages\playwright\sync_api\_context_manager.py", line 77, in __enter__
    dispatcher_fiber.switch()
  File "D:\Link Farm\Link\Lib\site-packages\playwright\sync_api\_context_manager.py", line 56, in greenlet_main
    self._loop.run_until_complete(self._connection.run_as_sync())
  File "E:\python\Lib\asyncio\base_events.py", line 653, in run_until_complete
    return future.result()
           ^^^^^^^^^^^^^^^
  File "D:\Link Farm\Link\Lib\site-packages\playwright\_impl\_connection.py", line 301, in run_as_sync
    await self.run()
  File "D:\Link Farm\Link\Lib\site-packages\playwright\_impl\_connection.py", line 310, in run
    await self._transport.connect()
  File "D:\Link Farm\Link\Lib\site-packages\playwright\_impl\_transport.py", line 133, in connect
    raise exc
  File "D:\Link Farm\Link\Lib\site-packages\playwright\_impl\_transport.py", line 120, in connect
    self._proc = await asyncio.create_subprocess_exec(
                 ^^^^^^^^^^^^^^^^^^^^^^^^^^^^^^^^^^^^^
  File "E:\python\Lib\asyncio\subprocess.py", line 221, in create_subprocess_exec
    transport, protocol = await loop.subprocess_exec(
                          ^^^^^^^^^^^^^^^^^^^^^^^^^^^
  File "E:\python\Lib\asyncio\base_events.py", line 1694, in subprocess_exec
    transport = await self._make_subprocess_transport(
                ^^^^^^^^^^^^^^^^^^^^^^^^^^^^^^^^^^^^^^
  File "E:\python\Lib\asyncio\base_events.py", line 502, in _make_subprocess_transport
    raise NotImplementedError
NotImplementedError
2025-11-11 13:01:52,517 - __main__ - INFO - Extracted 4743 chars from https://thefutureofthings.com/11773-cheap-domain-hosting-worth-cost/
2025-11-11 13:01:52,521 - __main__ - INFO - Progress: 31/35 URLs processed
2025-11-11 13:01:53,181 - WDM - INFO - Driver has been saved in cache [C:\Users\taha_\.wdm\drivers\chromedriver\win64\114.0.5735.90]
2025-11-11 13:01:55,728 - WDM - INFO - Get LATEST chromedriver version for google-chrome
2025-11-11 13:01:55,745 - __main__ - ERROR - Selenium error for https://www.under30ceo.com/build-a-business-website/: Message: unknown error: cannot find Chrome binary
Stacktrace:
Backtrace:
	GetHandleVerifier [0x003BA813+48355]
	(No symbol) [0x0034C4B1]
	(No symbol) [0x00255358]
	(No symbol) [0x00271A9E]
	(No symbol) [0x00270579]
	(No symbol) [0x002A0C55]
	(No symbol) [0x002A093C]
	(No symbol) [0x0029A536]
	(No symbol) [0x002782DC]
	(No symbol) [0x002793DD]
	GetHandleVerifier [0x0061AABD+2539405]
	GetHandleVerifier [0x0065A78F+2800735]
	GetHandleVerifier [0x0065456C+2775612]
	GetHandleVerifier [0x004451E0+616112]
	(No symbol) [0x00355F8C]
	(No symbol) [0x00352328]
	(No symbol) [0x0035240B]
	(No symbol) [0x00344FF7]
	BaseThreadInitThunk [0x75195D49+25]
	RtlInitializeExceptionChain [0x7703D6DB+107]
	RtlGetAppContainerNamedObjectPath [0x7703D661+561]

2025-11-11 13:01:55,745 - __main__ - ERROR - All methods failed for https://www.under30ceo.com/build-a-business-website/
2025-11-11 13:01:55,745 - __main__ - INFO - Progress: 32/35 URLs processed
2025-11-11 13:02:06,917 - __main__ - ERROR - Selenium error for https://thebetterwebmovement.com/how-to-analyze-expired-domains-growth-potential/: Could not reach host. Are you offline?
2025-11-11 13:02:06,917 - __main__ - ERROR - All methods failed for https://thebetterwebmovement.com/how-to-analyze-expired-domains-growth-potential/
2025-11-11 13:02:06,917 - __main__ - INFO - Progress: 33/35 URLs processed
2025-11-11 13:02:21,237 - WDM - INFO - Get LATEST chromedriver version for google-chrome
2025-11-11 13:02:21,287 - WDM - INFO - Get LATEST chromedriver version for google-chrome
2025-11-11 13:02:23,910 - WDM - INFO - Get LATEST chromedriver version for google-chrome
2025-11-11 13:02:23,972 - WDM - INFO - Get LATEST chromedriver version for google-chrome
2025-11-11 13:02:26,597 - WDM - INFO - Driver has been saved in cache [C:\Users\taha_\.wdm\drivers\chromedriver\win64\114.0.5735.90]
2025-11-11 13:02:26,600 - WDM - INFO - Driver has been saved in cache [C:\Users\taha_\.wdm\drivers\chromedriver\win64\114.0.5735.90]
2025-11-11 13:02:29,179 - __main__ - ERROR - Selenium error for https://deliberatedirections.com/domain-names-vs-websites-most-people-get-this-wrong/: Message: unknown error: cannot find Chrome binary
Stacktrace:
Backtrace:
	GetHandleVerifier [0x006DA813+48355]
	(No symbol) [0x0066C4B1]
	(No symbol) [0x00575358]
	(No symbol) [0x00591A9E]
	(No symbol) [0x00590579]
	(No symbol) [0x005C0C55]
	(No symbol) [0x005C093C]
	(No symbol) [0x005BA536]
	(No symbol) [0x005982DC]
	(No symbol) [0x005993DD]
	GetHandleVerifier [0x0093AABD+2539405]
	GetHandleVerifier [0x0097A78F+2800735]
	GetHandleVerifier [0x0097456C+2775612]
	GetHandleVerifier [0x007651E0+616112]
	(No symbol) [0x00675F8C]
	(No symbol) [0x00672328]
	(No symbol) [0x0067240B]
	(No symbol) [0x00664FF7]
	BaseThreadInitThunk [0x75195D49+25]
	RtlInitializeExceptionChain [0x7703D6DB+107]
	RtlGetAppContainerNamedObjectPath [0x7703D661+561]

2025-11-11 13:02:29,180 - __main__ - ERROR - Selenium error for https://www.mefoto.com/photo-portfolio-domain-transfer/: Message: unknown error: cannot find Chrome binary
Stacktrace:
Backtrace:
	GetHandleVerifier [0x006DA813+48355]
	(No symbol) [0x0066C4B1]
	(No symbol) [0x00575358]
	(No symbol) [0x00591A9E]
	(No symbol) [0x00590579]
	(No symbol) [0x005C0C55]
	(No symbol) [0x005C093C]
	(No symbol) [0x005BA536]
	(No symbol) [0x005982DC]
	(No symbol) [0x005993DD]
	GetHandleVerifier [0x0093AABD+2539405]
	GetHandleVerifier [0x0097A78F+2800735]
	GetHandleVerifier [0x0097456C+2775612]
	GetHandleVerifier [0x007651E0+616112]
	(No symbol) [0x00675F8C]
	(No symbol) [0x00672328]
	(No symbol) [0x0067240B]
	(No symbol) [0x00664FF7]
	BaseThreadInitThunk [0x75195D49+25]
	RtlInitializeExceptionChain [0x7703D6DB+107]
	RtlGetAppContainerNamedObjectPath [0x7703D661+561]

2025-11-11 13:02:29,180 - __main__ - ERROR - All methods failed for https://deliberatedirections.com/domain-names-vs-websites-most-people-get-this-wrong/
2025-11-11 13:02:29,180 - __main__ - ERROR - All methods failed for https://www.mefoto.com/photo-portfolio-domain-transfer/
2025-11-11 13:02:29,180 - __main__ - INFO - Progress: 34/35 URLs processed
2025-11-11 13:02:29,183 - __main__ - INFO - Progress: 35/35 URLs processed
2025-11-11 13:02:29,218 - __main__ - INFO - Bulk analysis complete: 34 results
2025-11-11 13:02:29,462 - __main__ - INFO - Gemini client initialized
2025-11-11 13:05:14,830 - __main__ - INFO - Gemini connected
2025-11-11 13:05:20,664 - __main__ - INFO - Gemini connected
2025-11-11 13:05:20,672 - __main__ - INFO - Loading model: all-MiniLM-L6-v2
2025-11-11 13:05:20,680 - sentence_transformers.SentenceTransformer - INFO - Use pytorch device_name: cpu
2025-11-11 13:05:20,682 - sentence_transformers.SentenceTransformer - INFO - Load pretrained SentenceTransformer: all-MiniLM-L6-v2
2025-11-11 13:05:23,542 - __main__ - INFO - Model loaded
2025-11-11 13:05:24,485 - __main__ - INFO - Gemini connected
2025-11-11 13:05:30,598 - __main__ - INFO - Gemini connected
2025-11-11 13:05:36,263 - __main__ - INFO - Gemini connected
2025-11-11 13:05:36,316 - __main__ - INFO - Bulk analysis of 34 pairs
2025-11-11 13:05:36,316 - __main__ - INFO - Extracting from 35 unique URLs...
2025-11-11 13:05:37,308 - __main__ - WARNING - Basic failed for https://kreafolk.com/blogs/news/how-digital-communities-inspire-creative-problem-solving, trying Selenium...
2025-11-11 13:05:37,308 - WDM - INFO - ====== WebDriver manager ======
2025-11-11 13:05:37,708 - __main__ - WARNING - Basic failed for https://droitthemes.com/how-businesses-can-leverage-modern-domain-name-trends/, trying Selenium...
2025-11-11 13:05:37,708 - WDM - INFO - ====== WebDriver manager ======
2025-11-11 13:05:38,822 - __main__ - WARNING - Basic failed for https://globalgurus.org/5-strategies-for-acquiring-valuable-deleted-domains-in-todays-market/, trying Selenium...
2025-11-11 13:05:38,822 - WDM - INFO - ====== WebDriver manager ======
2025-11-11 13:05:39,247 - __main__ - INFO - Extracted 5000 chars from https://businessabc.net/domain-vs-website-what-every-startup-actually-needs-to-know
2025-11-11 13:05:39,980 - __main__ - INFO - Extracted 5000 chars from https://businessabc.net/seo-strategy-what-s-the-ultimate-plan
2025-11-11 13:05:41,078 - __main__ - WARNING - Basic failed for https://www.sitepronews.com/2020/05/14/top-5-reasons-to-buy-expired-domains/, trying Selenium...
2025-11-11 13:05:41,079 - WDM - INFO - ====== WebDriver manager ======
2025-11-11 13:05:41,371 - __main__ - INFO - Extracted 5000 chars from https://www.get.inc/blog/juice-bar-businesss-name-ideas
2025-11-11 13:05:42,103 - __main__ - ERROR - HTTP 403 for https://www.tmcnet.com/topics/articles/2025/08/28/462697-mapping-brands-online-identity-what-every-tech-leader.htm
2025-11-11 13:05:42,117 - __main__ - WARNING - Basic failed for https://www.tmcnet.com/topics/articles/2025/08/28/462697-mapping-brands-online-identity-what-every-tech-leader.htm, trying Selenium...
2025-11-11 13:05:42,126 - WDM - INFO - ====== WebDriver manager ======
2025-11-11 13:05:42,824 - WDM - INFO - Get LATEST chromedriver version for google-chrome
2025-11-11 13:05:43,031 - WDM - INFO - About to download new driver from https://chromedriver.storage.googleapis.com/114.0.5735.90/chromedriver_win32.zip
2025-11-11 13:05:43,241 - WDM - INFO - Driver downloading response is 200
2025-11-11 13:05:44,411 - WDM - INFO - Get LATEST chromedriver version for google-chrome
2025-11-11 13:05:44,752 - WDM - INFO - About to download new driver from https://chromedriver.storage.googleapis.com/114.0.5735.90/chromedriver_win32.zip
2025-11-11 13:05:45,054 - WDM - INFO - Driver downloading response is 200
2025-11-11 13:05:46,499 - WDM - INFO - Get LATEST chromedriver version for google-chrome
2025-11-11 13:05:47,180 - WDM - INFO - About to download new driver from https://chromedriver.storage.googleapis.com/114.0.5735.90/chromedriver_win32.zip
2025-11-11 13:05:47,559 - WDM - INFO - Driver downloading response is 200
2025-11-11 13:05:48,791 - WDM - INFO - Get LATEST chromedriver version for google-chrome
2025-11-11 13:05:49,042 - WDM - INFO - Get LATEST chromedriver version for google-chrome
2025-11-11 13:05:49,150 - WDM - INFO - About to download new driver from https://chromedriver.storage.googleapis.com/114.0.5735.90/chromedriver_win32.zip
2025-11-11 13:05:49,342 - WDM - INFO - About to download new driver from https://chromedriver.storage.googleapis.com/114.0.5735.90/chromedriver_win32.zip
2025-11-11 13:05:49,581 - WDM - INFO - Driver downloading response is 200
2025-11-11 13:05:49,869 - WDM - INFO - Driver downloading response is 200
2025-11-11 13:05:50,747 - WDM - INFO - Get LATEST chromedriver version for google-chrome
2025-11-11 13:05:53,380 - WDM - INFO - Get LATEST chromedriver version for google-chrome
2025-11-11 13:05:57,498 - WDM - INFO - Driver has been saved in cache [C:\Users\taha_\.wdm\drivers\chromedriver\win64\114.0.5735.90]
2025-11-11 13:06:00,067 - __main__ - ERROR - Selenium error for https://kreafolk.com/blogs/news/how-digital-communities-inspire-creative-problem-solving: Message: unknown error: cannot find Chrome binary
Stacktrace:
Backtrace:
	GetHandleVerifier [0x00E2A813+48355]
	(No symbol) [0x00DBC4B1]
	(No symbol) [0x00CC5358]
	(No symbol) [0x00CE1A9E]
	(No symbol) [0x00CE0579]
	(No symbol) [0x00D10C55]
	(No symbol) [0x00D1093C]
	(No symbol) [0x00D0A536]
	(No symbol) [0x00CE82DC]
	(No symbol) [0x00CE93DD]
	GetHandleVerifier [0x0108AABD+2539405]
	GetHandleVerifier [0x010CA78F+2800735]
	GetHandleVerifier [0x010C456C+2775612]
	GetHandleVerifier [0x00EB51E0+616112]
	(No symbol) [0x00DC5F8C]
	(No symbol) [0x00DC2328]
	(No symbol) [0x00DC240B]
	(No symbol) [0x00DB4FF7]
	BaseThreadInitThunk [0x75195D49+25]
	RtlInitializeExceptionChain [0x7703D6DB+107]
	RtlGetAppContainerNamedObjectPath [0x7703D661+561]

2025-11-11 13:06:00,067 - __main__ - ERROR - All methods failed for https://kreafolk.com/blogs/news/how-digital-communities-inspire-creative-problem-solving
2025-11-11 13:06:01,696 - __main__ - ERROR - HTTP 403 for https://www.technology.org/2025/08/29/understanding-domains-and-websites-essential-knowledge-for-your-online-presence/
2025-11-11 13:06:01,696 - __main__ - WARNING - Basic failed for https://www.technology.org/2025/08/29/understanding-domains-and-websites-essential-knowledge-for-your-online-presence/, trying Selenium...
2025-11-11 13:06:01,698 - WDM - INFO - ====== WebDriver manager ======
2025-11-11 13:06:03,763 - WDM - INFO - Get LATEST chromedriver version for google-chrome
2025-11-11 13:06:06,393 - WDM - INFO - Get LATEST chromedriver version for google-chrome
2025-11-11 13:06:07,144 - WDM - INFO - Get LATEST chromedriver version for google-chrome
2025-11-11 13:06:07,349 - WDM - INFO - About to download new driver from https://chromedriver.storage.googleapis.com/114.0.5735.90/chromedriver_win32.zip
2025-11-11 13:06:07,558 - WDM - INFO - Driver downloading response is 200
2025-11-11 13:06:07,861 - WDM - INFO - Get LATEST chromedriver version for google-chrome
2025-11-11 13:06:10,236 - WDM - INFO - Get LATEST chromedriver version for google-chrome
2025-11-11 13:06:10,553 - WDM - INFO - Get LATEST chromedriver version for google-chrome
2025-11-11 13:06:10,619 - WDM - INFO - Get LATEST chromedriver version for google-chrome
2025-11-11 13:06:13,290 - WDM - INFO - Driver has been saved in cache [C:\Users\taha_\.wdm\drivers\chromedriver\win64\114.0.5735.90]
2025-11-11 13:06:15,344 - WDM - INFO - Driver has been saved in cache [C:\Users\taha_\.wdm\drivers\chromedriver\win64\114.0.5735.90]
2025-11-11 13:06:15,962 - __main__ - ERROR - Selenium error for https://globalgurus.org/5-strategies-for-acquiring-valuable-deleted-domains-in-todays-market/: Message: unknown error: cannot find Chrome binary
Stacktrace:
Backtrace:
	GetHandleVerifier [0x00E6A813+48355]
	(No symbol) [0x00DFC4B1]
	(No symbol) [0x00D05358]
	(No symbol) [0x00D21A9E]
	(No symbol) [0x00D20579]
	(No symbol) [0x00D50C55]
	(No symbol) [0x00D5093C]
	(No symbol) [0x00D4A536]
	(No symbol) [0x00D282DC]
	(No symbol) [0x00D293DD]
	GetHandleVerifier [0x010CAABD+2539405]
	GetHandleVerifier [0x0110A78F+2800735]
	GetHandleVerifier [0x0110456C+2775612]
	GetHandleVerifier [0x00EF51E0+616112]
	(No symbol) [0x00E05F8C]
	(No symbol) [0x00E02328]
	(No symbol) [0x00E0240B]
	(No symbol) [0x00DF4FF7]
	BaseThreadInitThunk [0x75195D49+25]
	RtlInitializeExceptionChain [0x7703D6DB+107]
	RtlGetAppContainerNamedObjectPath [0x7703D661+561]

2025-11-11 13:06:15,962 - __main__ - ERROR - All methods failed for https://globalgurus.org/5-strategies-for-acquiring-valuable-deleted-domains-in-todays-market/
2025-11-11 13:06:16,012 - WDM - INFO - Get LATEST chromedriver version for google-chrome
2025-11-11 13:06:17,922 - __main__ - ERROR - Selenium error for https://droitthemes.com/how-businesses-can-leverage-modern-domain-name-trends/: Message: unknown error: cannot find Chrome binary
Stacktrace:
Backtrace:
	GetHandleVerifier [0x00E6A813+48355]
	(No symbol) [0x00DFC4B1]
	(No symbol) [0x00D05358]
	(No symbol) [0x00D21A9E]
	(No symbol) [0x00D20579]
	(No symbol) [0x00D50C55]
	(No symbol) [0x00D5093C]
	(No symbol) [0x00D4A536]
	(No symbol) [0x00D282DC]
	(No symbol) [0x00D293DD]
	GetHandleVerifier [0x010CAABD+2539405]
	GetHandleVerifier [0x0110A78F+2800735]
	GetHandleVerifier [0x0110456C+2775612]
	GetHandleVerifier [0x00EF51E0+616112]
	(No symbol) [0x00E05F8C]
	(No symbol) [0x00E02328]
	(No symbol) [0x00E0240B]
	(No symbol) [0x00DF4FF7]
	BaseThreadInitThunk [0x75195D49+25]
	RtlInitializeExceptionChain [0x7703D6DB+107]
	RtlGetAppContainerNamedObjectPath [0x7703D661+561]

2025-11-11 13:06:17,928 - __main__ - ERROR - All methods failed for https://droitthemes.com/how-businesses-can-leverage-modern-domain-name-trends/
2025-11-11 13:06:18,401 - WDM - INFO - Get LATEST chromedriver version for google-chrome
2025-11-11 13:06:18,497 - __main__ - INFO - Extracted 5000 chars from https://lform.com/blog/post/building-trust-online-why-a-custom-domain-name-matters-for-b2b-manufacturers/
2025-11-11 13:06:19,723 - __main__ - WARNING - Basic failed for https://www.mefoto.com/engaging-ways-to-share-photography-journey/, trying Selenium...
2025-11-11 13:06:19,725 - WDM - INFO - ====== WebDriver manager ======
2025-11-11 13:06:19,831 - WDM - INFO - Driver has been saved in cache [C:\Users\taha_\.wdm\drivers\chromedriver\win64\114.0.5735.90]
2025-11-11 13:06:20,321 - __main__ - WARNING - Basic failed for https://gracethemes.com/why-every-developer-should-use-a-staging-site-for-wordpress-development/, trying Selenium...
2025-11-11 13:06:20,321 - WDM - INFO - ====== WebDriver manager ======
2025-11-11 13:06:21,193 - WDM - INFO - Get LATEST chromedriver version for google-chrome
2025-11-11 13:06:22,441 - WDM - INFO - Get LATEST chromedriver version for google-chrome
2025-11-11 13:06:22,530 - __main__ - ERROR - Selenium error for https://www.sitepronews.com/2020/05/14/top-5-reasons-to-buy-expired-domains/: Message: unknown error: cannot find Chrome binary
Stacktrace:
Backtrace:
	GetHandleVerifier [0x0030A813+48355]
	(No symbol) [0x0029C4B1]
	(No symbol) [0x001A5358]
	(No symbol) [0x001C1A9E]
	(No symbol) [0x001C0579]
	(No symbol) [0x001F0C55]
	(No symbol) [0x001F093C]
	(No symbol) [0x001EA536]
	(No symbol) [0x001C82DC]
	(No symbol) [0x001C93DD]
	GetHandleVerifier [0x0056AABD+2539405]
	GetHandleVerifier [0x005AA78F+2800735]
	GetHandleVerifier [0x005A456C+2775612]
	GetHandleVerifier [0x003951E0+616112]
	(No symbol) [0x002A5F8C]
	(No symbol) [0x002A2328]
	(No symbol) [0x002A240B]
	(No symbol) [0x00294FF7]
	BaseThreadInitThunk [0x75195D49+25]
	RtlInitializeExceptionChain [0x7703D6DB+107]
	RtlGetAppContainerNamedObjectPath [0x7703D661+561]
	(No symbol) [0x00000000]

2025-11-11 13:06:22,530 - __main__ - ERROR - All methods failed for https://www.sitepronews.com/2020/05/14/top-5-reasons-to-buy-expired-domains/
2025-11-11 13:06:23,625 - __main__ - WARNING - Basic failed for https://www.oflox.com/blog/how-to-find-expired-domains/, trying Selenium...
2025-11-11 13:06:23,638 - WDM - INFO - ====== WebDriver manager ======
2025-11-11 13:06:25,157 - WDM - INFO - Driver has been saved in cache [C:\Users\taha_\.wdm\drivers\chromedriver\win64\114.0.5735.90]
2025-11-11 13:06:27,711 - WDM - INFO - Driver has been saved in cache [C:\Users\taha_\.wdm\drivers\chromedriver\win64\114.0.5735.90]
2025-11-11 13:06:27,946 - __main__ - ERROR - Selenium error for https://www.tmcnet.com/topics/articles/2025/08/28/462697-mapping-brands-online-identity-what-every-tech-leader.htm: Message: unknown error: cannot find Chrome binary
Stacktrace:
Backtrace:
	GetHandleVerifier [0x0030A813+48355]
	(No symbol) [0x0029C4B1]
	(No symbol) [0x001A5358]
	(No symbol) [0x001C1A9E]
	(No symbol) [0x001C0579]
	(No symbol) [0x001F0C55]
	(No symbol) [0x001F093C]
	(No symbol) [0x001EA536]
	(No symbol) [0x001C82DC]
	(No symbol) [0x001C93DD]
	GetHandleVerifier [0x0056AABD+2539405]
	GetHandleVerifier [0x005AA78F+2800735]
	GetHandleVerifier [0x005A456C+2775612]
	GetHandleVerifier [0x003951E0+616112]
	(No symbol) [0x002A5F8C]
	(No symbol) [0x002A2328]
	(No symbol) [0x002A240B]
	(No symbol) [0x00294FF7]
	BaseThreadInitThunk [0x75195D49+25]
	RtlInitializeExceptionChain [0x7703D6DB+107]
	RtlGetAppContainerNamedObjectPath [0x7703D661+561]
	(No symbol) [0x00000000]

2025-11-11 13:06:27,950 - __main__ - ERROR - All methods failed for https://www.tmcnet.com/topics/articles/2025/08/28/462697-mapping-brands-online-identity-what-every-tech-leader.htm
2025-11-11 13:06:28,008 - WDM - INFO - Get LATEST chromedriver version for google-chrome
2025-11-11 13:06:28,225 - WDM - INFO - About to download new driver from https://chromedriver.storage.googleapis.com/114.0.5735.90/chromedriver_win32.zip
2025-11-11 13:06:28,447 - WDM - INFO - Driver downloading response is 200
2025-11-11 13:06:29,514 - __main__ - WARNING - Basic failed for https://quickref.me/blog/domain-vs-website-the-complete-guide-to-understanding-the-digital-foundation/, trying Selenium...
2025-11-11 13:06:29,515 - WDM - INFO - ====== WebDriver manager ======
2025-11-11 13:06:29,896 - WDM - INFO - Get LATEST chromedriver version for google-chrome
2025-11-11 13:06:30,312 - WDM - INFO - About to download new driver from https://chromedriver.storage.googleapis.com/114.0.5735.90/chromedriver_win32.zip
2025-11-11 13:06:30,464 - __main__ - ERROR - Selenium error for https://www.technology.org/2025/08/29/understanding-domains-and-websites-essential-knowledge-for-your-online-presence/: Message: unknown error: cannot find Chrome binary
Stacktrace:
Backtrace:
	GetHandleVerifier [0x0030A813+48355]
	(No symbol) [0x0029C4B1]
	(No symbol) [0x001A5358]
	(No symbol) [0x001C1A9E]
	(No symbol) [0x001C0579]
	(No symbol) [0x001F0C55]
	(No symbol) [0x001F093C]
	(No symbol) [0x001EA536]
	(No symbol) [0x001C82DC]
	(No symbol) [0x001C93DD]
	GetHandleVerifier [0x0056AABD+2539405]
	GetHandleVerifier [0x005AA78F+2800735]
	GetHandleVerifier [0x005A456C+2775612]
	GetHandleVerifier [0x003951E0+616112]
	(No symbol) [0x002A5F8C]
	(No symbol) [0x002A2328]
	(No symbol) [0x002A240B]
	(No symbol) [0x00294FF7]
	BaseThreadInitThunk [0x75195D49+25]
	RtlInitializeExceptionChain [0x7703D6DB+107]
	RtlGetAppContainerNamedObjectPath [0x7703D661+561]
	(No symbol) [0x00000000]

2025-11-11 13:06:30,466 - __main__ - ERROR - All methods failed for https://www.technology.org/2025/08/29/understanding-domains-and-websites-essential-knowledge-for-your-online-presence/
2025-11-11 13:06:30,708 - WDM - INFO - Driver downloading response is 200
2025-11-11 13:06:31,291 - WDM - INFO - Get LATEST chromedriver version for google-chrome
2025-11-11 13:06:31,610 - WDM - INFO - About to download new driver from https://chromedriver.storage.googleapis.com/114.0.5735.90/chromedriver_win32.zip
2025-11-11 13:06:32,055 - WDM - INFO - Driver downloading response is 200
2025-11-11 13:06:32,752 - __main__ - WARNING - Basic failed for https://theceoviews.com/current-trends-in-security-domain/, trying Selenium...
2025-11-11 13:06:32,754 - WDM - INFO - ====== WebDriver manager ======
2025-11-11 13:06:34,392 - WDM - INFO - Get LATEST chromedriver version for google-chrome
2025-11-11 13:06:35,980 - WDM - INFO - Get LATEST chromedriver version for google-chrome
2025-11-11 13:06:36,485 - WDM - INFO - About to download new driver from https://chromedriver.storage.googleapis.com/114.0.5735.90/chromedriver_win32.zip
2025-11-11 13:06:36,980 - WDM - INFO - Driver downloading response is 200
2025-11-11 13:06:39,352 - WDM - INFO - Get LATEST chromedriver version for google-chrome
2025-11-11 13:06:40,090 - WDM - INFO - Get LATEST chromedriver version for google-chrome
2025-11-11 13:06:41,218 - WDM - INFO - Get LATEST chromedriver version for google-chrome
2025-11-11 13:06:41,429 - WDM - INFO - About to download new driver from https://chromedriver.storage.googleapis.com/114.0.5735.90/chromedriver_win32.zip
2025-11-11 13:06:41,641 - WDM - INFO - Driver downloading response is 200
2025-11-11 13:06:42,578 - WDM - INFO - Get LATEST chromedriver version for google-chrome
2025-11-11 13:06:44,196 - WDM - INFO - Get LATEST chromedriver version for google-chrome
2025-11-11 13:06:44,711 - WDM - INFO - Get LATEST chromedriver version for google-chrome
2025-11-11 13:06:45,249 - WDM - INFO - Driver has been saved in cache [C:\Users\taha_\.wdm\drivers\chromedriver\win64\114.0.5735.90]
2025-11-11 13:06:47,918 - __main__ - ERROR - Selenium error for https://www.mefoto.com/engaging-ways-to-share-photography-journey/: Message: unknown error: cannot find Chrome binary
Stacktrace:
Backtrace:
	GetHandleVerifier [0x00DDA813+48355]
	(No symbol) [0x00D6C4B1]
	(No symbol) [0x00C75358]
	(No symbol) [0x00C91A9E]
	(No symbol) [0x00C90579]
	(No symbol) [0x00CC0C55]
	(No symbol) [0x00CC093C]
	(No symbol) [0x00CBA536]
	(No symbol) [0x00C982DC]
	(No symbol) [0x00C993DD]
	GetHandleVerifier [0x0103AABD+2539405]
	GetHandleVerifier [0x0107A78F+2800735]
	GetHandleVerifier [0x0107456C+2775612]
	GetHandleVerifier [0x00E651E0+616112]
	(No symbol) [0x00D75F8C]
	(No symbol) [0x00D72328]
	(No symbol) [0x00D7240B]
	(No symbol) [0x00D64FF7]
	BaseThreadInitThunk [0x75195D49+25]
	RtlInitializeExceptionChain [0x7703D6DB+107]
	RtlGetAppContainerNamedObjectPath [0x7703D661+561]

2025-11-11 13:06:47,922 - __main__ - ERROR - All methods failed for https://www.mefoto.com/engaging-ways-to-share-photography-journey/
2025-11-11 13:06:48,182 - WDM - INFO - Get LATEST chromedriver version for google-chrome
2025-11-11 13:06:48,502 - WDM - INFO - Get LATEST chromedriver version for google-chrome
2025-11-11 13:06:48,534 - WDM - INFO - Get LATEST chromedriver version for google-chrome
2025-11-11 13:06:49,396 - __main__ - INFO - Extracted 149 chars from https://www.under30ceo.com/domain-registrars/
2025-11-11 13:06:50,121 - WDM - INFO - Driver has been saved in cache [C:\Users\taha_\.wdm\drivers\chromedriver\win64\114.0.5735.90]
2025-11-11 13:06:50,617 - __main__ - INFO - Extracted 5000 chars from https://www.my.locker/blogs/digital-identity-evolving-with-web3-domains
2025-11-11 13:06:51,757 - __main__ - WARNING - Basic failed for https://www.motocms.com/blog/en/how-to-implement-dynamic-content-for-a-personalized-website-experience/amp/?srsltid=AfmBOoqAgOS568CyF2ksda3kI_, trying Selenium...
2025-11-11 13:06:51,784 - WDM - INFO - ====== WebDriver manager ======
2025-11-11 13:06:52,082 - WDM - INFO - Driver has been saved in cache [C:\Users\taha_\.wdm\drivers\chromedriver\win64\114.0.5735.90]
2025-11-11 13:06:52,727 - WDM - INFO - Get LATEST chromedriver version for google-chrome
2025-11-11 13:06:52,824 - WDM - INFO - Driver has been saved in cache [C:\Users\taha_\.wdm\drivers\chromedriver\win64\114.0.5735.90]
2025-11-11 13:06:52,954 - __main__ - ERROR - Selenium error for https://gracethemes.com/why-every-developer-should-use-a-staging-site-for-wordpress-development/: Message: unknown error: cannot find Chrome binary
Stacktrace:
Backtrace:
	GetHandleVerifier [0x00DDA813+48355]
	(No symbol) [0x00D6C4B1]
	(No symbol) [0x00C75358]
	(No symbol) [0x00C91A9E]
	(No symbol) [0x00C90579]
	(No symbol) [0x00CC0C55]
	(No symbol) [0x00CC093C]
	(No symbol) [0x00CBA536]
	(No symbol) [0x00C982DC]
	(No symbol) [0x00C993DD]
	GetHandleVerifier [0x0103AABD+2539405]
	GetHandleVerifier [0x0107A78F+2800735]
	GetHandleVerifier [0x0107456C+2775612]
	GetHandleVerifier [0x00E651E0+616112]
	(No symbol) [0x00D75F8C]
	(No symbol) [0x00D72328]
	(No symbol) [0x00D7240B]
	(No symbol) [0x00D64FF7]
	BaseThreadInitThunk [0x75195D49+25]
	RtlInitializeExceptionChain [0x7703D6DB+107]
	RtlGetAppContainerNamedObjectPath [0x7703D661+561]

2025-11-11 13:06:52,955 - __main__ - ERROR - All methods failed for https://gracethemes.com/why-every-developer-should-use-a-staging-site-for-wordpress-development/
2025-11-11 13:06:53,700 - __main__ - WARNING - Basic failed for https://quickref.me/blog/email-api-how-to-send-emails-for-free/, trying Selenium...
2025-11-11 13:06:53,700 - WDM - INFO - ====== WebDriver manager ======
2025-11-11 13:06:54,675 - __main__ - ERROR - Selenium error for https://www.oflox.com/blog/how-to-find-expired-domains/: Message: unknown error: cannot find Chrome binary
Stacktrace:
Backtrace:
	GetHandleVerifier [0x00DDA813+48355]
	(No symbol) [0x00D6C4B1]
	(No symbol) [0x00C75358]
	(No symbol) [0x00C91A9E]
	(No symbol) [0x00C90579]
	(No symbol) [0x00CC0C55]
	(No symbol) [0x00CC093C]
	(No symbol) [0x00CBA536]
	(No symbol) [0x00C982DC]
	(No symbol) [0x00C993DD]
	GetHandleVerifier [0x0103AABD+2539405]
	GetHandleVerifier [0x0107A78F+2800735]
	GetHandleVerifier [0x0107456C+2775612]
	GetHandleVerifier [0x00E651E0+616112]
	(No symbol) [0x00D75F8C]
	(No symbol) [0x00D72328]
	(No symbol) [0x00D7240B]
	(No symbol) [0x00D64FF7]
	BaseThreadInitThunk [0x75195D49+25]
	RtlInitializeExceptionChain [0x7703D6DB+107]
	RtlGetAppContainerNamedObjectPath [0x7703D661+561]

2025-11-11 13:06:54,678 - __main__ - ERROR - All methods failed for https://www.oflox.com/blog/how-to-find-expired-domains/
2025-11-11 13:06:55,290 - WDM - INFO - Driver has been saved in cache [C:\Users\taha_\.wdm\drivers\chromedriver\win64\114.0.5735.90]
2025-11-11 13:06:55,568 - __main__ - WARNING - Basic failed for https://dynadots.com/, trying Selenium...
2025-11-11 13:06:55,585 - WDM - INFO - ====== WebDriver manager ======
2025-11-11 13:06:56,489 - __main__ - ERROR - Selenium error for https://quickref.me/blog/domain-vs-website-the-complete-guide-to-understanding-the-digital-foundation/: Message: unknown error: cannot find Chrome binary
Stacktrace:
Backtrace:
	GetHandleVerifier [0x00DDA813+48355]
	(No symbol) [0x00D6C4B1]
	(No symbol) [0x00C75358]
	(No symbol) [0x00C91A9E]
	(No symbol) [0x00C90579]
	(No symbol) [0x00CC0C55]
	(No symbol) [0x00CC093C]
	(No symbol) [0x00CBA536]
	(No symbol) [0x00C982DC]
	(No symbol) [0x00C993DD]
	GetHandleVerifier [0x0103AABD+2539405]
	GetHandleVerifier [0x0107A78F+2800735]
	GetHandleVerifier [0x0107456C+2775612]
	GetHandleVerifier [0x00E651E0+616112]
	(No symbol) [0x00D75F8C]
	(No symbol) [0x00D72328]
	(No symbol) [0x00D7240B]
	(No symbol) [0x00D64FF7]
	BaseThreadInitThunk [0x75195D49+25]
	RtlInitializeExceptionChain [0x7703D6DB+107]
	RtlGetAppContainerNamedObjectPath [0x7703D661+561]

2025-11-11 13:06:56,491 - __main__ - ERROR - All methods failed for https://quickref.me/blog/domain-vs-website-the-complete-guide-to-understanding-the-digital-foundation/
2025-11-11 13:06:57,677 - WDM - INFO - Get LATEST chromedriver version for google-chrome
2025-11-11 13:06:57,881 - __main__ - ERROR - Selenium error for https://theceoviews.com/current-trends-in-security-domain/: Message: unknown error: cannot find Chrome binary
Stacktrace:
Backtrace:
	GetHandleVerifier [0x00DDA813+48355]
	(No symbol) [0x00D6C4B1]
	(No symbol) [0x00C75358]
	(No symbol) [0x00C91A9E]
	(No symbol) [0x00C90579]
	(No symbol) [0x00CC0C55]
	(No symbol) [0x00CC093C]
	(No symbol) [0x00CBA536]
	(No symbol) [0x00C982DC]
	(No symbol) [0x00C993DD]
	GetHandleVerifier [0x0103AABD+2539405]
	GetHandleVerifier [0x0107A78F+2800735]
	GetHandleVerifier [0x0107456C+2775612]
	GetHandleVerifier [0x00E651E0+616112]
	(No symbol) [0x00D75F8C]
	(No symbol) [0x00D72328]
	(No symbol) [0x00D7240B]
	(No symbol) [0x00D64FF7]
	BaseThreadInitThunk [0x75195D49+25]
	RtlInitializeExceptionChain [0x7703D6DB+107]
	RtlGetAppContainerNamedObjectPath [0x7703D661+561]

2025-11-11 13:06:57,881 - WDM - INFO - About to download new driver from https://chromedriver.storage.googleapis.com/114.0.5735.90/chromedriver_win32.zip
2025-11-11 13:06:57,893 - __main__ - ERROR - All methods failed for https://theceoviews.com/current-trends-in-security-domain/
2025-11-11 13:06:58,098 - WDM - INFO - Driver downloading response is 200
2025-11-11 13:06:58,682 - __main__ - WARNING - Basic failed for https://www.nogentech.org/leveraging-expired-domains-for-seo-success-tips-and-techniques/, trying Selenium...
2025-11-11 13:06:58,684 - WDM - INFO - ====== WebDriver manager ======
2025-11-11 13:06:59,924 - __main__ - WARNING - Basic failed for https://techpilot.ai/how-to-generate-domain-name-ideas-using-chatgpt/, trying Selenium...
2025-11-11 13:06:59,924 - WDM - INFO - ====== WebDriver manager ======
2025-11-11 13:07:00,183 - WDM - INFO - Get LATEST chromedriver version for google-chrome
2025-11-11 13:07:01,946 - WDM - INFO - Get LATEST chromedriver version for google-chrome
2025-11-11 13:07:02,169 - WDM - INFO - About to download new driver from https://chromedriver.storage.googleapis.com/114.0.5735.90/chromedriver_win32.zip
2025-11-11 13:07:03,938 - WDM - INFO - About to download new driver from https://chromedriver.storage.googleapis.com/114.0.5735.90/chromedriver_win32.zip
2025-11-11 13:07:04,192 - WDM - INFO - Driver downloading response is 200
2025-11-11 13:07:04,591 - WDM - INFO - Driver downloading response is 200
2025-11-11 13:07:04,624 - WDM - INFO - Get LATEST chromedriver version for google-chrome
2025-11-11 13:07:04,752 - WDM - INFO - Get LATEST chromedriver version for google-chrome
2025-11-11 13:07:04,992 - WDM - INFO - About to download new driver from https://chromedriver.storage.googleapis.com/114.0.5735.90/chromedriver_win32.zip
2025-11-11 13:07:05,281 - WDM - INFO - About to download new driver from https://chromedriver.storage.googleapis.com/114.0.5735.90/chromedriver_win32.zip
2025-11-11 13:07:05,635 - WDM - INFO - Driver downloading response is 200
2025-11-11 13:07:05,845 - WDM - INFO - Driver downloading response is 200
2025-11-11 13:07:07,941 - WDM - INFO - Get LATEST chromedriver version for google-chrome
2025-11-11 13:07:09,576 - WDM - INFO - Get LATEST chromedriver version for google-chrome
2025-11-11 13:07:25,281 - WDM - INFO - Driver has been saved in cache [C:\Users\taha_\.wdm\drivers\chromedriver\win64\114.0.5735.90]
2025-11-11 13:07:27,865 - __main__ - ERROR - Selenium error for https://www.motocms.com/blog/en/how-to-implement-dynamic-content-for-a-personalized-website-experience/amp/?srsltid=AfmBOoqAgOS568CyF2ksda3kI_: Message: unknown error: cannot find Chrome binary
Stacktrace:
Backtrace:
	GetHandleVerifier [0x0065A813+48355]
	(No symbol) [0x005EC4B1]
	(No symbol) [0x004F5358]
	(No symbol) [0x00511A9E]
	(No symbol) [0x00510579]
	(No symbol) [0x00540C55]
	(No symbol) [0x0054093C]
	(No symbol) [0x0053A536]
	(No symbol) [0x005182DC]
	(No symbol) [0x005193DD]
	GetHandleVerifier [0x008BAABD+2539405]
	GetHandleVerifier [0x008FA78F+2800735]
	GetHandleVerifier [0x008F456C+2775612]
	GetHandleVerifier [0x006E51E0+616112]
	(No symbol) [0x005F5F8C]
	(No symbol) [0x005F2328]
	(No symbol) [0x005F240B]
	(No symbol) [0x005E4FF7]
	BaseThreadInitThunk [0x75195D49+25]
	RtlInitializeExceptionChain [0x7703D6DB+107]
	RtlGetAppContainerNamedObjectPath [0x7703D661+561]

2025-11-11 13:07:27,865 - __main__ - ERROR - All methods failed for https://www.motocms.com/blog/en/how-to-implement-dynamic-content-for-a-personalized-website-experience/amp/?srsltid=AfmBOoqAgOS568CyF2ksda3kI_
2025-11-11 13:07:31,860 - __main__ - WARNING - Basic failed for https://deliberatedirections.com/transform-idea-into-online-store/, trying Selenium...
2025-11-11 13:07:31,860 - WDM - INFO - ====== WebDriver manager ======
2025-11-11 13:07:33,187 - WDM - INFO - Get LATEST chromedriver version for google-chrome
2025-11-11 13:07:35,145 - WDM - INFO - Get LATEST chromedriver version for google-chrome
2025-11-11 13:07:35,410 - WDM - INFO - Get LATEST chromedriver version for google-chrome
2025-11-11 13:07:35,655 - WDM - INFO - About to download new driver from https://chromedriver.storage.googleapis.com/114.0.5735.90/chromedriver_win32.zip
2025-11-11 13:07:35,966 - WDM - INFO - Driver downloading response is 200
2025-11-11 13:07:38,060 - WDM - INFO - Get LATEST chromedriver version for google-chrome
2025-11-11 13:07:41,479 - WDM - INFO - Driver has been saved in cache [C:\Users\taha_\.wdm\drivers\chromedriver\win64\114.0.5735.90]
2025-11-11 13:07:43,581 - WDM - INFO - Get LATEST chromedriver version for google-chrome
2025-11-11 13:07:43,777 - WDM - INFO - Get LATEST chromedriver version for google-chrome
2025-11-11 13:07:44,188 - __main__ - ERROR - Selenium error for https://www.nogentech.org/leveraging-expired-domains-for-seo-success-tips-and-techniques/: Message: unknown error: cannot find Chrome binary
Stacktrace:
Backtrace:
	GetHandleVerifier [0x00FAA813+48355]
	(No symbol) [0x00F3C4B1]
	(No symbol) [0x00E45358]
	(No symbol) [0x00E61A9E]
	(No symbol) [0x00E60579]
	(No symbol) [0x00E90C55]
	(No symbol) [0x00E9093C]
	(No symbol) [0x00E8A536]
	(No symbol) [0x00E682DC]
	(No symbol) [0x00E693DD]
	GetHandleVerifier [0x0120AABD+2539405]
	GetHandleVerifier [0x0124A78F+2800735]
	GetHandleVerifier [0x0124456C+2775612]
	GetHandleVerifier [0x010351E0+616112]
	(No symbol) [0x00F45F8C]
	(No symbol) [0x00F42328]
	(No symbol) [0x00F4240B]
	(No symbol) [0x00F34FF7]
	BaseThreadInitThunk [0x75195D49+25]
	RtlInitializeExceptionChain [0x7703D6DB+107]
	RtlGetAppContainerNamedObjectPath [0x7703D661+561]

2025-11-11 13:07:44,188 - __main__ - ERROR - All methods failed for https://www.nogentech.org/leveraging-expired-domains-for-seo-success-tips-and-techniques/
2025-11-11 13:07:45,160 - __main__ - INFO - Extracted 5000 chars from https://www.techloy.com/domain-flipping-your-2025-guide-to-digital-real-estate-profits/
2025-11-11 13:07:46,619 - WDM - INFO - Get LATEST chromedriver version for google-chrome
2025-11-11 13:07:46,892 - __main__ - INFO - Extracted 5000 chars from https://www.webpronews.com/domain-transfers-seo/
2025-11-11 13:07:47,043 - WDM - INFO - Driver has been saved in cache [C:\Users\taha_\.wdm\drivers\chromedriver\win64\114.0.5735.90]
2025-11-11 13:07:47,559 - WDM - INFO - Driver has been saved in cache [C:\Users\taha_\.wdm\drivers\chromedriver\win64\114.0.5735.90]
2025-11-11 13:07:48,456 - __main__ - ERROR - Selenium error for https://quickref.me/blog/email-api-how-to-send-emails-for-free/: ('Connection aborted.', ConnectionResetError(10054, 'An existing connection was forcibly closed by the remote host', None, 10054, None))
2025-11-11 13:07:48,460 - __main__ - ERROR - All methods failed for https://quickref.me/blog/email-api-how-to-send-emails-for-free/
2025-11-11 13:07:48,770 - WDM - INFO - Get LATEST chromedriver version for google-chrome
2025-11-11 13:07:49,505 - __main__ - INFO - Extracted 99 chars from https://softcircles.com/blog/clean-low-risk-domain-transfer
2025-11-11 13:07:49,606 - __main__ - ERROR - Selenium error for https://dynadots.com/: Message: Service C:\Users\taha_\.wdm\drivers\chromedriver\win64\114.0.5735.90\chromedriver.exe unexpectedly exited. Status code was: 3221225786

2025-11-11 13:07:49,606 - __main__ - ERROR - All methods failed for https://dynadots.com/
2025-11-11 13:07:49,901 - __main__ - WARNING - Basic failed for https://enstinemuki.com/mistakes-to-avoid-while-using-expired-domains/, trying Selenium...
2025-11-11 13:07:49,903 - WDM - INFO - ====== WebDriver manager ======
2025-11-11 13:07:50,550 - __main__ - WARNING - Basic failed for https://get.it.com/blog/common-domain-buying-mistakes-and-how-to-avoid-them/, trying Selenium...
2025-11-11 13:07:50,550 - WDM - INFO - ====== WebDriver manager ======
2025-11-11 13:07:52,000 - WDM - INFO - Get LATEST chromedriver version for google-chrome
2025-11-11 13:07:52,053 - __main__ - WARNING - Basic failed for https://thebetterwebmovement.com/how-to-analyze-expired-domains-growth-potential/, trying Selenium...
2025-11-11 13:07:52,054 - WDM - INFO - ====== WebDriver manager ======
2025-11-11 13:07:53,495 - WDM - INFO - Get LATEST chromedriver version for google-chrome
2025-11-11 13:07:57,497 - WDM - INFO - Driver has been saved in cache [C:\Users\taha_\.wdm\drivers\chromedriver\win64\114.0.5735.90]
2025-11-11 13:07:59,019 - WDM - INFO - Get LATEST chromedriver version for google-chrome
2025-11-11 13:07:59,101 - WDM - INFO - Get LATEST chromedriver version for google-chrome
2025-11-11 13:07:59,241 - WDM - INFO - About to download new driver from https://chromedriver.storage.googleapis.com/114.0.5735.90/chromedriver_win32.zip
2025-11-11 13:07:59,253 - WDM - INFO - Get LATEST chromedriver version for google-chrome
2025-11-11 13:07:59,313 - WDM - INFO - About to download new driver from https://chromedriver.storage.googleapis.com/114.0.5735.90/chromedriver_win32.zip
2025-11-11 13:07:59,480 - WDM - INFO - Driver downloading response is 200
2025-11-11 13:07:59,568 - WDM - INFO - Driver downloading response is 200
2025-11-11 13:08:01,243 - __main__ - ERROR - Selenium error for https://deliberatedirections.com/transform-idea-into-online-store/: Message: unknown error: cannot find Chrome binary
Stacktrace:
Backtrace:
	GetHandleVerifier [0x00A0A813+48355]
	(No symbol) [0x0099C4B1]
	(No symbol) [0x008A5358]
	(No symbol) [0x008C1A9E]
	(No symbol) [0x008C0579]
	(No symbol) [0x008F0C55]
	(No symbol) [0x008F093C]
	(No symbol) [0x008EA536]
	(No symbol) [0x008C82DC]
	(No symbol) [0x008C93DD]
	GetHandleVerifier [0x00C6AABD+2539405]
	GetHandleVerifier [0x00CAA78F+2800735]
	GetHandleVerifier [0x00CA456C+2775612]
	GetHandleVerifier [0x00A951E0+616112]
	(No symbol) [0x009A5F8C]
	(No symbol) [0x009A2328]
	(No symbol) [0x009A240B]
	(No symbol) [0x00994FF7]
	BaseThreadInitThunk [0x75195D49+25]
	RtlInitializeExceptionChain [0x7703D6DB+107]
	RtlGetAppContainerNamedObjectPath [0x7703D661+561]

2025-11-11 13:08:01,249 - __main__ - ERROR - All methods failed for https://deliberatedirections.com/transform-idea-into-online-store/
2025-11-11 13:08:46,520 - __main__ - INFO - Gemini connected
2025-11-11 13:08:49,124 - __main__ - INFO - Gemini connected
2025-11-11 13:08:49,132 - __main__ - INFO - Loading model: all-MiniLM-L6-v2
2025-11-11 13:08:49,149 - sentence_transformers.SentenceTransformer - INFO - Use pytorch device_name: cpu
2025-11-11 13:08:49,151 - sentence_transformers.SentenceTransformer - INFO - Load pretrained SentenceTransformer: all-MiniLM-L6-v2
2025-11-11 13:08:54,234 - __main__ - INFO - Model loaded
2025-11-11 13:09:02,366 - __main__ - INFO - Gemini connected
2025-11-11 13:09:08,411 - __main__ - INFO - Gemini connected
2025-11-11 13:09:08,796 - __main__ - INFO - Gemini connected
2025-11-11 13:09:08,891 - __main__ - INFO - Analyzing: https://www.nogentech.org/leveraging-expired-domains-for-seo-success-tips-and-techniques/ vs https://dynadots.com/
2025-11-11 13:09:11,183 - __main__ - WARNING - Basic failed for https://www.nogentech.org/leveraging-expired-domains-for-seo-success-tips-and-techniques/, trying Selenium...
2025-11-11 13:09:11,183 - WDM - INFO - ====== WebDriver manager ======
2025-11-11 13:09:15,635 - WDM - INFO - Get LATEST chromedriver version for google-chrome
2025-11-11 13:09:15,848 - WDM - INFO - About to download new driver from https://chromedriver.storage.googleapis.com/114.0.5735.90/chromedriver_win32.zip
2025-11-11 13:09:16,104 - WDM - INFO - Driver downloading response is 200
2025-11-11 13:09:23,378 - WDM - INFO - Get LATEST chromedriver version for google-chrome
2025-11-11 13:09:23,767 - __main__ - ERROR - Selenium error for https://www.nogentech.org/leveraging-expired-domains-for-seo-success-tips-and-techniques/: Expecting value: line 1 column 1 (char 0)
2025-11-11 13:09:23,767 - __main__ - ERROR - All methods failed for https://www.nogentech.org/leveraging-expired-domains-for-seo-success-tips-and-techniques/
2025-11-11 13:09:24,846 - __main__ - WARNING - Basic failed for https://dynadots.com/, trying Selenium...
2025-11-11 13:09:24,850 - WDM - INFO - ====== WebDriver manager ======
2025-11-11 13:09:32,185 - WDM - INFO - Get LATEST chromedriver version for google-chrome
2025-11-11 13:09:32,420 - WDM - INFO - About to download new driver from https://chromedriver.storage.googleapis.com/114.0.5735.90/chromedriver_win32.zip
2025-11-11 13:09:32,680 - WDM - INFO - Driver downloading response is 200
2025-11-11 13:09:50,138 - WDM - INFO - Get LATEST chromedriver version for google-chrome
2025-11-11 13:09:50,608 - __main__ - ERROR - Selenium error for https://dynadots.com/: Expecting value: line 1 column 1 (char 0)
2025-11-11 13:09:50,609 - __main__ - ERROR - All methods failed for https://dynadots.com/
2025-11-11 13:10:16,027 - __main__ - INFO - Gemini connected
2025-11-11 13:10:16,399 - __main__ - INFO - Gemini connected
2025-11-11 13:10:16,486 - __main__ - INFO - Analyzing: https://www.nogentech.org/leveraging-expired-domains-for-seo-success-tips-and-techniques/ vs https://dynadot.com/
2025-11-11 13:10:16,491 - __main__ - WARNING - Basic failed for https://www.nogentech.org/leveraging-expired-domains-for-seo-success-tips-and-techniques/, trying Selenium...
2025-11-11 13:10:16,492 - WDM - INFO - ====== WebDriver manager ======
2025-11-11 13:10:20,682 - WDM - INFO - Get LATEST chromedriver version for google-chrome
2025-11-11 13:10:20,905 - WDM - INFO - About to download new driver from https://chromedriver.storage.googleapis.com/114.0.5735.90/chromedriver_win32.zip
2025-11-11 13:10:21,108 - WDM - INFO - Driver downloading response is 200
2025-11-11 13:10:29,700 - WDM - INFO - Get LATEST chromedriver version for google-chrome
2025-11-11 13:10:30,006 - __main__ - ERROR - Selenium error for https://www.nogentech.org/leveraging-expired-domains-for-seo-success-tips-and-techniques/: Expecting value: line 1 column 1 (char 0)
2025-11-11 13:10:30,009 - __main__ - ERROR - All methods failed for https://www.nogentech.org/leveraging-expired-domains-for-seo-success-tips-and-techniques/
2025-11-11 13:10:33,990 - __main__ - INFO - Extracted 5000 chars from https://dynadot.com/
2025-11-11 13:12:14,892 - __main__ - INFO - Gemini connected
2025-11-11 13:12:25,945 - __main__ - INFO - Gemini connected
2025-11-11 13:12:29,362 - __main__ - INFO - Gemini connected
2025-11-11 13:12:30,285 - __main__ - INFO - Gemini connected
2025-11-11 13:12:30,295 - __main__ - INFO - Loading model: all-MiniLM-L6-v2
2025-11-11 13:12:30,301 - sentence_transformers.SentenceTransformer - INFO - Use pytorch device_name: cpu
2025-11-11 13:12:30,301 - sentence_transformers.SentenceTransformer - INFO - Load pretrained SentenceTransformer: all-MiniLM-L6-v2
2025-11-11 13:12:33,526 - __main__ - INFO - Model loaded
2025-11-11 13:12:39,070 - __main__ - INFO - Gemini connected
2025-11-11 13:12:45,114 - __main__ - INFO - Gemini connected
2025-11-11 13:12:45,493 - __main__ - INFO - Gemini connected
2025-11-11 13:12:45,602 - __main__ - INFO - Analyzing: https://www.nogentech.org/leveraging-expired-domains-for-seo-success-tips-and-techniques/ vs https://dynadot.com/
2025-11-11 13:12:50,600 - __main__ - INFO -  Extracted 5000 chars from https://www.nogentech.org/leveraging-expired-domains-for-seo-success-tips-and-techniques/
2025-11-11 13:12:56,465 - __main__ - INFO -  Extracted 5000 chars from https://dynadot.com/
2025-11-11 13:13:14,604 - __main__ - INFO - Gemini connected
2025-11-11 13:13:42,700 - __main__ - INFO - Gemini connected
2025-11-11 13:13:51,498 - __main__ - INFO - Gemini connected
2025-11-11 13:13:51,554 - __main__ - INFO - Bulk analysis of 34 pairs (sequential)
2025-11-11 13:13:51,556 - __main__ - INFO - Extracting from 35 unique URLs...
2025-11-11 13:13:51,556 - __main__ - INFO - Processing 35 unique URLs sequentially...
2025-11-11 13:13:55,242 - __main__ - INFO -  Extracted 5000 chars from https://www.sitepronews.com/2020/05/14/top-5-reasons-to-buy-expired-domains/
2025-11-11 13:13:55,243 - __main__ - INFO - Progress: 1/35 URLs processed
2025-11-11 13:13:58,670 - __main__ - INFO -  Extracted 5000 chars from https://www.mefoto.com/photo-portfolio-domain-transfer/
2025-11-11 13:13:58,670 - __main__ - INFO - Progress: 2/35 URLs processed
2025-11-11 13:14:02,093 - __main__ - INFO -  Extracted 5000 chars from https://techpilot.ai/how-to-generate-domain-name-ideas-using-chatgpt/
2025-11-11 13:14:02,095 - __main__ - INFO - Progress: 3/35 URLs processed
2025-11-11 13:14:04,931 - __main__ - INFO -  Extracted 5000 chars from https://kreafolk.com/blogs/news/how-digital-communities-inspire-creative-problem-solving
2025-11-11 13:14:04,931 - __main__ - INFO - Progress: 4/35 URLs processed
2025-11-11 13:14:08,622 - __main__ - INFO -  Extracted 4319 chars from https://softcircles.com/blog/clean-low-risk-domain-transfer
2025-11-11 13:14:08,622 - __main__ - INFO - Progress: 5/35 URLs processed
2025-11-11 13:14:10,969 - __main__ - ERROR - HTTP 403 for https://www.technology.org/2025/08/29/understanding-domains-and-websites-essential-knowledge-for-your-online-presence/
2025-11-11 13:14:10,969 - __main__ - WARNING - Basic failed for https://www.technology.org/2025/08/29/understanding-domains-and-websites-essential-knowledge-for-your-online-presence/, trying Selenium...
2025-11-11 13:14:10,969 - WDM - INFO - ====== WebDriver manager ======
2025-11-11 13:14:14,511 - WDM - INFO - Get LATEST chromedriver version for google-chrome
2025-11-11 13:14:14,820 - WDM - INFO - About to download new driver from https://chromedriver.storage.googleapis.com/114.0.5735.90/chromedriver_win32.zip
2025-11-11 13:14:15,021 - WDM - INFO - Driver downloading response is 200
2025-11-11 13:14:21,009 - WDM - INFO - Get LATEST chromedriver version for google-chrome
2025-11-11 13:14:21,318 - __main__ - ERROR - Selenium error for https://www.technology.org/2025/08/29/understanding-domains-and-websites-essential-knowledge-for-your-online-presence/: Expecting value: line 1 column 1 (char 0)
2025-11-11 13:14:21,319 - __main__ - ERROR - All methods failed for https://www.technology.org/2025/08/29/understanding-domains-and-websites-essential-knowledge-for-your-online-presence/
2025-11-11 13:14:21,320 - __main__ - INFO - Progress: 6/35 URLs processed
2025-11-11 13:14:26,825 - __main__ - INFO -  Extracted 5000 chars from https://deliberatedirections.com/transform-idea-into-online-store/
2025-11-11 13:14:26,829 - __main__ - INFO - Progress: 7/35 URLs processed
2025-11-11 13:14:30,539 - __main__ - INFO -  Extracted 5000 chars from https://www.get.inc/blog/juice-bar-businesss-name-ideas
2025-11-11 13:14:30,539 - __main__ - INFO - Progress: 8/35 URLs processed
2025-11-11 13:14:34,602 - __main__ - INFO -  Extracted 1678 chars from https://www.under30ceo.com/domain-registrars/
2025-11-11 13:14:34,602 - __main__ - INFO - Progress: 9/35 URLs processed
2025-11-11 13:14:37,715 - __main__ - INFO -  Extracted 5000 chars from https://get.it.com/blog/common-domain-buying-mistakes-and-how-to-avoid-them/
2025-11-11 13:14:37,715 - __main__ - INFO - Progress: 10/35 URLs processed
2025-11-11 13:14:41,828 - __main__ - INFO -  Extracted 5000 chars from https://lform.com/blog/post/building-trust-online-why-a-custom-domain-name-matters-for-b2b-manufacturers/
2025-11-11 13:14:41,845 - __main__ - INFO - Progress: 11/35 URLs processed
2025-11-11 13:14:44,875 - __main__ - ERROR - HTTP 403 for https://www.tmcnet.com/topics/articles/2025/08/28/462697-mapping-brands-online-identity-what-every-tech-leader.htm
2025-11-11 13:14:44,875 - __main__ - WARNING - Basic failed for https://www.tmcnet.com/topics/articles/2025/08/28/462697-mapping-brands-online-identity-what-every-tech-leader.htm, trying Selenium...
2025-11-11 13:14:44,875 - WDM - INFO - ====== WebDriver manager ======
2025-11-11 13:14:48,205 - WDM - INFO - Get LATEST chromedriver version for google-chrome
2025-11-11 13:14:48,435 - WDM - INFO - About to download new driver from https://chromedriver.storage.googleapis.com/114.0.5735.90/chromedriver_win32.zip
2025-11-11 13:14:48,621 - WDM - INFO - Driver downloading response is 200
2025-11-11 13:14:54,148 - WDM - INFO - Get LATEST chromedriver version for google-chrome
2025-11-11 13:14:54,454 - __main__ - ERROR - Selenium error for https://www.tmcnet.com/topics/articles/2025/08/28/462697-mapping-brands-online-identity-what-every-tech-leader.htm: Expecting value: line 1 column 1 (char 0)
2025-11-11 13:14:54,455 - __main__ - ERROR - All methods failed for https://www.tmcnet.com/topics/articles/2025/08/28/462697-mapping-brands-online-identity-what-every-tech-leader.htm
2025-11-11 13:14:54,457 - __main__ - INFO - Progress: 12/35 URLs processed
2025-11-11 13:14:59,511 - __main__ - INFO -  Extracted 5000 chars from https://www.webpronews.com/domain-transfers-seo/
2025-11-11 13:14:59,511 - __main__ - INFO - Progress: 13/35 URLs processed
2025-11-11 13:15:03,600 - __main__ - INFO -  Extracted 5000 chars from https://www.startmotionmedia.com/expert-insights-on-domain-name-acquisition-strategies/
2025-11-11 13:15:03,600 - __main__ - INFO - Progress: 14/35 URLs processed
2025-11-11 13:15:07,184 - __main__ - INFO -  Extracted 3892 chars from https://quickref.me/blog/email-api-how-to-send-emails-for-free/
2025-11-11 13:15:07,184 - __main__ - INFO - Progress: 15/35 URLs processed
2025-11-11 13:15:10,296 - __main__ - INFO -  Extracted 5000 chars from https://www.techloy.com/domain-flipping-your-2025-guide-to-digital-real-estate-profits/
2025-11-11 13:15:10,300 - __main__ - INFO - Progress: 16/35 URLs processed
2025-11-11 13:15:13,424 - __main__ - ERROR - HTTP 403 for https://deliberatedirections.com/domain-names-vs-websites-most-people-get-this-wrong/
2025-11-11 13:15:13,424 - __main__ - WARNING - Basic failed for https://deliberatedirections.com/domain-names-vs-websites-most-people-get-this-wrong/, trying Selenium...
2025-11-11 13:15:13,424 - WDM - INFO - ====== WebDriver manager ======
2025-11-11 13:15:16,676 - WDM - INFO - Get LATEST chromedriver version for google-chrome
2025-11-11 13:15:16,880 - WDM - INFO - About to download new driver from https://chromedriver.storage.googleapis.com/114.0.5735.90/chromedriver_win32.zip
2025-11-11 13:15:17,078 - WDM - INFO - Driver downloading response is 200
2025-11-11 13:15:23,006 - WDM - INFO - Get LATEST chromedriver version for google-chrome
2025-11-11 13:15:23,311 - __main__ - ERROR - Selenium error for https://deliberatedirections.com/domain-names-vs-websites-most-people-get-this-wrong/: Expecting value: line 1 column 1 (char 0)
2025-11-11 13:15:23,312 - __main__ - ERROR - All methods failed for https://deliberatedirections.com/domain-names-vs-websites-most-people-get-this-wrong/
2025-11-11 13:15:23,313 - __main__ - INFO - Progress: 17/35 URLs processed
2025-11-11 13:15:23,313 - __main__ - INFO - Cache hit for https://www.nogentech.org/leveraging-expired-domains-for-seo-success-tips-and-techniques/
2025-11-11 13:15:23,315 - __main__ - INFO - Progress: 18/35 URLs processed
2025-11-11 13:15:27,157 - __main__ - INFO -  Extracted 5000 chars from https://gracethemes.com/why-every-developer-should-use-a-staging-site-for-wordpress-development/
2025-11-11 13:15:27,157 - __main__ - INFO - Progress: 19/35 URLs processed
2025-11-11 13:15:30,146 - __main__ - INFO -  Extracted 5000 chars from https://www.my.locker/blogs/digital-identity-evolving-with-web3-domains
2025-11-11 13:15:30,146 - __main__ - INFO - Progress: 20/35 URLs processed
2025-11-11 13:15:33,893 - __main__ - INFO -  Extracted 5000 chars from https://enstinemuki.com/mistakes-to-avoid-while-using-expired-domains/
2025-11-11 13:15:33,893 - __main__ - INFO - Progress: 21/35 URLs processed
2025-11-11 13:15:38,854 - __main__ - INFO -  Extracted 4711 chars from https://thefutureofthings.com/11773-cheap-domain-hosting-worth-cost/
2025-11-11 13:15:38,854 - __main__ - INFO - Progress: 22/35 URLs processed
2025-11-11 13:15:44,910 - __main__ - INFO -  Extracted 5000 chars from https://businessabc.net/seo-strategy-what-s-the-ultimate-plan
2025-11-11 13:15:44,910 - __main__ - INFO - Progress: 23/35 URLs processed
2025-11-11 13:15:48,329 - __main__ - INFO -  Extracted 4265 chars from https://softcircles.com/blog/website-terminology-top-essential-terms-for-your-web-project
2025-11-11 13:15:48,329 - __main__ - INFO - Progress: 24/35 URLs processed
2025-11-11 13:15:53,372 - __main__ - INFO -  Extracted 5000 chars from https://globalgurus.org/5-strategies-for-acquiring-valuable-deleted-domains-in-todays-market/
2025-11-11 13:15:53,372 - __main__ - INFO - Progress: 25/35 URLs processed
2025-11-11 13:15:58,215 - __main__ - INFO -  Extracted 5000 chars from https://thebetterwebmovement.com/how-to-analyze-expired-domains-growth-potential/
2025-11-11 13:15:58,215 - __main__ - INFO - Progress: 26/35 URLs processed
2025-11-11 13:16:01,242 - __main__ - INFO -  Extracted 3451 chars from https://www.motocms.com/blog/en/how-to-implement-dynamic-content-for-a-personalized-website-experience/amp/?srsltid=AfmBOoqAgOS568CyF2ksda3kI_
2025-11-11 13:16:01,244 - __main__ - INFO - Progress: 27/35 URLs processed
2025-11-11 13:16:07,111 - __main__ - INFO -  Extracted 5000 chars from https://businessabc.net/domain-vs-website-what-every-startup-actually-needs-to-know
2025-11-11 13:16:07,111 - __main__ - INFO - Progress: 28/35 URLs processed
2025-11-11 13:16:10,267 - __main__ - INFO -  Extracted 5000 chars from https://www.mefoto.com/engaging-ways-to-share-photography-journey/
2025-11-11 13:16:10,274 - __main__ - INFO - Progress: 29/35 URLs processed
2025-11-11 13:16:13,740 - __main__ - INFO -  Extracted 5000 chars from https://www.oflox.com/blog/how-to-find-expired-domains/
2025-11-11 13:16:13,740 - __main__ - INFO - Progress: 30/35 URLs processed
2025-11-11 13:16:13,740 - __main__ - INFO - Cache hit for https://dynadot.com/
2025-11-11 13:16:13,744 - __main__ - INFO - Progress: 31/35 URLs processed
2025-11-11 13:16:17,134 - __main__ - INFO -  Extracted 4184 chars from https://quickref.me/blog/domain-vs-website-the-complete-guide-to-understanding-the-digital-foundation/
2025-11-11 13:16:17,134 - __main__ - INFO - Progress: 32/35 URLs processed
2025-11-11 13:16:21,430 - __main__ - INFO -  Extracted 5000 chars from https://droitthemes.com/how-businesses-can-leverage-modern-domain-name-trends/
2025-11-11 13:16:21,430 - __main__ - INFO - Progress: 33/35 URLs processed
2025-11-11 13:16:25,785 - __main__ - INFO -  Extracted 5000 chars from https://theceoviews.com/current-trends-in-security-domain/
2025-11-11 13:16:25,785 - __main__ - INFO - Progress: 34/35 URLs processed
2025-11-11 13:16:29,932 - __main__ - INFO -  Extracted 5000 chars from https://www.under30ceo.com/build-a-business-website/
2025-11-11 13:16:29,934 - __main__ - INFO - Progress: 35/35 URLs processed
2025-11-11 13:16:37,363 - __main__ - INFO - Bulk complete: 34 results
2025-11-11 13:16:37,548 - __main__ - INFO - Gemini connected
2025-11-11 13:17:05,291 - __main__ - INFO - Gemini connected
2025-11-11 13:17:37,615 - __main__ - INFO - Gemini connected
2025-11-11 13:17:49,686 - __main__ - INFO - Gemini connected
2025-11-11 13:18:16,370 - __main__ - INFO - Gemini connected
2025-11-11 13:18:22,868 - __main__ - INFO - Gemini connected
2025-11-11 13:18:28,427 - __main__ - INFO - Gemini connected
2025-11-11 13:18:41,584 - __main__ - INFO - Gemini connected
2025-11-11 13:18:43,626 - __main__ - INFO - Gemini connected
2025-11-11 13:18:43,801 - root - INFO - AFC is enabled with max remote calls: 10.
2025-11-11 13:18:44,773 - __main__ - WARNING - Gemini call failed (attempt 1): 429 RESOURCE_EXHAUSTED. {'error': {'code': 429, 'message': 'You exceeded your current quota, please check your plan and billing details. For more information on this error, head to: https://ai.google.dev/gemini-api/docs/rate-limits. To monitor your current usage, head to: https://ai.dev/usage?tab=rate-limit. \n* Quota exceeded for metric: generativelanguage.googleapis.com/generate_content_free_tier_input_token_count, limit: 0\n* Quota exceeded for metric: generativelanguage.googleapis.com/generate_content_free_tier_requests, limit: 0\nPlease retry in 10.890337266s.', 'status': 'RESOURCE_EXHAUSTED', 'details': [{'@type': 'type.googleapis.com/google.rpc.Help', 'links': [{'description': 'Learn more about Gemini API quotas', 'url': 'https://ai.google.dev/gemini-api/docs/rate-limits'}]}, {'@type': 'type.googleapis.com/google.rpc.QuotaFailure', 'violations': [{'quotaMetric': 'generativelanguage.googleapis.com/generate_content_free_tier_input_token_count', 'quotaId': 'GenerateContentInputTokensPerModelPerMinute-FreeTier', 'quotaDimensions': {'model': 'gemini-2.0-flash-exp', 'location': 'global'}}, {'quotaMetric': 'generativelanguage.googleapis.com/generate_content_free_tier_requests', 'quotaId': 'GenerateRequestsPerMinutePerProjectPerModel-FreeTier', 'quotaDimensions': {'location': 'global', 'model': 'gemini-2.0-flash-exp'}}]}, {'@type': 'type.googleapis.com/google.rpc.RetryInfo', 'retryDelay': '10s'}]}}
2025-11-11 13:18:45,787 - root - INFO - AFC is enabled with max remote calls: 10.
2025-11-11 13:18:46,748 - __main__ - WARNING - Gemini call failed (attempt 2): 429 RESOURCE_EXHAUSTED. {'error': {'code': 429, 'message': 'You exceeded your current quota, please check your plan and billing details. For more information on this error, head to: https://ai.google.dev/gemini-api/docs/rate-limits. To monitor your current usage, head to: https://ai.dev/usage?tab=rate-limit. \n* Quota exceeded for metric: generativelanguage.googleapis.com/generate_content_free_tier_requests, limit: 0\n* Quota exceeded for metric: generativelanguage.googleapis.com/generate_content_free_tier_input_token_count, limit: 0\nPlease retry in 8.934546831s.', 'status': 'RESOURCE_EXHAUSTED', 'details': [{'@type': 'type.googleapis.com/google.rpc.Help', 'links': [{'description': 'Learn more about Gemini API quotas', 'url': 'https://ai.google.dev/gemini-api/docs/rate-limits'}]}, {'@type': 'type.googleapis.com/google.rpc.QuotaFailure', 'violations': [{'quotaMetric': 'generativelanguage.googleapis.com/generate_content_free_tier_requests', 'quotaId': 'GenerateRequestsPerMinutePerProjectPerModel-FreeTier', 'quotaDimensions': {'location': 'global', 'model': 'gemini-2.0-flash-exp'}}, {'quotaMetric': 'generativelanguage.googleapis.com/generate_content_free_tier_input_token_count', 'quotaId': 'GenerateContentInputTokensPerModelPerMinute-FreeTier', 'quotaDimensions': {'location': 'global', 'model': 'gemini-2.0-flash-exp'}}]}, {'@type': 'type.googleapis.com/google.rpc.RetryInfo', 'retryDelay': '8s'}]}}
2025-11-11 13:18:48,751 - root - INFO - AFC is enabled with max remote calls: 10.
2025-11-11 13:18:49,679 - __main__ - WARNING - Gemini call failed (attempt 3): 429 RESOURCE_EXHAUSTED. {'error': {'code': 429, 'message': 'You exceeded your current quota, please check your plan and billing details. For more information on this error, head to: https://ai.google.dev/gemini-api/docs/rate-limits. To monitor your current usage, head to: https://ai.dev/usage?tab=rate-limit. \n* Quota exceeded for metric: generativelanguage.googleapis.com/generate_content_free_tier_input_token_count, limit: 0\n* Quota exceeded for metric: generativelanguage.googleapis.com/generate_content_free_tier_requests, limit: 0\nPlease retry in 5.996794814s.', 'status': 'RESOURCE_EXHAUSTED', 'details': [{'@type': 'type.googleapis.com/google.rpc.Help', 'links': [{'description': 'Learn more about Gemini API quotas', 'url': 'https://ai.google.dev/gemini-api/docs/rate-limits'}]}, {'@type': 'type.googleapis.com/google.rpc.QuotaFailure', 'violations': [{'quotaMetric': 'generativelanguage.googleapis.com/generate_content_free_tier_input_token_count', 'quotaId': 'GenerateContentInputTokensPerModelPerMinute-FreeTier', 'quotaDimensions': {'location': 'global', 'model': 'gemini-2.0-flash-exp'}}, {'quotaMetric': 'generativelanguage.googleapis.com/generate_content_free_tier_requests', 'quotaId': 'GenerateRequestsPerMinutePerProjectPerModel-FreeTier', 'quotaDimensions': {'location': 'global', 'model': 'gemini-2.0-flash-exp'}}]}, {'@type': 'type.googleapis.com/google.rpc.RetryInfo', 'retryDelay': '5s'}]}}
2025-11-11 13:18:50,182 - root - INFO - AFC is enabled with max remote calls: 10.
2025-11-11 13:18:50,510 - __main__ - WARNING - Gemini call failed (attempt 1): 429 RESOURCE_EXHAUSTED. {'error': {'code': 429, 'message': 'You exceeded your current quota, please check your plan and billing details. For more information on this error, head to: https://ai.google.dev/gemini-api/docs/rate-limits. To monitor your current usage, head to: https://ai.dev/usage?tab=rate-limit. \n* Quota exceeded for metric: generativelanguage.googleapis.com/generate_content_free_tier_requests, limit: 0\n* Quota exceeded for metric: generativelanguage.googleapis.com/generate_content_free_tier_input_token_count, limit: 0\nPlease retry in 5.153579195s.', 'status': 'RESOURCE_EXHAUSTED', 'details': [{'@type': 'type.googleapis.com/google.rpc.Help', 'links': [{'description': 'Learn more about Gemini API quotas', 'url': 'https://ai.google.dev/gemini-api/docs/rate-limits'}]}, {'@type': 'type.googleapis.com/google.rpc.QuotaFailure', 'violations': [{'quotaMetric': 'generativelanguage.googleapis.com/generate_content_free_tier_requests', 'quotaId': 'GenerateRequestsPerMinutePerProjectPerModel-FreeTier', 'quotaDimensions': {'model': 'gemini-2.0-flash-exp', 'location': 'global'}}, {'quotaMetric': 'generativelanguage.googleapis.com/generate_content_free_tier_input_token_count', 'quotaId': 'GenerateContentInputTokensPerModelPerMinute-FreeTier', 'quotaDimensions': {'location': 'global', 'model': 'gemini-2.0-flash-exp'}}]}, {'@type': 'type.googleapis.com/google.rpc.RetryInfo', 'retryDelay': '5s'}]}}
2025-11-11 13:18:51,522 - root - INFO - AFC is enabled with max remote calls: 10.
2025-11-11 13:18:53,033 - __main__ - WARNING - Gemini call failed (attempt 2): 429 RESOURCE_EXHAUSTED. {'error': {'code': 429, 'message': 'You exceeded your current quota, please check your plan and billing details. For more information on this error, head to: https://ai.google.dev/gemini-api/docs/rate-limits. To monitor your current usage, head to: https://ai.dev/usage?tab=rate-limit. \n* Quota exceeded for metric: generativelanguage.googleapis.com/generate_content_free_tier_input_token_count, limit: 0\n* Quota exceeded for metric: generativelanguage.googleapis.com/generate_content_free_tier_requests, limit: 0\nPlease retry in 2.686436812s.', 'status': 'RESOURCE_EXHAUSTED', 'details': [{'@type': 'type.googleapis.com/google.rpc.Help', 'links': [{'description': 'Learn more about Gemini API quotas', 'url': 'https://ai.google.dev/gemini-api/docs/rate-limits'}]}, {'@type': 'type.googleapis.com/google.rpc.QuotaFailure', 'violations': [{'quotaMetric': 'generativelanguage.googleapis.com/generate_content_free_tier_input_token_count', 'quotaId': 'GenerateContentInputTokensPerModelPerMinute-FreeTier', 'quotaDimensions': {'location': 'global', 'model': 'gemini-2.0-flash-exp'}}, {'quotaMetric': 'generativelanguage.googleapis.com/generate_content_free_tier_requests', 'quotaId': 'GenerateRequestsPerMinutePerProjectPerModel-FreeTier', 'quotaDimensions': {'location': 'global', 'model': 'gemini-2.0-flash-exp'}}]}, {'@type': 'type.googleapis.com/google.rpc.RetryInfo', 'retryDelay': '2s'}]}}
2025-11-11 13:18:55,043 - root - INFO - AFC is enabled with max remote calls: 10.
2025-11-11 13:18:55,978 - __main__ - WARNING - Gemini call failed (attempt 3): 429 RESOURCE_EXHAUSTED. {'error': {'code': 429, 'message': 'You exceeded your current quota, please check your plan and billing details. For more information on this error, head to: https://ai.google.dev/gemini-api/docs/rate-limits. To monitor your current usage, head to: https://ai.dev/usage?tab=rate-limit. \n* Quota exceeded for metric: generativelanguage.googleapis.com/generate_content_free_tier_input_token_count, limit: 0\n* Quota exceeded for metric: generativelanguage.googleapis.com/generate_content_free_tier_requests, limit: 0\nPlease retry in 59.698086706s.', 'status': 'RESOURCE_EXHAUSTED', 'details': [{'@type': 'type.googleapis.com/google.rpc.Help', 'links': [{'description': 'Learn more about Gemini API quotas', 'url': 'https://ai.google.dev/gemini-api/docs/rate-limits'}]}, {'@type': 'type.googleapis.com/google.rpc.QuotaFailure', 'violations': [{'quotaMetric': 'generativelanguage.googleapis.com/generate_content_free_tier_input_token_count', 'quotaId': 'GenerateContentInputTokensPerModelPerMinute-FreeTier', 'quotaDimensions': {'model': 'gemini-2.0-flash-exp', 'location': 'global'}}, {'quotaMetric': 'generativelanguage.googleapis.com/generate_content_free_tier_requests', 'quotaId': 'GenerateRequestsPerMinutePerProjectPerModel-FreeTier', 'quotaDimensions': {'location': 'global', 'model': 'gemini-2.0-flash-exp'}}]}, {'@type': 'type.googleapis.com/google.rpc.RetryInfo', 'retryDelay': '59s'}]}}
2025-11-11 13:18:56,483 - root - INFO - AFC is enabled with max remote calls: 10.
2025-11-11 13:18:57,011 - __main__ - WARNING - Gemini call failed (attempt 1): 429 RESOURCE_EXHAUSTED. {'error': {'code': 429, 'message': 'You exceeded your current quota, please check your plan and billing details. For more information on this error, head to: https://ai.google.dev/gemini-api/docs/rate-limits. To monitor your current usage, head to: https://ai.dev/usage?tab=rate-limit. \n* Quota exceeded for metric: generativelanguage.googleapis.com/generate_content_free_tier_input_token_count, limit: 0\n* Quota exceeded for metric: generativelanguage.googleapis.com/generate_content_free_tier_requests, limit: 0\nPlease retry in 58.670498362s.', 'status': 'RESOURCE_EXHAUSTED', 'details': [{'@type': 'type.googleapis.com/google.rpc.Help', 'links': [{'description': 'Learn more about Gemini API quotas', 'url': 'https://ai.google.dev/gemini-api/docs/rate-limits'}]}, {'@type': 'type.googleapis.com/google.rpc.QuotaFailure', 'violations': [{'quotaMetric': 'generativelanguage.googleapis.com/generate_content_free_tier_input_token_count', 'quotaId': 'GenerateContentInputTokensPerModelPerMinute-FreeTier', 'quotaDimensions': {'model': 'gemini-2.0-flash-exp', 'location': 'global'}}, {'quotaMetric': 'generativelanguage.googleapis.com/generate_content_free_tier_requests', 'quotaId': 'GenerateRequestsPerMinutePerProjectPerModel-FreeTier', 'quotaDimensions': {'model': 'gemini-2.0-flash-exp', 'location': 'global'}}]}, {'@type': 'type.googleapis.com/google.rpc.RetryInfo', 'retryDelay': '58s'}]}}
2025-11-11 13:18:58,012 - root - INFO - AFC is enabled with max remote calls: 10.
2025-11-11 13:18:59,542 - __main__ - WARNING - Gemini call failed (attempt 2): 429 RESOURCE_EXHAUSTED. {'error': {'code': 429, 'message': 'You exceeded your current quota, please check your plan and billing details. For more information on this error, head to: https://ai.google.dev/gemini-api/docs/rate-limits. To monitor your current usage, head to: https://ai.dev/usage?tab=rate-limit. \n* Quota exceeded for metric: generativelanguage.googleapis.com/generate_content_free_tier_input_token_count, limit: 0\n* Quota exceeded for metric: generativelanguage.googleapis.com/generate_content_free_tier_requests, limit: 0\nPlease retry in 56.194413731s.', 'status': 'RESOURCE_EXHAUSTED', 'details': [{'@type': 'type.googleapis.com/google.rpc.Help', 'links': [{'description': 'Learn more about Gemini API quotas', 'url': 'https://ai.google.dev/gemini-api/docs/rate-limits'}]}, {'@type': 'type.googleapis.com/google.rpc.QuotaFailure', 'violations': [{'quotaMetric': 'generativelanguage.googleapis.com/generate_content_free_tier_input_token_count', 'quotaId': 'GenerateContentInputTokensPerModelPerMinute-FreeTier', 'quotaDimensions': {'location': 'global', 'model': 'gemini-2.0-flash-exp'}}, {'quotaMetric': 'generativelanguage.googleapis.com/generate_content_free_tier_requests', 'quotaId': 'GenerateRequestsPerMinutePerProjectPerModel-FreeTier', 'quotaDimensions': {'location': 'global', 'model': 'gemini-2.0-flash-exp'}}]}, {'@type': 'type.googleapis.com/google.rpc.RetryInfo', 'retryDelay': '56s'}]}}
2025-11-11 13:19:01,551 - root - INFO - AFC is enabled with max remote calls: 10.
2025-11-11 13:19:02,495 - __main__ - WARNING - Gemini call failed (attempt 3): 429 RESOURCE_EXHAUSTED. {'error': {'code': 429, 'message': 'You exceeded your current quota, please check your plan and billing details. For more information on this error, head to: https://ai.google.dev/gemini-api/docs/rate-limits. To monitor your current usage, head to: https://ai.dev/usage?tab=rate-limit. \n* Quota exceeded for metric: generativelanguage.googleapis.com/generate_content_free_tier_input_token_count, limit: 0\n* Quota exceeded for metric: generativelanguage.googleapis.com/generate_content_free_tier_requests, limit: 0\nPlease retry in 53.176941497s.', 'status': 'RESOURCE_EXHAUSTED', 'details': [{'@type': 'type.googleapis.com/google.rpc.Help', 'links': [{'description': 'Learn more about Gemini API quotas', 'url': 'https://ai.google.dev/gemini-api/docs/rate-limits'}]}, {'@type': 'type.googleapis.com/google.rpc.QuotaFailure', 'violations': [{'quotaMetric': 'generativelanguage.googleapis.com/generate_content_free_tier_input_token_count', 'quotaId': 'GenerateContentInputTokensPerModelPerMinute-FreeTier', 'quotaDimensions': {'location': 'global', 'model': 'gemini-2.0-flash-exp'}}, {'quotaMetric': 'generativelanguage.googleapis.com/generate_content_free_tier_requests', 'quotaId': 'GenerateRequestsPerMinutePerProjectPerModel-FreeTier', 'quotaDimensions': {'model': 'gemini-2.0-flash-exp', 'location': 'global'}}]}, {'@type': 'type.googleapis.com/google.rpc.RetryInfo', 'retryDelay': '53s'}]}}
2025-11-11 13:19:03,158 - __main__ - INFO - Gemini connected
2025-11-11 13:19:43,912 - __main__ - INFO - Gemini connected
2025-11-11 13:19:43,943 - root - INFO - AFC is enabled with max remote calls: 10.
2025-11-11 13:19:44,895 - __main__ - WARNING - Gemini call failed (attempt 1): 429 RESOURCE_EXHAUSTED. {'error': {'code': 429, 'message': 'You exceeded your current quota, please check your plan and billing details. For more information on this error, head to: https://ai.google.dev/gemini-api/docs/rate-limits. To monitor your current usage, head to: https://ai.dev/usage?tab=rate-limit. \n* Quota exceeded for metric: generativelanguage.googleapis.com/generate_content_free_tier_requests, limit: 0\n* Quota exceeded for metric: generativelanguage.googleapis.com/generate_content_free_tier_input_token_count, limit: 0\nPlease retry in 10.769634133s.', 'status': 'RESOURCE_EXHAUSTED', 'details': [{'@type': 'type.googleapis.com/google.rpc.Help', 'links': [{'description': 'Learn more about Gemini API quotas', 'url': 'https://ai.google.dev/gemini-api/docs/rate-limits'}]}, {'@type': 'type.googleapis.com/google.rpc.QuotaFailure', 'violations': [{'quotaMetric': 'generativelanguage.googleapis.com/generate_content_free_tier_requests', 'quotaId': 'GenerateRequestsPerMinutePerProjectPerModel-FreeTier', 'quotaDimensions': {'location': 'global', 'model': 'gemini-2.0-flash-exp'}}, {'quotaMetric': 'generativelanguage.googleapis.com/generate_content_free_tier_input_token_count', 'quotaId': 'GenerateContentInputTokensPerModelPerMinute-FreeTier', 'quotaDimensions': {'model': 'gemini-2.0-flash-exp', 'location': 'global'}}]}, {'@type': 'type.googleapis.com/google.rpc.RetryInfo', 'retryDelay': '10s'}]}}
2025-11-11 13:19:45,907 - root - INFO - AFC is enabled with max remote calls: 10.
2025-11-11 13:19:46,817 - __main__ - WARNING - Gemini call failed (attempt 2): 429 RESOURCE_EXHAUSTED. {'error': {'code': 429, 'message': 'You exceeded your current quota, please check your plan and billing details. For more information on this error, head to: https://ai.google.dev/gemini-api/docs/rate-limits. To monitor your current usage, head to: https://ai.dev/usage?tab=rate-limit. \n* Quota exceeded for metric: generativelanguage.googleapis.com/generate_content_free_tier_input_token_count, limit: 0\n* Quota exceeded for metric: generativelanguage.googleapis.com/generate_content_free_tier_requests, limit: 0\nPlease retry in 8.850698379s.', 'status': 'RESOURCE_EXHAUSTED', 'details': [{'@type': 'type.googleapis.com/google.rpc.Help', 'links': [{'description': 'Learn more about Gemini API quotas', 'url': 'https://ai.google.dev/gemini-api/docs/rate-limits'}]}, {'@type': 'type.googleapis.com/google.rpc.QuotaFailure', 'violations': [{'quotaMetric': 'generativelanguage.googleapis.com/generate_content_free_tier_input_token_count', 'quotaId': 'GenerateContentInputTokensPerModelPerMinute-FreeTier', 'quotaDimensions': {'location': 'global', 'model': 'gemini-2.0-flash-exp'}}, {'quotaMetric': 'generativelanguage.googleapis.com/generate_content_free_tier_requests', 'quotaId': 'GenerateRequestsPerMinutePerProjectPerModel-FreeTier', 'quotaDimensions': {'model': 'gemini-2.0-flash-exp', 'location': 'global'}}]}, {'@type': 'type.googleapis.com/google.rpc.RetryInfo', 'retryDelay': '8s'}]}}
2025-11-11 13:19:48,827 - root - INFO - AFC is enabled with max remote calls: 10.
2025-11-11 13:19:49,174 - __main__ - WARNING - Gemini call failed (attempt 3): 429 RESOURCE_EXHAUSTED. {'error': {'code': 429, 'message': 'You exceeded your current quota, please check your plan and billing details. For more information on this error, head to: https://ai.google.dev/gemini-api/docs/rate-limits. To monitor your current usage, head to: https://ai.dev/usage?tab=rate-limit. \n* Quota exceeded for metric: generativelanguage.googleapis.com/generate_content_free_tier_input_token_count, limit: 0\n* Quota exceeded for metric: generativelanguage.googleapis.com/generate_content_free_tier_requests, limit: 0\nPlease retry in 6.497100637s.', 'status': 'RESOURCE_EXHAUSTED', 'details': [{'@type': 'type.googleapis.com/google.rpc.Help', 'links': [{'description': 'Learn more about Gemini API quotas', 'url': 'https://ai.google.dev/gemini-api/docs/rate-limits'}]}, {'@type': 'type.googleapis.com/google.rpc.QuotaFailure', 'violations': [{'quotaMetric': 'generativelanguage.googleapis.com/generate_content_free_tier_input_token_count', 'quotaId': 'GenerateContentInputTokensPerModelPerMinute-FreeTier', 'quotaDimensions': {'location': 'global', 'model': 'gemini-2.0-flash-exp'}}, {'quotaMetric': 'generativelanguage.googleapis.com/generate_content_free_tier_requests', 'quotaId': 'GenerateRequestsPerMinutePerProjectPerModel-FreeTier', 'quotaDimensions': {'location': 'global', 'model': 'gemini-2.0-flash-exp'}}]}, {'@type': 'type.googleapis.com/google.rpc.RetryInfo', 'retryDelay': '6s'}]}}
2025-11-11 13:19:49,679 - root - INFO - AFC is enabled with max remote calls: 10.
2025-11-11 13:19:50,600 - __main__ - WARNING - Gemini call failed (attempt 1): 429 RESOURCE_EXHAUSTED. {'error': {'code': 429, 'message': 'You exceeded your current quota, please check your plan and billing details. For more information on this error, head to: https://ai.google.dev/gemini-api/docs/rate-limits. To monitor your current usage, head to: https://ai.dev/usage?tab=rate-limit. \n* Quota exceeded for metric: generativelanguage.googleapis.com/generate_content_free_tier_input_token_count, limit: 0\n* Quota exceeded for metric: generativelanguage.googleapis.com/generate_content_free_tier_requests, limit: 0\nPlease retry in 5.06516419s.', 'status': 'RESOURCE_EXHAUSTED', 'details': [{'@type': 'type.googleapis.com/google.rpc.Help', 'links': [{'description': 'Learn more about Gemini API quotas', 'url': 'https://ai.google.dev/gemini-api/docs/rate-limits'}]}, {'@type': 'type.googleapis.com/google.rpc.QuotaFailure', 'violations': [{'quotaMetric': 'generativelanguage.googleapis.com/generate_content_free_tier_input_token_count', 'quotaId': 'GenerateContentInputTokensPerModelPerMinute-FreeTier', 'quotaDimensions': {'location': 'global', 'model': 'gemini-2.0-flash-exp'}}, {'quotaMetric': 'generativelanguage.googleapis.com/generate_content_free_tier_requests', 'quotaId': 'GenerateRequestsPerMinutePerProjectPerModel-FreeTier', 'quotaDimensions': {'location': 'global', 'model': 'gemini-2.0-flash-exp'}}]}, {'@type': 'type.googleapis.com/google.rpc.RetryInfo', 'retryDelay': '5s'}]}}
2025-11-11 13:19:51,611 - root - INFO - AFC is enabled with max remote calls: 10.
2025-11-11 13:19:51,957 - __main__ - WARNING - Gemini call failed (attempt 2): 429 RESOURCE_EXHAUSTED. {'error': {'code': 429, 'message': 'You exceeded your current quota, please check your plan and billing details. For more information on this error, head to: https://ai.google.dev/gemini-api/docs/rate-limits. To monitor your current usage, head to: https://ai.dev/usage?tab=rate-limit. \n* Quota exceeded for metric: generativelanguage.googleapis.com/generate_content_free_tier_input_token_count, limit: 0\n* Quota exceeded for metric: generativelanguage.googleapis.com/generate_content_free_tier_requests, limit: 0\nPlease retry in 3.716578839s.', 'status': 'RESOURCE_EXHAUSTED', 'details': [{'@type': 'type.googleapis.com/google.rpc.Help', 'links': [{'description': 'Learn more about Gemini API quotas', 'url': 'https://ai.google.dev/gemini-api/docs/rate-limits'}]}, {'@type': 'type.googleapis.com/google.rpc.QuotaFailure', 'violations': [{'quotaMetric': 'generativelanguage.googleapis.com/generate_content_free_tier_input_token_count', 'quotaId': 'GenerateContentInputTokensPerModelPerMinute-FreeTier', 'quotaDimensions': {'location': 'global', 'model': 'gemini-2.0-flash-exp'}}, {'quotaMetric': 'generativelanguage.googleapis.com/generate_content_free_tier_requests', 'quotaId': 'GenerateRequestsPerMinutePerProjectPerModel-FreeTier', 'quotaDimensions': {'location': 'global', 'model': 'gemini-2.0-flash-exp'}}]}, {'@type': 'type.googleapis.com/google.rpc.RetryInfo', 'retryDelay': '3s'}]}}
2025-11-11 13:19:53,963 - root - INFO - AFC is enabled with max remote calls: 10.
2025-11-11 13:19:54,895 - __main__ - WARNING - Gemini call failed (attempt 3): 429 RESOURCE_EXHAUSTED. {'error': {'code': 429, 'message': 'You exceeded your current quota, please check your plan and billing details. For more information on this error, head to: https://ai.google.dev/gemini-api/docs/rate-limits. To monitor your current usage, head to: https://ai.dev/usage?tab=rate-limit. \n* Quota exceeded for metric: generativelanguage.googleapis.com/generate_content_free_tier_input_token_count, limit: 0\n* Quota exceeded for metric: generativelanguage.googleapis.com/generate_content_free_tier_requests, limit: 0\nPlease retry in 780.629209ms.', 'status': 'RESOURCE_EXHAUSTED', 'details': [{'@type': 'type.googleapis.com/google.rpc.Help', 'links': [{'description': 'Learn more about Gemini API quotas', 'url': 'https://ai.google.dev/gemini-api/docs/rate-limits'}]}, {'@type': 'type.googleapis.com/google.rpc.QuotaFailure', 'violations': [{'quotaMetric': 'generativelanguage.googleapis.com/generate_content_free_tier_input_token_count', 'quotaId': 'GenerateContentInputTokensPerModelPerMinute-FreeTier', 'quotaDimensions': {'location': 'global', 'model': 'gemini-2.0-flash-exp'}}, {'quotaMetric': 'generativelanguage.googleapis.com/generate_content_free_tier_requests', 'quotaId': 'GenerateRequestsPerMinutePerProjectPerModel-FreeTier', 'quotaDimensions': {'location': 'global', 'model': 'gemini-2.0-flash-exp'}}]}, {'@type': 'type.googleapis.com/google.rpc.RetryInfo', 'retryDelay': '0s'}]}}
2025-11-11 13:19:55,396 - root - INFO - AFC is enabled with max remote calls: 10.
2025-11-11 13:19:56,322 - __main__ - WARNING - Gemini call failed (attempt 1): 429 RESOURCE_EXHAUSTED. {'error': {'code': 429, 'message': 'You exceeded your current quota, please check your plan and billing details. For more information on this error, head to: https://ai.google.dev/gemini-api/docs/rate-limits. To monitor your current usage, head to: https://ai.dev/usage?tab=rate-limit. \n* Quota exceeded for metric: generativelanguage.googleapis.com/generate_content_free_tier_requests, limit: 0\n* Quota exceeded for metric: generativelanguage.googleapis.com/generate_content_free_tier_input_token_count, limit: 0\nPlease retry in 59.344028281s.', 'status': 'RESOURCE_EXHAUSTED', 'details': [{'@type': 'type.googleapis.com/google.rpc.Help', 'links': [{'description': 'Learn more about Gemini API quotas', 'url': 'https://ai.google.dev/gemini-api/docs/rate-limits'}]}, {'@type': 'type.googleapis.com/google.rpc.QuotaFailure', 'violations': [{'quotaMetric': 'generativelanguage.googleapis.com/generate_content_free_tier_requests', 'quotaId': 'GenerateRequestsPerMinutePerProjectPerModel-FreeTier', 'quotaDimensions': {'location': 'global', 'model': 'gemini-2.0-flash-exp'}}, {'quotaMetric': 'generativelanguage.googleapis.com/generate_content_free_tier_input_token_count', 'quotaId': 'GenerateContentInputTokensPerModelPerMinute-FreeTier', 'quotaDimensions': {'model': 'gemini-2.0-flash-exp', 'location': 'global'}}]}, {'@type': 'type.googleapis.com/google.rpc.RetryInfo', 'retryDelay': '59s'}]}}
2025-11-11 13:19:57,336 - root - INFO - AFC is enabled with max remote calls: 10.
2025-11-11 13:19:57,700 - __main__ - WARNING - Gemini call failed (attempt 2): 429 RESOURCE_EXHAUSTED. {'error': {'code': 429, 'message': 'You exceeded your current quota, please check your plan and billing details. For more information on this error, head to: https://ai.google.dev/gemini-api/docs/rate-limits. To monitor your current usage, head to: https://ai.dev/usage?tab=rate-limit. \n* Quota exceeded for metric: generativelanguage.googleapis.com/generate_content_free_tier_input_token_count, limit: 0\n* Quota exceeded for metric: generativelanguage.googleapis.com/generate_content_free_tier_requests, limit: 0\nPlease retry in 57.976071294s.', 'status': 'RESOURCE_EXHAUSTED', 'details': [{'@type': 'type.googleapis.com/google.rpc.Help', 'links': [{'description': 'Learn more about Gemini API quotas', 'url': 'https://ai.google.dev/gemini-api/docs/rate-limits'}]}, {'@type': 'type.googleapis.com/google.rpc.QuotaFailure', 'violations': [{'quotaMetric': 'generativelanguage.googleapis.com/generate_content_free_tier_input_token_count', 'quotaId': 'GenerateContentInputTokensPerModelPerMinute-FreeTier', 'quotaDimensions': {'model': 'gemini-2.0-flash-exp', 'location': 'global'}}, {'quotaMetric': 'generativelanguage.googleapis.com/generate_content_free_tier_requests', 'quotaId': 'GenerateRequestsPerMinutePerProjectPerModel-FreeTier', 'quotaDimensions': {'model': 'gemini-2.0-flash-exp', 'location': 'global'}}]}, {'@type': 'type.googleapis.com/google.rpc.RetryInfo', 'retryDelay': '57s'}]}}
2025-11-11 13:19:59,705 - root - INFO - AFC is enabled with max remote calls: 10.
2025-11-11 13:20:00,646 - __main__ - WARNING - Gemini call failed (attempt 3): 429 RESOURCE_EXHAUSTED. {'error': {'code': 429, 'message': 'You exceeded your current quota, please check your plan and billing details. For more information on this error, head to: https://ai.google.dev/gemini-api/docs/rate-limits. To monitor your current usage, head to: https://ai.dev/usage?tab=rate-limit. \n* Quota exceeded for metric: generativelanguage.googleapis.com/generate_content_free_tier_requests, limit: 0\n* Quota exceeded for metric: generativelanguage.googleapis.com/generate_content_free_tier_input_token_count, limit: 0\nPlease retry in 55.029474633s.', 'status': 'RESOURCE_EXHAUSTED', 'details': [{'@type': 'type.googleapis.com/google.rpc.Help', 'links': [{'description': 'Learn more about Gemini API quotas', 'url': 'https://ai.google.dev/gemini-api/docs/rate-limits'}]}, {'@type': 'type.googleapis.com/google.rpc.QuotaFailure', 'violations': [{'quotaMetric': 'generativelanguage.googleapis.com/generate_content_free_tier_requests', 'quotaId': 'GenerateRequestsPerMinutePerProjectPerModel-FreeTier', 'quotaDimensions': {'location': 'global', 'model': 'gemini-2.0-flash-exp'}}, {'quotaMetric': 'generativelanguage.googleapis.com/generate_content_free_tier_input_token_count', 'quotaId': 'GenerateContentInputTokensPerModelPerMinute-FreeTier', 'quotaDimensions': {'location': 'global', 'model': 'gemini-2.0-flash-exp'}}]}, {'@type': 'type.googleapis.com/google.rpc.RetryInfo', 'retryDelay': '55s'}]}}
2025-11-11 13:20:01,289 - __main__ - INFO - Gemini connected
2025-11-11 13:23:37,612 - __main__ - INFO - Gemini connected
2025-11-11 13:32:12,967 - __main__ - INFO - Gemini connected
2025-11-11 13:32:26,389 - __main__ - INFO - Gemini connected
2025-11-11 13:32:29,337 - __main__ - INFO - Gemini connected
2025-11-11 13:32:29,504 - __main__ - INFO - Bulk analysis of 34 pairs (sequential)
2025-11-11 13:32:29,504 - __main__ - INFO - Extracting from 35 unique URLs...
2025-11-11 13:32:29,504 - __main__ - INFO - Processing 35 unique URLs sequentially...
2025-11-11 13:32:29,508 - __main__ - INFO - Cache hit for https://www.sitepronews.com/2020/05/14/top-5-reasons-to-buy-expired-domains/
2025-11-11 13:32:29,508 - __main__ - INFO - Progress: 1/35 URLs processed
2025-11-11 13:32:29,510 - __main__ - INFO - Cache hit for https://www.mefoto.com/photo-portfolio-domain-transfer/
2025-11-11 13:32:29,514 - __main__ - INFO - Progress: 2/35 URLs processed
2025-11-11 13:32:29,516 - __main__ - INFO - Cache hit for https://techpilot.ai/how-to-generate-domain-name-ideas-using-chatgpt/
2025-11-11 13:32:29,524 - __main__ - INFO - Progress: 3/35 URLs processed
2025-11-11 13:32:29,524 - __main__ - INFO - Cache hit for https://kreafolk.com/blogs/news/how-digital-communities-inspire-creative-problem-solving
2025-11-11 13:32:29,526 - __main__ - INFO - Progress: 4/35 URLs processed
2025-11-11 13:32:29,528 - __main__ - INFO - Cache hit for https://softcircles.com/blog/clean-low-risk-domain-transfer
2025-11-11 13:32:29,531 - __main__ - INFO - Progress: 5/35 URLs processed
2025-11-11 13:32:29,534 - __main__ - INFO - Cache hit for https://www.technology.org/2025/08/29/understanding-domains-and-websites-essential-knowledge-for-your-online-presence/
2025-11-11 13:32:29,540 - __main__ - WARNING - Basic failed for https://www.technology.org/2025/08/29/understanding-domains-and-websites-essential-knowledge-for-your-online-presence/, trying Selenium...
2025-11-11 13:32:29,542 - WDM - INFO - ====== WebDriver manager ======
2025-11-11 13:32:34,577 - WDM - INFO - Get LATEST chromedriver version for google-chrome
2025-11-11 13:32:35,134 - WDM - INFO - About to download new driver from https://chromedriver.storage.googleapis.com/114.0.5735.90/chromedriver_win32.zip
2025-11-11 13:32:35,344 - WDM - INFO - Driver downloading response is 200
2025-11-11 13:32:43,258 - WDM - INFO - Get LATEST chromedriver version for google-chrome
2025-11-11 13:32:43,567 - __main__ - ERROR - Selenium error for https://www.technology.org/2025/08/29/understanding-domains-and-websites-essential-knowledge-for-your-online-presence/: Expecting value: line 1 column 1 (char 0)
2025-11-11 13:32:43,567 - __main__ - ERROR - All methods failed for https://www.technology.org/2025/08/29/understanding-domains-and-websites-essential-knowledge-for-your-online-presence/
2025-11-11 13:32:43,567 - __main__ - INFO - Progress: 6/35 URLs processed
2025-11-11 13:32:43,567 - __main__ - INFO - Cache hit for https://deliberatedirections.com/transform-idea-into-online-store/
2025-11-11 13:32:43,567 - __main__ - INFO - Progress: 7/35 URLs processed
2025-11-11 13:32:43,567 - __main__ - INFO - Cache hit for https://www.get.inc/blog/juice-bar-businesss-name-ideas
2025-11-11 13:32:43,574 - __main__ - INFO - Progress: 8/35 URLs processed
2025-11-11 13:32:43,574 - __main__ - INFO - Cache hit for https://www.under30ceo.com/domain-registrars/
2025-11-11 13:32:43,576 - __main__ - INFO - Progress: 9/35 URLs processed
2025-11-11 13:32:43,577 - __main__ - INFO - Cache hit for https://get.it.com/blog/common-domain-buying-mistakes-and-how-to-avoid-them/
2025-11-11 13:32:43,578 - __main__ - INFO - Progress: 10/35 URLs processed
2025-11-11 13:32:43,578 - __main__ - INFO - Cache hit for https://lform.com/blog/post/building-trust-online-why-a-custom-domain-name-matters-for-b2b-manufacturers/
2025-11-11 13:32:43,581 - __main__ - INFO - Progress: 11/35 URLs processed
2025-11-11 13:32:43,581 - __main__ - INFO - Cache hit for https://www.tmcnet.com/topics/articles/2025/08/28/462697-mapping-brands-online-identity-what-every-tech-leader.htm
2025-11-11 13:32:43,581 - __main__ - WARNING - Basic failed for https://www.tmcnet.com/topics/articles/2025/08/28/462697-mapping-brands-online-identity-what-every-tech-leader.htm, trying Selenium...
2025-11-11 13:32:43,581 - WDM - INFO - ====== WebDriver manager ======
2025-11-11 13:32:47,055 - WDM - INFO - Get LATEST chromedriver version for google-chrome
2025-11-11 13:32:47,246 - WDM - INFO - About to download new driver from https://chromedriver.storage.googleapis.com/114.0.5735.90/chromedriver_win32.zip
2025-11-11 13:32:47,446 - WDM - INFO - Driver downloading response is 200
2025-11-11 13:32:53,574 - WDM - INFO - Get LATEST chromedriver version for google-chrome
2025-11-11 13:32:53,902 - __main__ - ERROR - Selenium error for https://www.tmcnet.com/topics/articles/2025/08/28/462697-mapping-brands-online-identity-what-every-tech-leader.htm: Expecting value: line 1 column 1 (char 0)
2025-11-11 13:32:53,903 - __main__ - ERROR - All methods failed for https://www.tmcnet.com/topics/articles/2025/08/28/462697-mapping-brands-online-identity-what-every-tech-leader.htm
2025-11-11 13:32:53,905 - __main__ - INFO - Progress: 12/35 URLs processed
2025-11-11 13:32:53,905 - __main__ - INFO - Cache hit for https://www.webpronews.com/domain-transfers-seo/
2025-11-11 13:32:53,906 - __main__ - INFO - Progress: 13/35 URLs processed
2025-11-11 13:32:53,906 - __main__ - INFO - Cache hit for https://www.startmotionmedia.com/expert-insights-on-domain-name-acquisition-strategies/
2025-11-11 13:32:53,907 - __main__ - INFO - Progress: 14/35 URLs processed
2025-11-11 13:32:53,907 - __main__ - INFO - Cache hit for https://quickref.me/blog/email-api-how-to-send-emails-for-free/
2025-11-11 13:32:53,909 - __main__ - INFO - Progress: 15/35 URLs processed
2025-11-11 13:32:53,910 - __main__ - INFO - Cache hit for https://www.techloy.com/domain-flipping-your-2025-guide-to-digital-real-estate-profits/
2025-11-11 13:32:53,910 - __main__ - INFO - Progress: 16/35 URLs processed
2025-11-11 13:32:53,912 - __main__ - INFO - Cache hit for https://deliberatedirections.com/domain-names-vs-websites-most-people-get-this-wrong/
2025-11-11 13:32:53,913 - __main__ - WARNING - Basic failed for https://deliberatedirections.com/domain-names-vs-websites-most-people-get-this-wrong/, trying Selenium...
2025-11-11 13:32:53,913 - WDM - INFO - ====== WebDriver manager ======
2025-11-11 13:32:57,857 - WDM - INFO - Get LATEST chromedriver version for google-chrome
2025-11-11 13:32:58,072 - WDM - INFO - About to download new driver from https://chromedriver.storage.googleapis.com/114.0.5735.90/chromedriver_win32.zip
2025-11-11 13:32:58,270 - WDM - INFO - Driver downloading response is 200
2025-11-11 13:33:06,763 - WDM - INFO - Get LATEST chromedriver version for google-chrome
2025-11-11 13:33:07,345 - __main__ - ERROR - Selenium error for https://deliberatedirections.com/domain-names-vs-websites-most-people-get-this-wrong/: Expecting value: line 1 column 1 (char 0)
2025-11-11 13:33:07,345 - __main__ - ERROR - All methods failed for https://deliberatedirections.com/domain-names-vs-websites-most-people-get-this-wrong/
2025-11-11 13:33:07,345 - __main__ - INFO - Progress: 17/35 URLs processed
2025-11-11 13:33:07,345 - __main__ - INFO - Cache hit for https://www.nogentech.org/leveraging-expired-domains-for-seo-success-tips-and-techniques/
2025-11-11 13:33:07,351 - __main__ - INFO - Progress: 18/35 URLs processed
2025-11-11 13:33:07,351 - __main__ - INFO - Cache hit for https://gracethemes.com/why-every-developer-should-use-a-staging-site-for-wordpress-development/
2025-11-11 13:33:07,353 - __main__ - INFO - Progress: 19/35 URLs processed
2025-11-11 13:33:07,354 - __main__ - INFO - Cache hit for https://www.my.locker/blogs/digital-identity-evolving-with-web3-domains
2025-11-11 13:33:07,356 - __main__ - INFO - Progress: 20/35 URLs processed
2025-11-11 13:33:07,356 - __main__ - INFO - Cache hit for https://enstinemuki.com/mistakes-to-avoid-while-using-expired-domains/
2025-11-11 13:33:07,358 - __main__ - INFO - Progress: 21/35 URLs processed
2025-11-11 13:33:07,360 - __main__ - INFO - Cache hit for https://thefutureofthings.com/11773-cheap-domain-hosting-worth-cost/
2025-11-11 13:33:07,364 - __main__ - INFO - Progress: 22/35 URLs processed
2025-11-11 13:33:07,364 - __main__ - INFO - Cache hit for https://businessabc.net/seo-strategy-what-s-the-ultimate-plan
2025-11-11 13:33:07,367 - __main__ - INFO - Progress: 23/35 URLs processed
2025-11-11 13:33:07,371 - __main__ - INFO - Cache hit for https://softcircles.com/blog/website-terminology-top-essential-terms-for-your-web-project
2025-11-11 13:33:07,372 - __main__ - INFO - Progress: 24/35 URLs processed
2025-11-11 13:33:07,374 - __main__ - INFO - Cache hit for https://globalgurus.org/5-strategies-for-acquiring-valuable-deleted-domains-in-todays-market/
2025-11-11 13:33:07,374 - __main__ - INFO - Progress: 25/35 URLs processed
2025-11-11 13:33:07,375 - __main__ - INFO - Cache hit for https://thebetterwebmovement.com/how-to-analyze-expired-domains-growth-potential/
2025-11-11 13:33:07,380 - __main__ - INFO - Progress: 26/35 URLs processed
2025-11-11 13:33:07,380 - __main__ - INFO - Cache hit for https://www.motocms.com/blog/en/how-to-implement-dynamic-content-for-a-personalized-website-experience/amp/?srsltid=AfmBOoqAgOS568CyF2ksda3kI_
2025-11-11 13:33:07,381 - __main__ - INFO - Progress: 27/35 URLs processed
2025-11-11 13:33:07,383 - __main__ - INFO - Cache hit for https://businessabc.net/domain-vs-website-what-every-startup-actually-needs-to-know
2025-11-11 13:33:07,386 - __main__ - INFO - Progress: 28/35 URLs processed
2025-11-11 13:33:07,386 - __main__ - INFO - Cache hit for https://www.mefoto.com/engaging-ways-to-share-photography-journey/
2025-11-11 13:33:07,390 - __main__ - INFO - Progress: 29/35 URLs processed
2025-11-11 13:33:07,391 - __main__ - INFO - Cache hit for https://www.oflox.com/blog/how-to-find-expired-domains/
2025-11-11 13:33:07,393 - __main__ - INFO - Progress: 30/35 URLs processed
2025-11-11 13:33:07,394 - __main__ - INFO - Cache hit for https://dynadot.com/
2025-11-11 13:33:07,397 - __main__ - INFO - Progress: 31/35 URLs processed
2025-11-11 13:33:07,398 - __main__ - INFO - Cache hit for https://quickref.me/blog/domain-vs-website-the-complete-guide-to-understanding-the-digital-foundation/
2025-11-11 13:33:07,400 - __main__ - INFO - Progress: 32/35 URLs processed
2025-11-11 13:33:07,402 - __main__ - INFO - Cache hit for https://droitthemes.com/how-businesses-can-leverage-modern-domain-name-trends/
2025-11-11 13:33:07,404 - __main__ - INFO - Progress: 33/35 URLs processed
2025-11-11 13:33:07,406 - __main__ - INFO - Cache hit for https://theceoviews.com/current-trends-in-security-domain/
2025-11-11 13:33:07,407 - __main__ - INFO - Progress: 34/35 URLs processed
2025-11-11 13:33:07,408 - __main__ - INFO - Cache hit for https://www.under30ceo.com/build-a-business-website/
2025-11-11 13:33:07,412 - __main__ - INFO - Progress: 35/35 URLs processed
2025-11-11 13:33:15,766 - __main__ - INFO - Bulk complete: 34 results
2025-11-11 13:33:15,969 - __main__ - INFO - Gemini connected
2025-11-11 13:34:46,468 - __main__ - INFO - Gemini connected
